Add Component: Footprint Not Found SOT-23-OT6_M
Add Component: Footprint Not Found PCB-u3hgvlwbh1fojz4efx6r-1
Add Component: Footprint Not Found PCB-u3zw0tki9uf6kmg31iqn-1
Add Component: Footprint Not Found PCBComponent_1
Add Component: Footprint Not Found LGA-12
Add Component: Footprint Not Found LGA
Add Component: Footprint Not Found PCB-rnv6v97ozil7y8g0pmlh-1
Add Component: Footprint Not Found PCB-rnv6v97ozil7y8g0pmlh-1
Add Component: Footprint Not Found PCB-rnv6v97ozil7y8g0pmlh-1
Add Component: Footprint Not Found PCB-rnv6v97ozil7y8g0pmlh-1
Add Component: Footprint Not Found PCB-a41llqp6xpt8gy62f2hk-1
Add Component: Footprint Not Found PCB-4i05r4rk4159wp88m495-1
Add Component: Footprint Not Found PCBComponent_1
Add Component: Footprint Not Found CAPC1005X55X25ML05T10
Add Component: Footprint Not Found PCB-b20vf2gkp97cr3yguehn-1
Add Component: Footprint Not Found PCB-lttyq4g1lvuzst7phzli-1
Add Component: Footprint Not Found CAPC1005X55X30ML05T10
Add Component: Footprint Not Found CAPC1005X60X30LL05T10
Add Component: Footprint Not Found PCB-lttyq4g1lvuzst7phzli-1
Add Component: Footprint Not Found PCB-lttyq4g1lvuzst7phzli-1
Add Component: Footprint Not Found PCB-4i05r4rk4159wp88m495-1
Add Component: Footprint Not Found PCB-4i05r4rk4159wp88m495-1
Add Component: Footprint Not Found PCB-4i05r4rk4159wp88m495-1
Add Component: Footprint Not Found PCB-4i05r4rk4159wp88m495-1
Add Component: Footprint Not Found PCB-2o8y9rvhkwcvfcailoy7-1
Add Component: Footprint Not Found PCB-2o8y9rvhkwcvfcailoy7-1
Add Component: Footprint Not Found PCB-4i05r4rk4159wp88m495-1
Add Component: Footprint Not Found PCB-4i05r4rk4159wp88m495-1
Add Component: Footprint Not Found PCB-igt9wm9mf6kdh4ygcups-1
Add Component: Footprint Not Found Samsung CL05A224KO5NNNC-Footprint-1
Add Component: Footprint Not Found PCB-lttyq4g1lvuzst7phzli-1
Add Component: Footprint Not Found PCB-4i05r4rk4159wp88m495-1
Add Component: Footprint Not Found PCB-9qymwl9t0y1bq7iwb9rx-1
Add Component: Footprint Not Found PCB-lttyq4g1lvuzst7phzli-1
Add Component: Footprint Not Found PCB-4i05r4rk4159wp88m495-1
Add Component: Footprint Not Found CAPC1005X55X25NL05T10
Add Component: Footprint Not Found PCB-b20vf2gkp97cr3yguehn-1
Add Component: Footprint Not Found CAPC1005X56X25NL10T15
Add Component: Footprint Not Found PCB-b20vf2gkp97cr3yguehn-1
Add Component: Footprint Not Found PCB-wc38oeditvpn9r3qsjf8-1
Add Component: Footprint Not Found PCB-wc38oeditvpn9r3qsjf8-1
Add Component: Footprint Not Found CAPC1005X56X25NL10T15
Add Component: Footprint Not Found PCBComponent_1
Add Component: Footprint Not Found CAPC1005X55X25LL05T10
Add Component: Footprint Not Found CAPC1005X55X25LL05T10
Add Component: Footprint Not Found CAPC1005X55X25NL05T10
Add Component: Footprint Not Found CAPC1005X56X25NL10T15
Add Component: Footprint Not Found CAPC1005X55X25ML05T10
Add Component: Footprint Not Found CAPC1005X55X25NL05T10
Add Component: Footprint Not Found CAPC1005X56X25NL10T15
Add Component: Footprint Not Found CAPC1005X55X25LL05T10
Add Component: Footprint Not Found CAPC1005X55X25LL05T10
Add Component: Footprint Not Found PCB-b20vf2gkp97cr3yguehn-1
Add Component: Footprint Not Found PCB-8tuutlkq7p1aj3t2dfdp-1
Add Component: Footprint Not Found PCB-4i05r4rk4159wp88m495-1
Add Component: Footprint Not Found CAPC1005X55X25NL05T10
Add Component: Footprint Not Found CAPC1005X55X25NL05T10
Add Component: Footprint Not Found CAPC1005X56X25NL10T15
Add Component: Footprint Not Found CAPC0603X33X15NL03T05
Add Component: Footprint Not Found CAPC1005X55X25LL05T10
Add Component: Footprint Not Found PCB-2968744-2
Add Component: Footprint Not Found PixArt PAT9125EL-TKIT-Footprint-1
Add Component: Footprint Not Found ONSC-SOD-123-2-425-04_V
Add Component: Footprint Not Found ONSC-SOD-123-2-425-04_V
Add Component: Footprint Not Found ONSC-SOD-123-2-425-04_V
Add Component: Footprint Not Found LED-0402
Add Component: Footprint Not Found LED-0402
Add Component: Footprint Not Found New footprint 1
Add Component: Footprint Not Found PCB-i0ipgkgimgjttn9ruy0i-1
Add Component: Footprint Not Found MXIC-USON-8_V
Add Component: Footprint Not Found PCB-golsi5rrai9s3p77h0ow-1
Add Component: Footprint Not Found PCB-zuuv2u5tezfwori2z0s2-1
Add Component: Footprint Not Found PCB-crnfwttg3wkipbuqaprv-1
Add Component: Footprint Not Found CAPC1005X60X30LL05T10
Add Component: Footprint Not Found CAPC1005X60X30LL05T10
Add Component: Footprint Not Found INDC1005X06N
Add Component: Footprint Not Found PCB-4fmjq88xgxe0pf6g45vt-1
Add Component: Footprint Not Found NXP Semiconductors PN5180A0HN_C1E-Footprint-1
Add Component: Footprint Not Found PCB-89oypsq879wwpt3swtto-1
Add Component: Footprint Not Found PCB-5g2cap63tq137py3r0gr-1
Add Component: Footprint Not Found PCB-fvln992s2sfnqnba174z-1
Add Component: Footprint Not Found ONSC-SOT-363-6-419B-02_W_V
Add Component: Footprint Not Found PCB-wwee15y6zmt5extocly2-1
Add Component: Footprint Not Found PCB-mndh2ao1q7oim2ifpjxf-1
Add Component: Footprint Not Found Yageo RC0402FR-070RL-Footprint-2
Add Component: Footprint Not Found Yageo RC0402FR-070RL-Footprint-2
Add Component: Footprint Not Found Yageo RC0402FR-070RL-Footprint-2
Add Component: Footprint Not Found RESC1005X40X25ML05T10
Add Component: Footprint Not Found RESC1005X40X25ML05T10
Add Component: Footprint Not Found RESC1005X37X25LL05T10
Add Component: Footprint Not Found RESC1005X37X25NL05T10
Add Component: Footprint Not Found RESC1005X37X25NL05T10
Add Component: Footprint Not Found PCB-1tvcz1kgsq38xqp5t8gc-1
Add Component: Footprint Not Found RESC1005X40X25ML05T05
Add Component: Footprint Not Found RESC3116X65X40NL10T20
Add Component: Footprint Not Found RESC1005X40X25ML10T10
Add Component: Footprint Not Found RESC1005X40X25ML05T10
Add Component: Footprint Not Found RESC1005X40X25ML05T10
Add Component: Footprint Not Found RESC1005X40X25ML05T10
Add Component: Footprint Not Found RESC1005X37X25NL05T10
Add Component: Footprint Not Found RESC1005X37X25LL05T10
Add Component: Footprint Not Found RESC1005X37X25LL05T10
Add Component: Footprint Not Found RESC1005X40X20NL05T10
Add Component: Footprint Not Found RESC1005X37X25LL05T10
Add Component: Footprint Not Found Yageo RC0402FR-070RL-Footprint-2
Add Component: Footprint Not Found Yageo RC0402FR-070RL-Footprint-2
Add Component: Footprint Not Found RESC1005X40X25NL05T10
Add Component: Footprint Not Found 0402R
Add Component: Footprint Not Found 0402R
Add Component: Footprint Not Found RESC1005X40X25NL05T10
Add Component: Footprint Not Found RESC1005X40X25NL05T10
Add Component: Footprint Not Found RESC1005X40X25NL05T10
Add Component: Footprint Not Found RESC1005X40X25NL05T10
Add Component: Footprint Not Found RESC1005X40X25LL10T10
Add Component: Footprint Not Found RESC1005X40X25ML10T10
Add Component: Footprint Not Found RESC1005X40X25LL10T10
Add Component: Footprint Not Found PCB-h91j38j7fiz7nduy8522-1
Add Component: Footprint Not Found PCB-mkdigkdyo5adg2mbgdfg-1
Add Component: Footprint Not Found SOIC-SN8_M
Add Component: Footprint Not Found PCB-9lguhjxtz3hxtv6sow1n-1
Add Component: Footprint Not Found PCB-9lguhjxtz3hxtv6sow1n-1
Add Component: Footprint Not Found pbga529_0p8mm
Add Component: Footprint Not Found RF360 Holdings B39162B4327P810-Footprint-1
Add Component: Footprint Not Found pbga529_0p8mm
Add Component: Footprint Not Found pbga529_0p8mm
Add Component: Footprint Not Found QFN50P500X500X100_HS-29N
Add Component: Footprint Not Found pbga529_0p8mm
Add Component: Footprint Not Found PCB-zah3is8l8nrgpohakmjs-1
Add Component: Footprint Not Found pbga529_0p8mm
Add Component: Footprint Not Found pbga529_0p8mm
Add Component: Footprint Not Found OLGA14
Add Component: Footprint Not Found pbga529_0p8mm
Add Component: Footprint Not Found SOT-23-3
Add Component: Footprint Not Found pbga529_0p8mm
Add Component: Footprint Not Found TI-DCK5_V
Add Component: Footprint Not Found pbga529_0p8mm
Add Component: Footprint Not Found MF05A_L
Add Component: Footprint Not Found pbga529_0p8mm
Add Component: Footprint Not Found pbga529_0p8mm
Add Component: Footprint Not Found pbga529_0p8mm
Add Component: Footprint Not Found DFN160P250X80-4N
Add Component: Footprint Not Found PCB-56e43dtnb7esksvnne1a-1
Add Pin To Net: Unknown Pin: Pin *-1
Add Pin To Net: Unknown Pin: Pin *-1
Add Pin To Net: Unknown Pin: Pin *-2
Add Pin To Net: Unknown Pin: Pin *-5
Add Pin To Net: Unknown Pin: Pin *-6
Add Pin To Net: Unknown Pin: Pin *-6
Add Pin To Net: Unknown Pin: Pin *-7
Add Pin To Net: Unknown Pin: Pin *-8
Add Pin To Net: Unknown Pin: Pin *-10
Add Pin To Net: Unknown Pin: Pin *-11
Add Pin To Net: Unknown Pin: Pin *-12
Add Pin To Net: Unknown Pin: Pin *-13
Add Pin To Net: Unknown Pin: Pin *-14
Add Pin To Net: Unknown Pin: Pin *-16
Add Pin To Net: Unknown Pin: Pin *-17
Add Pin To Net: Unknown Pin: Pin 10p-2
Add Pin To Net: Unknown Pin: Pin 10p-3
Add Pin To Net: Unknown Pin: Pin 10p-6
Add Pin To Net: Unknown Pin: Pin 10p-7
Add Pin To Net: Unknown Pin: Pin 10p-9
Add Pin To Net: Unknown Pin: Pin 24p-1
Add Pin To Net: Unknown Pin: Pin 24p-2
Add Pin To Net: Unknown Pin: Pin 24p-3
Add Pin To Net: Unknown Pin: Pin 24p-4
Add Pin To Net: Unknown Pin: Pin 24p-5
Add Pin To Net: Unknown Pin: Pin 24p-6
Add Pin To Net: Unknown Pin: Pin 24p-7
Add Pin To Net: Unknown Pin: Pin 24p-8
Add Pin To Net: Unknown Pin: Pin 24p-9
Add Pin To Net: Unknown Pin: Pin 24p-10
Add Pin To Net: Unknown Pin: Pin 24p-11
Add Pin To Net: Unknown Pin: Pin 24p-12
Add Pin To Net: Unknown Pin: Pin 24p-13
Add Pin To Net: Unknown Pin: Pin 24p-14
Add Pin To Net: Unknown Pin: Pin 24p-15
Add Pin To Net: Unknown Pin: Pin 24p-16
Add Pin To Net: Unknown Pin: Pin 24p-23
Add Pin To Net: Unknown Pin: Pin 24p-24
Add Pin To Net: Unknown Pin: Pin Axis-1
Add Pin To Net: Unknown Pin: Pin Axis-2
Add Pin To Net: Unknown Pin: Pin Axis-6
Add Pin To Net: Unknown Pin: Pin Axis-7
Add Pin To Net: Unknown Pin: Pin Axis-8
Add Pin To Net: Unknown Pin: Pin Axis-9
Add Pin To Net: Unknown Pin: Pin Axis-10
Add Pin To Net: Unknown Pin: Pin Axis-12
Add Pin To Net: Unknown Pin: Pin Baro/Temp-1
Add Pin To Net: Unknown Pin: Pin Baro/Temp-2
Add Pin To Net: Unknown Pin: Pin Baro/Temp-3
Add Pin To Net: Unknown Pin: Pin Baro/Temp-4
Add Pin To Net: Unknown Pin: Pin Baro/Temp-5
Add Pin To Net: Unknown Pin: Pin Baro/Temp-6
Add Pin To Net: Unknown Pin: Pin Baro/Temp-7
Add Pin To Net: Unknown Pin: Pin Baro/Temp-8
Add Pin To Net: Unknown Pin: Pin C1-1
Add Pin To Net: Unknown Pin: Pin C1-2
Add Pin To Net: Unknown Pin: Pin C2-1
Add Pin To Net: Unknown Pin: Pin C2-2
Add Pin To Net: Unknown Pin: Pin C3-1
Add Pin To Net: Unknown Pin: Pin C3-2
Add Pin To Net: Unknown Pin: Pin C4-1
Add Pin To Net: Unknown Pin: Pin C4-2
Add Pin To Net: Unknown Pin: Pin C5-1
Add Pin To Net: Unknown Pin: Pin C5-2
Add Pin To Net: Unknown Pin: Pin C6-1
Add Pin To Net: Unknown Pin: Pin C6-2
Add Pin To Net: Unknown Pin: Pin C7-1
Add Pin To Net: Unknown Pin: Pin C7-2
Add Pin To Net: Unknown Pin: Pin C8-1
Add Pin To Net: Unknown Pin: Pin C8-2
Add Pin To Net: Unknown Pin: Pin C9-1
Add Pin To Net: Unknown Pin: Pin C9-2
Add Pin To Net: Unknown Pin: Pin C10-1
Add Pin To Net: Unknown Pin: Pin C10-2
Add Pin To Net: Unknown Pin: Pin C11-1
Add Pin To Net: Unknown Pin: Pin C11-2
Add Pin To Net: Unknown Pin: Pin C12-1
Add Pin To Net: Unknown Pin: Pin C12-2
Add Pin To Net: Unknown Pin: Pin C13-1
Add Pin To Net: Unknown Pin: Pin C13-2
Add Pin To Net: Unknown Pin: Pin C14-1
Add Pin To Net: Unknown Pin: Pin C14-2
Add Pin To Net: Unknown Pin: Pin C15-1
Add Pin To Net: Unknown Pin: Pin C15-2
Add Pin To Net: Unknown Pin: Pin C16-1
Add Pin To Net: Unknown Pin: Pin C16-2
Add Pin To Net: Unknown Pin: Pin C17-1
Add Pin To Net: Unknown Pin: Pin C17-2
Add Pin To Net: Unknown Pin: Pin C18-1
Add Pin To Net: Unknown Pin: Pin C18-2
Add Pin To Net: Unknown Pin: Pin C19-1
Add Pin To Net: Unknown Pin: Pin C19-2
Add Pin To Net: Unknown Pin: Pin C20-1
Add Pin To Net: Unknown Pin: Pin C20-2
Add Pin To Net: Unknown Pin: Pin C21-1
Add Pin To Net: Unknown Pin: Pin C21-2
Add Pin To Net: Unknown Pin: Pin C22-1
Add Pin To Net: Unknown Pin: Pin C22-2
Add Pin To Net: Unknown Pin: Pin C23-1
Add Pin To Net: Unknown Pin: Pin C23-2
Add Pin To Net: Unknown Pin: Pin C24-1
Add Pin To Net: Unknown Pin: Pin C24-2
Add Pin To Net: Unknown Pin: Pin C25-1
Add Pin To Net: Unknown Pin: Pin C25-2
Add Pin To Net: Unknown Pin: Pin C26-1
Add Pin To Net: Unknown Pin: Pin C26-2
Add Pin To Net: Unknown Pin: Pin C27-1
Add Pin To Net: Unknown Pin: Pin C27-2
Add Pin To Net: Unknown Pin: Pin C28-1
Add Pin To Net: Unknown Pin: Pin C28-2
Add Pin To Net: Unknown Pin: Pin C29-1
Add Pin To Net: Unknown Pin: Pin C29-2
Add Pin To Net: Unknown Pin: Pin C30-1
Add Pin To Net: Unknown Pin: Pin C30-2
Add Pin To Net: Unknown Pin: Pin C31-1
Add Pin To Net: Unknown Pin: Pin C31-2
Add Pin To Net: Unknown Pin: Pin C32-1
Add Pin To Net: Unknown Pin: Pin C32-2
Add Pin To Net: Unknown Pin: Pin C33-1
Add Pin To Net: Unknown Pin: Pin C33-2
Add Pin To Net: Unknown Pin: Pin C34-1
Add Pin To Net: Unknown Pin: Pin C34-2
Add Pin To Net: Unknown Pin: Pin C35-1
Add Pin To Net: Unknown Pin: Pin C35-2
Add Pin To Net: Unknown Pin: Pin C36-1
Add Pin To Net: Unknown Pin: Pin C36-2
Add Pin To Net: Unknown Pin: Pin C37-1
Add Pin To Net: Unknown Pin: Pin C37-2
Add Pin To Net: Unknown Pin: Pin C38-1
Add Pin To Net: Unknown Pin: Pin C38-2
Add Pin To Net: Unknown Pin: Pin C39-1
Add Pin To Net: Unknown Pin: Pin C39-2
Add Pin To Net: Unknown Pin: Pin C40-1
Add Pin To Net: Unknown Pin: Pin C40-2
Add Pin To Net: Unknown Pin: Pin C41-1
Add Pin To Net: Unknown Pin: Pin C41-2
Add Pin To Net: Unknown Pin: Pin C42-1
Add Pin To Net: Unknown Pin: Pin C42-2
Add Pin To Net: Unknown Pin: Pin C43-1
Add Pin To Net: Unknown Pin: Pin C43-2
Add Pin To Net: Unknown Pin: Pin C44-1
Add Pin To Net: Unknown Pin: Pin C44-2
Add Pin To Net: Unknown Pin: Pin C45-1
Add Pin To Net: Unknown Pin: Pin C45-2
Add Pin To Net: Unknown Pin: Pin C46-1
Add Pin To Net: Unknown Pin: Pin C46-2
Add Pin To Net: Unknown Pin: Pin C47-1
Add Pin To Net: Unknown Pin: Pin C47-2
Add Pin To Net: Unknown Pin: Pin C48-1
Add Pin To Net: Unknown Pin: Pin C48-2
Add Pin To Net: Unknown Pin: Pin C49-1
Add Pin To Net: Unknown Pin: Pin C49-2
Add Pin To Net: Unknown Pin: Pin C50-1
Add Pin To Net: Unknown Pin: Pin C50-2
Add Pin To Net: Unknown Pin: Pin C51-1
Add Pin To Net: Unknown Pin: Pin C51-2
Add Pin To Net: Unknown Pin: Pin C52-1
Add Pin To Net: Unknown Pin: Pin C52-2
Add Pin To Net: Unknown Pin: Pin C53-1
Add Pin To Net: Unknown Pin: Pin C53-2
Add Pin To Net: Unknown Pin: Pin C54-1
Add Pin To Net: Unknown Pin: Pin C54-2
Add Pin To Net: Unknown Pin: Pin Compass-1
Add Pin To Net: Unknown Pin: Pin Compass-2
Add Pin To Net: Unknown Pin: Pin Compass-4
Add Pin To Net: Unknown Pin: Pin Compass-8
Add Pin To Net: Unknown Pin: Pin Compass-9
Add Pin To Net: Unknown Pin: Pin Compass-10
Add Pin To Net: Unknown Pin: Pin Compass-11
Add Pin To Net: Unknown Pin: Pin Compass-12
Add Pin To Net: Unknown Pin: Pin Compass-13
Add Pin To Net: Unknown Pin: Pin Compass-16
Add Pin To Net: Unknown Pin: Pin Crown-Motion
Add Pin To Net: Unknown Pin: Pin Crown-NCS/ID_SEL
Add Pin To Net: Unknown Pin: Pin Crown-SCLK/SCL
Add Pin To Net: Unknown Pin: Pin Crown-SDIO/SDA
Add Pin To Net: Unknown Pin: Pin Crown-VDDA
Add Pin To Net: Unknown Pin: Pin Crown-VDD
Add Pin To Net: Unknown Pin: Pin Crown-VLD
Add Pin To Net: Unknown Pin: Pin Crown-VSS
Add Pin To Net: Unknown Pin: Pin D1-1
Add Pin To Net: Unknown Pin: Pin D1-2
Add Pin To Net: Unknown Pin: Pin D2-1
Add Pin To Net: Unknown Pin: Pin D2-2
Add Pin To Net: Unknown Pin: Pin D3-1
Add Pin To Net: Unknown Pin: Pin D3-2
Add Pin To Net: Unknown Pin: Pin D+-A
Add Pin To Net: Unknown Pin: Pin D+-C
Add Pin To Net: Unknown Pin: Pin D--A
Add Pin To Net: Unknown Pin: Pin D--C
Add Pin To Net: Unknown Pin: Pin ECG-+IN
Add Pin To Net: Unknown Pin: Pin ECG-+Vs
Add Pin To Net: Unknown Pin: Pin ECG--IN
Add Pin To Net: Unknown Pin: Pin ECG-AC/DC
Add Pin To Net: Unknown Pin: Pin ECG-FR
Add Pin To Net: Unknown Pin: Pin ECG-GND
Add Pin To Net: Unknown Pin: Pin ECG-HPDRIVE
Add Pin To Net: Unknown Pin: Pin ECG-HPSENSE
Add Pin To Net: Unknown Pin: Pin ECG-IAOUT
Add Pin To Net: Unknown Pin: Pin ECG-OPAMP+
Add Pin To Net: Unknown Pin: Pin ECG-OPAMP-
Add Pin To Net: Unknown Pin: Pin ECG-OUT
Add Pin To Net: Unknown Pin: Pin ECG-REFIN
Add Pin To Net: Unknown Pin: Pin ECG-RLDFB
Add Pin To Net: Unknown Pin: Pin ECG-RLD
Add Pin To Net: Unknown Pin: Pin ECG-SDN
Add Pin To Net: Unknown Pin: Pin ESP-32-1
Add Pin To Net: Unknown Pin: Pin ESP-32-2
Add Pin To Net: Unknown Pin: Pin ESP-32-3
Add Pin To Net: Unknown Pin: Pin ESP-32-4
Add Pin To Net: Unknown Pin: Pin ESP-32-9
Add Pin To Net: Unknown Pin: Pin ESP-32-12
Add Pin To Net: Unknown Pin: Pin ESP-32-13
Add Pin To Net: Unknown Pin: Pin ESP-32-14
Add Pin To Net: Unknown Pin: Pin ESP-32-15
Add Pin To Net: Unknown Pin: Pin ESP-32-16
Add Pin To Net: Unknown Pin: Pin ESP-32-18
Add Pin To Net: Unknown Pin: Pin ESP-32-19
Add Pin To Net: Unknown Pin: Pin ESP-32-20
Add Pin To Net: Unknown Pin: Pin ESP-32-22
Add Pin To Net: Unknown Pin: Pin ESP-32-23
Add Pin To Net: Unknown Pin: Pin ESP-32-24
Add Pin To Net: Unknown Pin: Pin ESP-32-25
Add Pin To Net: Unknown Pin: Pin ESP-32-26
Add Pin To Net: Unknown Pin: Pin ESP-32-27
Add Pin To Net: Unknown Pin: Pin ESP-32-28
Add Pin To Net: Unknown Pin: Pin ESP-32-29
Add Pin To Net: Unknown Pin: Pin ESP-32-30
Add Pin To Net: Unknown Pin: Pin ESP-32-31
Add Pin To Net: Unknown Pin: Pin ESP-32-32
Add Pin To Net: Unknown Pin: Pin ESP-32-33
Add Pin To Net: Unknown Pin: Pin ESP-32-34
Add Pin To Net: Unknown Pin: Pin ESP-32-35
Add Pin To Net: Unknown Pin: Pin ESP-32-38
Add Pin To Net: Unknown Pin: Pin ESP-32-40
Add Pin To Net: Unknown Pin: Pin ESP-32-41
Add Pin To Net: Unknown Pin: Pin ESP-32-42
Add Pin To Net: Unknown Pin: Pin ESP-32-44
Add Pin To Net: Unknown Pin: Pin ESP-32-45
Add Pin To Net: Unknown Pin: Pin ESP-32-49
Add Pin To Net: Unknown Pin: Pin Flash-1
Add Pin To Net: Unknown Pin: Pin Flash-2
Add Pin To Net: Unknown Pin: Pin Flash-3
Add Pin To Net: Unknown Pin: Pin Flash-4
Add Pin To Net: Unknown Pin: Pin Flash-5
Add Pin To Net: Unknown Pin: Pin Flash-6
Add Pin To Net: Unknown Pin: Pin Flash-7
Add Pin To Net: Unknown Pin: Pin Flash-8
Add Pin To Net: Unknown Pin: Pin J1-1
Add Pin To Net: Unknown Pin: Pin J1-2
Add Pin To Net: Unknown Pin: Pin J2-B1
Add Pin To Net: Unknown Pin: Pin J2-B4
Add Pin To Net: Unknown Pin: Pin J2-B6
Add Pin To Net: Unknown Pin: Pin J2-B7
Add Pin To Net: Unknown Pin: Pin J2-B9
Add Pin To Net: Unknown Pin: Pin J2-B12
Add Pin To Net: Unknown Pin: Pin L1-1
Add Pin To Net: Unknown Pin: Pin L1-2
Add Pin To Net: Unknown Pin: Pin L2-1
Add Pin To Net: Unknown Pin: Pin L2-2
Add Pin To Net: Unknown Pin: Pin L3-1
Add Pin To Net: Unknown Pin: Pin L3-2
Add Pin To Net: Unknown Pin: Pin L4-1
Add Pin To Net: Unknown Pin: Pin L4-2
Add Pin To Net: Unknown Pin: Pin L5-1
Add Pin To Net: Unknown Pin: Pin L5-2
Add Pin To Net: Unknown Pin: Pin NFC-ANT1
Add Pin To Net: Unknown Pin: Pin NFC-ANT2
Add Pin To Net: Unknown Pin: Pin NFC-AVDD
Add Pin To Net: Unknown Pin: Pin NFC-CLK1
Add Pin To Net: Unknown Pin: Pin NFC-CLK2
Add Pin To Net: Unknown Pin: Pin NFC-DVDD
Add Pin To Net: Unknown Pin: Pin NFC-MISO
Add Pin To Net: Unknown Pin: Pin NFC-MOSI
Add Pin To Net: Unknown Pin: Pin NFC-NSS
Add Pin To Net: Unknown Pin: Pin NFC-PVDD
Add Pin To Net: Unknown Pin: Pin NFC-PVSS
Add Pin To Net: Unknown Pin: Pin NFC-SCK
Add Pin To Net: Unknown Pin: Pin NFC-TVSS
Add Pin To Net: Unknown Pin: Pin NFC-TX1
Add Pin To Net: Unknown Pin: Pin NFC-TX2
Add Pin To Net: Unknown Pin: Pin NFC-VBAT
Add Pin To Net: Unknown Pin: Pin NFC-VDD
Add Pin To Net: Unknown Pin: Pin NFC-VDHF
Add Pin To Net: Unknown Pin: Pin NFC-VMID
Add Pin To Net: Unknown Pin: Pin NFC-VSS
Add Pin To Net: Unknown Pin: Pin P1-1
Add Pin To Net: Unknown Pin: Pin P1-2
Add Pin To Net: Unknown Pin: Pin P2-1
Add Pin To Net: Unknown Pin: Pin P2-2
Add Pin To Net: Unknown Pin: Pin P3-1
Add Pin To Net: Unknown Pin: Pin P3-2
Add Pin To Net: Unknown Pin: Pin Q1-1
Add Pin To Net: Unknown Pin: Pin Q1-2
Add Pin To Net: Unknown Pin: Pin Q1-3
Add Pin To Net: Unknown Pin: Pin Q1-4
Add Pin To Net: Unknown Pin: Pin Q1-5
Add Pin To Net: Unknown Pin: Pin Q1-6
Add Pin To Net: Unknown Pin: Pin Q2-1
Add Pin To Net: Unknown Pin: Pin Q2-2
Add Pin To Net: Unknown Pin: Pin Q2-3
Add Pin To Net: Unknown Pin: Pin Q3-1
Add Pin To Net: Unknown Pin: Pin Q3-2
Add Pin To Net: Unknown Pin: Pin Q3-3
Add Pin To Net: Unknown Pin: Pin R1-1
Add Pin To Net: Unknown Pin: Pin R1-2
Add Pin To Net: Unknown Pin: Pin R2-1
Add Pin To Net: Unknown Pin: Pin R2-2
Add Pin To Net: Unknown Pin: Pin R3-1
Add Pin To Net: Unknown Pin: Pin R3-2
Add Pin To Net: Unknown Pin: Pin R4-1
Add Pin To Net: Unknown Pin: Pin R4-2
Add Pin To Net: Unknown Pin: Pin R5-1
Add Pin To Net: Unknown Pin: Pin R5-2
Add Pin To Net: Unknown Pin: Pin R6-1
Add Pin To Net: Unknown Pin: Pin R6-2
Add Pin To Net: Unknown Pin: Pin R7-1
Add Pin To Net: Unknown Pin: Pin R7-2
Add Pin To Net: Unknown Pin: Pin R8-1
Add Pin To Net: Unknown Pin: Pin R8-2
Add Pin To Net: Unknown Pin: Pin R9-1
Add Pin To Net: Unknown Pin: Pin R9-2
Add Pin To Net: Unknown Pin: Pin R10-1
Add Pin To Net: Unknown Pin: Pin R10-2
Add Pin To Net: Unknown Pin: Pin R11-1
Add Pin To Net: Unknown Pin: Pin R11-2
Add Pin To Net: Unknown Pin: Pin R12-1
Add Pin To Net: Unknown Pin: Pin R12-2
Add Pin To Net: Unknown Pin: Pin R13-1
Add Pin To Net: Unknown Pin: Pin R13-2
Add Pin To Net: Unknown Pin: Pin R14-1
Add Pin To Net: Unknown Pin: Pin R14-2
Add Pin To Net: Unknown Pin: Pin R15-1
Add Pin To Net: Unknown Pin: Pin R15-2
Add Pin To Net: Unknown Pin: Pin R16-1
Add Pin To Net: Unknown Pin: Pin R16-2
Add Pin To Net: Unknown Pin: Pin R17-1
Add Pin To Net: Unknown Pin: Pin R17-2
Add Pin To Net: Unknown Pin: Pin R18-1
Add Pin To Net: Unknown Pin: Pin R18-2
Add Pin To Net: Unknown Pin: Pin R19-1
Add Pin To Net: Unknown Pin: Pin R19-2
Add Pin To Net: Unknown Pin: Pin R20-1
Add Pin To Net: Unknown Pin: Pin R20-2
Add Pin To Net: Unknown Pin: Pin R21-1
Add Pin To Net: Unknown Pin: Pin R21-2
Add Pin To Net: Unknown Pin: Pin R22-1
Add Pin To Net: Unknown Pin: Pin R22-2
Add Pin To Net: Unknown Pin: Pin R23-1
Add Pin To Net: Unknown Pin: Pin R23-2
Add Pin To Net: Unknown Pin: Pin R24-1
Add Pin To Net: Unknown Pin: Pin R24-2
Add Pin To Net: Unknown Pin: Pin R25-1
Add Pin To Net: Unknown Pin: Pin R25-2
Add Pin To Net: Unknown Pin: Pin R26-1
Add Pin To Net: Unknown Pin: Pin R26-2
Add Pin To Net: Unknown Pin: Pin R27-1
Add Pin To Net: Unknown Pin: Pin R27-2
Add Pin To Net: Unknown Pin: Pin R28-1
Add Pin To Net: Unknown Pin: Pin R28-2
Add Pin To Net: Unknown Pin: Pin R29-1
Add Pin To Net: Unknown Pin: Pin R29-2
Add Pin To Net: Unknown Pin: Pin R30-1
Add Pin To Net: Unknown Pin: Pin R30-2
Add Pin To Net: Unknown Pin: Pin R31-1
Add Pin To Net: Unknown Pin: Pin R31-2
Add Pin To Net: Unknown Pin: Pin R32-1
Add Pin To Net: Unknown Pin: Pin R32-2
Add Pin To Net: Unknown Pin: Pin RF-1
Add Pin To Net: Unknown Pin: Pin RF-2
Add Pin To Net: Unknown Pin: Pin RF-3
Add Pin To Net: Unknown Pin: Pin RF-4
Add Pin To Net: Unknown Pin: Pin RF-5
Add Pin To Net: Unknown Pin: Pin RF-6
Add Pin To Net: Unknown Pin: Pin RTC-4
Add Pin To Net: Unknown Pin: Pin RTC-5
Add Pin To Net: Unknown Pin: Pin RTC-6
Add Pin To Net: Unknown Pin: Pin RTC-8
Add Pin To Net: Unknown Pin: Pin SRAM-1
Add Pin To Net: Unknown Pin: Pin SRAM-2
Add Pin To Net: Unknown Pin: Pin SRAM-4
Add Pin To Net: Unknown Pin: Pin SRAM-5
Add Pin To Net: Unknown Pin: Pin SRAM-6
Add Pin To Net: Unknown Pin: Pin SRAM-7
Add Pin To Net: Unknown Pin: Pin SRAM-8
Add Pin To Net: Unknown Pin: Pin Sw1-1
Add Pin To Net: Unknown Pin: Pin Sw1-2
Add Pin To Net: Unknown Pin: Pin Sw2-1
Add Pin To Net: Unknown Pin: Pin Sw2-2
Add Pin To Net: Unknown Pin: Pin U1-1
Add Pin To Net: Unknown Pin: Pin U1-2
Add Pin To Net: Unknown Pin: Pin U1-3
Add Pin To Net: Unknown Pin: Pin U1-4
Add Pin To Net: Unknown Pin: Pin U1-5
Add Pin To Net: Unknown Pin: Pin U1-A1
Add Pin To Net: Unknown Pin: Pin U1-A20
Add Pin To Net: Unknown Pin: Pin U1-C3
Add Pin To Net: Unknown Pin: Pin U1-C4
Add Pin To Net: Unknown Pin: Pin U1-C18
Add Pin To Net: Unknown Pin: Pin U1-D6
Add Pin To Net: Unknown Pin: Pin U1-D9
Add Pin To Net: Unknown Pin: Pin U1-D12
Add Pin To Net: Unknown Pin: Pin U1-D15
Add Pin To Net: Unknown Pin: Pin U1-E3
Add Pin To Net: Unknown Pin: Pin U1-F3
Add Pin To Net: Unknown Pin: Pin U1-F5
Add Pin To Net: Unknown Pin: Pin U1-F17
Add Pin To Net: Unknown Pin: Pin U1-G7
Add Pin To Net: Unknown Pin: Pin U1-G8
Add Pin To Net: Unknown Pin: Pin U1-G9
Add Pin To Net: Unknown Pin: Pin U1-G10
Add Pin To Net: Unknown Pin: Pin U1-G11
Add Pin To Net: Unknown Pin: Pin U1-G12
Add Pin To Net: Unknown Pin: Pin U1-G13
Add Pin To Net: Unknown Pin: Pin U1-G14
Add Pin To Net: Unknown Pin: Pin U1-H3
Add Pin To Net: Unknown Pin: Pin U1-H7
Add Pin To Net: Unknown Pin: Pin U1-H14
Add Pin To Net: Unknown Pin: Pin U1-J7
Add Pin To Net: Unknown Pin: Pin U1-J14
Add Pin To Net: Unknown Pin: Pin U1-J17
Add Pin To Net: Unknown Pin: Pin U1-K3
Add Pin To Net: Unknown Pin: Pin U1-K10
Add Pin To Net: Unknown Pin: Pin U1-K11
Add Pin To Net: Unknown Pin: Pin U1-K14
Add Pin To Net: Unknown Pin: Pin U1-L3
Add Pin To Net: Unknown Pin: Pin U1-L7
Add Pin To Net: Unknown Pin: Pin U1-L10
Add Pin To Net: Unknown Pin: Pin U3-3
Add Pin To Net: Unknown Pin: Pin U3-4
Add Pin To Net: Unknown Pin: Pin U3-5
Add Pin To Net: Unknown Pin: Pin U3-6
Add Pin To Net: Unknown Pin: Pin U3-7
Add Pin To Net: Unknown Pin: Pin U3-9
Add Pin To Net: Unknown Pin: Pin U3-24
Add Pin To Net: Unknown Pin: Pin U3-25
Add Pin To Net: Unknown Pin: Pin U3-26
Add Pin To Net: Unknown Pin: Pin U3-28
Add Pin To Net: Unknown Pin: Pin U3-29
Add Pin To Net: Unknown Pin: Pin U5-1
Add Pin To Net: Unknown Pin: Pin U5-2
Add Pin To Net: Unknown Pin: Pin U5-3
Add Pin To Net: Unknown Pin: Pin U5-4
Add Pin To Net: Unknown Pin: Pin U5-6
Add Pin To Net: Unknown Pin: Pin U5-7
Add Pin To Net: Unknown Pin: Pin U5-8
Add Pin To Net: Unknown Pin: Pin U5-9
Add Pin To Net: Unknown Pin: Pin U5-10
Add Pin To Net: Unknown Pin: Pin U5-11
Add Pin To Net: Unknown Pin: Pin U5-12
Add Pin To Net: Unknown Pin: Pin U5-13
Add Pin To Net: Unknown Pin: Pin U5-16
Add Pin To Net: Unknown Pin: Pin U7-2
Add Pin To Net: Unknown Pin: Pin U7-3
Add Pin To Net: Unknown Pin: Pin U7-9
Add Pin To Net: Unknown Pin: Pin U7-10
Add Pin To Net: Unknown Pin: Pin U7-11
Add Pin To Net: Unknown Pin: Pin U7-12
Add Pin To Net: Unknown Pin: Pin U7-13
Add Pin To Net: Unknown Pin: Pin U8-1
Add Pin To Net: Unknown Pin: Pin U8-2
Add Pin To Net: Unknown Pin: Pin U8-3
Add Pin To Net: Unknown Pin: Pin U9-1
Add Pin To Net: Unknown Pin: Pin U9-2
Add Pin To Net: Unknown Pin: Pin U9-3
Add Pin To Net: Unknown Pin: Pin U9-5
Add Pin To Net: Unknown Pin: Pin U10-1
Add Pin To Net: Unknown Pin: Pin U10-2
Add Pin To Net: Unknown Pin: Pin U10-3
Add Pin To Net: Unknown Pin: Pin U10-5
Add Pin To Net: Unknown Pin: Pin Y1-1
Add Pin To Net: Unknown Pin: Pin Y1-2
Add Pin To Net: Unknown Pin: Pin Y1-3
Add Pin To Net: Unknown Pin: Pin Y1-4
Add Pin To Net: Unknown Pin: Pin Y2-1
Add Pin To Net: Unknown Pin: Pin Y2-2
Add Pin To Net: Unknown Pin: Pin Y2-3
Add Pin To Net: Unknown Pin: Pin Y2-4
Add Class Member: Failed to add class member : Component * Shenzhen Fuman Elec DW01-A
Add Class Member: Failed to add class member : Component * STMicroelectronics TESEO-LIV3R
Add Class Member: Failed to add class member : Component 10p Hirose BM10NB(0.8)-10DS-0.4V(51)
Add Class Member: Failed to add class member : Component 24p Hirose DF37B-24DP-0.4V(53)
Add Class Member: Failed to add class member : Component Axis Kionix KXTJ3-1057
Add Class Member: Failed to add class member : Component Baro/Temp InvenSense ICP-10111
Add Class Member: Failed to add class member : Component C1 20pF
Add Class Member: Failed to add class member : Component C2 20pF
Add Class Member: Failed to add class member : Component C3 20pF
Add Class Member: Failed to add class member : Component C4 20pF
Add Class Member: Failed to add class member : Component C5 10uF
Add Class Member: Failed to add class member : Component C6 0.1uF
Add Class Member: Failed to add class member : Component C7 2.2uF
Add Class Member: Failed to add class member : Component C8 22nF
Add Class Member: Failed to add class member : Component C9 22uF
Add Class Member: Failed to add class member : Component C10 10uF
Add Class Member: Failed to add class member : Component C11 6.8nF
Add Class Member: Failed to add class member : Component C12 27nF
Add Class Member: Failed to add class member : Component C13 10uF
Add Class Member: Failed to add class member : Component C14 10uF
Add Class Member: Failed to add class member : Component C15 0.1uF
Add Class Member: Failed to add class member : Component C16 0.1uF
Add Class Member: Failed to add class member : Component C17 0.1uF
Add Class Member: Failed to add class member : Component C18 0.1uF
Add Class Member: Failed to add class member : Component C19
Add Class Member: Failed to add class member : Component C20
Add Class Member: Failed to add class member : Component C21 0.1uF
Add Class Member: Failed to add class member : Component C22 0.1uF
Add Class Member: Failed to add class member : Component C23 4,7uF
Add Class Member: Failed to add class member : Component C24 0,22uF
Add Class Member: Failed to add class member : Component C25 10uF
Add Class Member: Failed to add class member : Component C26 0.1uF
Add Class Member: Failed to add class member : Component C27 4,7uF
Add Class Member: Failed to add class member : Component C28 10uF
Add Class Member: Failed to add class member : Component C29 0.1uF
Add Class Member: Failed to add class member : Component C30 0,22uF
Add Class Member: Failed to add class member : Component C31 100nF
Add Class Member: Failed to add class member : Component C32 1nF
Add Class Member: Failed to add class member : Component C33 100nF
Add Class Member: Failed to add class member : Component C34 15pF
Add Class Member: Failed to add class member : Component C35 15pF
Add Class Member: Failed to add class member : Component C36 1nF
Add Class Member: Failed to add class member : Component C37 2,2uF
Add Class Member: Failed to add class member : Component C38 82pF
Add Class Member: Failed to add class member : Component C39 330pF
Add Class Member: Failed to add class member : Component C40 1,2nF
Add Class Member: Failed to add class member : Component C41 1nF
Add Class Member: Failed to add class member : Component C42 0,6pF
Add Class Member: Failed to add class member : Component C43 1,2nF
Add Class Member: Failed to add class member : Component C44 1nF
Add Class Member: Failed to add class member : Component C45 330pF
Add Class Member: Failed to add class member : Component C46 82pF
Add Class Member: Failed to add class member : Component C47 100nF
Add Class Member: Failed to add class member : Component C48 470nF
Add Class Member: Failed to add class member : Component C49 0.1uF
Add Class Member: Failed to add class member : Component C50 120pF
Add Class Member: Failed to add class member : Component C51 120pF
Add Class Member: Failed to add class member : Component C52 1nF
Add Class Member: Failed to add class member : Component C53 2,7pF
Add Class Member: Failed to add class member : Component C54 2.0pF
Add Class Member: Failed to add class member : Component Compass Honeywell HMC5883L-TR
Add Class Member: Failed to add class member : Component Crown PixArt PAT9125EL-TKIT
Add Class Member: Failed to add class member : Component D1 600mV
Add Class Member: Failed to add class member : Component D2 600mV
Add Class Member: Failed to add class member : Component D3 600mV
Add Class Member: Failed to add class member : Component D+ Led
Add Class Member: Failed to add class member : Component D- Led
Add Class Member: Failed to add class member : Component ECG AD8232 (Rev. D)
Add Class Member: Failed to add class member : Component ESP-32 Espressif Systems ESP32-D0WDQ6
Add Class Member: Failed to add class member : Component Flash Winbond W25Q16JVUXIQ
Add Class Member: Failed to add class member : Component J1 Taoglas RECE.20279.001E.01
Add Class Member: Failed to add class member : Component J2 Molex 105450-0101
Add Class Member: Failed to add class member : Component L1 33uH
Add Class Member: Failed to add class member : Component L2 100nH
Add Class Member: Failed to add class member : Component L3 100nH
Add Class Member: Failed to add class member : Component L4 5n6
Add Class Member: Failed to add class member : Component L5 2,7nH
Add Class Member: Failed to add class member : Component NFC NXP Semiconductors PN5180A0HN/C1E
Add Class Member: Failed to add class member : Component P1 Yelllow
Add Class Member: Failed to add class member : Component P2 Vishay VLMB1500-GS08
Add Class Member: Failed to add class member : Component P3 Rohm SML-P12PTT86
Add Class Member: Failed to add class member : Component Q1
Add Class Member: Failed to add class member : Component Q2
Add Class Member: Failed to add class member : Component Q3 Diodes Inc. 2N7002-7-F
Add Class Member: Failed to add class member : Component R1 0Ohm
Add Class Member: Failed to add class member : Component R2
Add Class Member: Failed to add class member : Component R3
Add Class Member: Failed to add class member : Component R4 300Ohm
Add Class Member: Failed to add class member : Component R5 300Ohm
Add Class Member: Failed to add class member : Component R6 1k
Add Class Member: Failed to add class member : Component R7 10k
Add Class Member: Failed to add class member : Component R8 10k
Add Class Member: Failed to add class member : Component R9 1.01MOhm
Add Class Member: Failed to add class member : Component R10 3.01kOhm
Add Class Member: Failed to add class member : Component R11 1.37MOhm
Add Class Member: Failed to add class member : Component R12 0,5Ohm
Add Class Member: Failed to add class member : Component R13 300Ohm
Add Class Member: Failed to add class member : Component R14 300Ohm
Add Class Member: Failed to add class member : Component R15 300Ohm
Add Class Member: Failed to add class member : Component R16 10k
Add Class Member: Failed to add class member : Component R17
Add Class Member: Failed to add class member : Component R18
Add Class Member: Failed to add class member : Component R19 Yageo RC0402FR-07100RL
Add Class Member: Failed to add class member : Component R20 Yageo AC0402FR-071KL
Add Class Member: Failed to add class member : Component R21 0Ohm
Add Class Member: Failed to add class member : Component R22 0Ohm
Add Class Member: Failed to add class member : Component R23 1M
Add Class Member: Failed to add class member : Component R24 180k
Add Class Member: Failed to add class member : Component R25 180k
Add Class Member: Failed to add class member : Component R26 1M
Add Class Member: Failed to add class member : Component R27 1M
Add Class Member: Failed to add class member : Component R28 1M
Add Class Member: Failed to add class member : Component R29 1M
Add Class Member: Failed to add class member : Component R30 0,15Ohm
Add Class Member: Failed to add class member : Component R31 470mOhm
Add Class Member: Failed to add class member : Component R32 0,15Ohm
Add Class Member: Failed to add class member : Component RF
Add Class Member: Failed to add class member : Component RTC NXP Semiconductors PCF8563T/5,518
Add Class Member: Failed to add class member : Component SRAM 23K256T-I/SN
Add Class Member: Failed to add class member : Component Sw1
Add Class Member: Failed to add class member : Component Sw2
Add Class Member: Failed to add class member : Component U1 RF360 Holdings B39162B4327P810
Add Class Member: Failed to add class member : Component U1 IMX6SX_17x17_NP_BGA400P
Add Class Member: Failed to add class member : Component U2 IMX6SX_17x17_NP_BGA400P
Add Class Member: Failed to add class member : Component U3 Silicon Labs CP2102-GMR
Add Class Member: Failed to add class member : Component U3 IMX6SX_17x17_NP_BGA400P
Add Class Member: Failed to add class member : Component U5 LTC4120
Add Class Member: Failed to add class member : Component U5 IMX6SX_17x17_NP_BGA400P
Add Class Member: Failed to add class member : Component U6 IMX6SX_17x17_NP_BGA400P
Add Class Member: Failed to add class member : Component U7 Maxim Integrated MAX30100EFD+
Add Class Member: Failed to add class member : Component U7 IMX6SX_17x17_NP_BGA400P
Add Class Member: Failed to add class member : Component U8 Torex Semiconductor XC6206P182MR
Add Class Member: Failed to add class member : Component U8 IMX6SX_17x17_NP_BGA400P
Add Class Member: Failed to add class member : Component U9 TLV70028DCKR
Add Class Member: Failed to add class member : Component U9 IMX6SX_17x17_NP_BGA400P
Add Class Member: Failed to add class member : Component U10 LP2985AIM5-3.6/NOPB
Add Class Member: Failed to add class member : Component U10 IMX6SX_17x17_NP_BGA400P
Add Class Member: Failed to add class member : Component U11 IMX6SX_17x17_NP_BGA400P
Add Class Member: Failed to add class member : Component U12 IMX6SX_17x17_NP_BGA400P
Add Class Member: Failed to add class member : Component U13 IMX6SX_17x17_NP_BGA400P
Add Class Member: Failed to add class member : Component Y1 40mHz Crystal
Add Class Member: Failed to add class member : Component Y2 27,12MHZ
Added Room: Name=Prototype1
Added Room: Name=Prototype2
