Change Component Designator: Old Designator=C19 New Designator=C1
Change Component Designator: Old Designator=C20 New Designator=C2
Change Component Designator: Old Designator=C33 New Designator=C3
Change Component Designator: Old Designator=C34 New Designator=C4
Change Component Designator: Old Designator=C35 New Designator=C5
Change Component Designator: Old Designator=C36 New Designator=C7
Change Component Designator: Old Designator=C37 New Designator=C6
Change Component Designator: Old Designator=C38 New Designator=C8
Change Component Designator: Old Designator=C39 New Designator=C9
Change Component Designator: Old Designator=C40 New Designator=C10
Change Component Designator: Old Designator=C41 New Designator=C13
Change Component Designator: Old Designator=C42 New Designator=C11
Change Component Designator: Old Designator=C43 New Designator=C12
Change Component Designator: Old Designator=C44 New Designator=C14
Change Component Designator: Old Designator=C45 New Designator=C15
Change Component Designator: Old Designator=C46 New Designator=C16
Change Component Designator: Old Designator=C47 New Designator=C17
Change Component Designator: Old Designator=C48 New Designator=C18
Change Component Designator: Old Designator=C49 New Designator=C19
Change Component Designator: Old Designator=C50 New Designator=C20
Change Component Designator: Old Designator=C51 New Designator=C21
Change Component Designator: Old Designator=C52 New Designator=C22
Change Component Designator: Old Designator=C53 New Designator=C23
Change Component Designator: Old Designator=C54 New Designator=C24
Change Component Designator: Old Designator=D7 New Designator=D1
Change Component Designator: Old Designator=IC4 New Designator=IC1
Change Component Designator: Old Designator=IC7 New Designator=IC2
Change Component Designator: Old Designator=Q4 New Designator=Q1
Change Component Designator: Old Designator=R29 New Designator=R1
Change Component Designator: Old Designator=R30 New Designator=R2
Change Component Designator: Old Designator=R31 New Designator=R3
Change Component Designator: Old Designator=R32 New Designator=R4
Change Component Designator: Old Designator=R33 New Designator=R5
Change Component Designator: Old Designator=R34 New Designator=R6
Change Component Designator: Old Designator=R35 New Designator=R7
Change Component Designator: Old Designator=R36 New Designator=R8
Change Component Designator: Old Designator=R37 New Designator=R9
