Change Component Designator: Old Designator=Axis2 New Designator=Axis1
Change Component Designator: Old Designator=C74 New Designator=C21
Change Component Designator: Old Designator=C75 New Designator=C22
Change Component Designator: Old Designator=C76 New Designator=C23
Change Component Designator: Old Designator=C77 New Designator=C24
Change Component Designator: Old Designator=C78 New Designator=C25
Change Component Designator: Old Designator=C79 New Designator=C26
Change Component Designator: Old Designator=C80 New Designator=C27
Change Component Designator: Old Designator=C81 New Designator=C28
Change Component Designator: Old Designator=C82 New Designator=C29
Change Component Designator: Old Designator=C83 New Designator=C30
Change Component Designator: Old Designator=C84 New Designator=C31
Change Component Designator: Old Designator=C85 New Designator=C32
Change Component Designator: Old Designator=Compass2 New Designator=Compass1
Change Component Designator: Old Designator=Crown2 New Designator=Crown1
Change Component Designator: Old Designator=ECG2 New Designator=ECG1
Change Component Designator: Old Designator=R48 New Designator=R16
Change Component Designator: Old Designator=R49 New Designator=R17
Change Component Designator: Old Designator=R50 New Designator=R18
Change Component Designator: Old Designator=R51 New Designator=R19
Change Component Designator: Old Designator=R52 New Designator=R20
Change Component Designator: Old Designator=R53 New Designator=R21
Change Component Designator: Old Designator=R54 New Designator=R22
Change Component Designator: Old Designator=R55 New Designator=R23
Change Component Designator: Old Designator=RTC2 New Designator=RTC1
Change Component Designator: Old Designator=U11 New Designator=U4
