Change Component Designator: Old Designator=C21 New Designator=C119
Change Component Designator: Old Designator=C22 New Designator=C120
Change Component Designator: Old Designator=C23 New Designator=C121
Change Component Designator: Old Designator=C24 New Designator=C122
Change Component Designator: Old Designator=C25 New Designator=C123
Change Component Designator: Old Designator=C26 New Designator=C124
Change Component Designator: Old Designator=C27 New Designator=C125
Change Component Designator: Old Designator=C28 New Designator=C126
Change Component Designator: Old Designator=C29 New Designator=C127
Change Component Designator: Old Designator=C30 New Designator=C128
Change Component Designator: Old Designator=C31 New Designator=C129
Change Component Designator: Old Designator=C32 New Designator=C130
Change Component Designator: Old Designator=C? New Designator=C131
Change Component Designator: Old Designator=R16 New Designator=R59
Change Component Designator: Old Designator=R17 New Designator=R60
Change Component Designator: Old Designator=R18 New Designator=R61
Change Component Designator: Old Designator=R19 New Designator=R62
Change Component Designator: Old Designator=R20 New Designator=R63
Change Component Designator: Old Designator=R21 New Designator=R64
Change Component Designator: Old Designator=R22 New Designator=R65
Change Component Designator: Old Designator=R23 New Designator=R66
Change Component Designator: Old Designator=U4 New Designator=U2
Change Component Designator: Old Designator=U? New Designator=U3
