Change Component Designator: Old Designator=C55 New Designator=C132
Change Component Designator: Old Designator=C56 New Designator=C133
Change Component Designator: Old Designator=C57 New Designator=C134
Change Component Designator: Old Designator=C58 New Designator=C135
Change Component Designator: Old Designator=C59 New Designator=C136
Change Component Designator: Old Designator=C60 New Designator=C137
Change Component Designator: Old Designator=C61 New Designator=C138
Change Component Designator: Old Designator=C62 New Designator=C139
Change Component Designator: Old Designator=C63 New Designator=C143
Change Component Designator: Old Designator=C64 New Designator=C144
Change Component Designator: Old Designator=C65 New Designator=C145
Change Component Designator: Old Designator=C66 New Designator=C146
Change Component Designator: Old Designator=C67 New Designator=C147
Change Component Designator: Old Designator=C68 New Designator=C148
Change Component Designator: Old Designator=C69 New Designator=C149
Change Component Designator: Old Designator=C70 New Designator=C150
Change Component Designator: Old Designator=C71 New Designator=C151
Change Component Designator: Old Designator=C72 New Designator=C152
Change Component Designator: Old Designator=C73 New Designator=C153
Change Component Designator: Old Designator=C74 New Designator=C156
Change Component Designator: Old Designator=C? New Designator=C140
Change Component Designator: Old Designator=C? New Designator=C141
Change Component Designator: Old Designator=C? New Designator=C142
Change Component Designator: Old Designator=C? New Designator=C154
Change Component Designator: Old Designator=C? New Designator=C155
Change Component Designator: Old Designator=IC6 New Designator=IC9
Change Component Designator: Old Designator=MD? New Designator=MD1
Change Component Designator: Old Designator=R? New Designator=R74
Change Component Designator: Old Designator=X? New Designator=X1
Change Component Designator: Old Designator=Y1 New Designator=Y3
