Removed Pin From Net: NetName=+1V35 Pin=U3-A20
Removed Pin From Net: NetName=NetC126_1 Pin=U3-AA10
Removed Pin From Net: NetName=+1V8 Pin=U3-AA19
Removed Pin From Net: NetName=NetC105_2 Pin=U3-AB11
Removed Pin From Net: NetName=+1V8 Pin=U3-AC13
Removed Pin From Net: NetName=+1V8 Pin=U3-AC19
Removed Pin From Net: NetName=+1V8 Pin=U3-AE12
Removed Pin From Net: NetName=+1V8 Pin=U3-AF4
Removed Pin From Net: NetName=+1V8 Pin=U3-AF12
Removed Pin From Net: NetName=+1V8 Pin=U3-AF17
Removed Pin From Net: NetName=+1V8 Pin=U3-AF18
Removed Pin From Net: NetName=+1V8 Pin=U3-AF19
Removed Pin From Net: NetName=+1V8 Pin=U3-AG3
Removed Pin From Net: NetName=+1V8 Pin=U3-AG4
Removed Pin From Net: NetName=+1V8 Pin=U3-AG5
Removed Pin From Net: NetName=NetC82_1 Pin=U3-AG6
Removed Pin From Net: NetName=NetC75_2 Pin=U3-AG7
Removed Pin From Net: NetName=+1V8 Pin=U3-AG18
Removed Pin From Net: NetName=+1V8 Pin=U3-AH2
Removed Pin From Net: NetName=+1V8 Pin=U3-AH4
Removed Pin From Net: NetName=+1V8 Pin=U3-AH5
Removed Pin From Net: NetName=NetC110_1 Pin=U3-AH7
Removed Pin From Net: NetName=+1V8 Pin=U3-AH18
Removed Pin From Net: NetName=+1V35 Pin=U3-B20
Removed Pin From Net: NetName=+1V35 Pin=U3-C16
Removed Pin From Net: NetName=+1V35 Pin=U3-C17
Removed Pin From Net: NetName=+1V35 Pin=U3-C18
Removed Pin From Net: NetName=+1V35 Pin=U3-C19
Removed Pin From Net: NetName=+1V35 Pin=U3-C20
Removed Pin From Net: NetName=+1V35 Pin=U3-C21
Removed Pin From Net: NetName=+1V35 Pin=U3-C22
Removed Pin From Net: NetName=+VS Pin=U3-D9
Removed Pin From Net: NetName=+VS Pin=U3-D11
Removed Pin From Net: NetName=NetC97_1 Pin=U3-E9
Removed Pin From Net: NetName=NetC102_1 Pin=U3-F9
Removed Pin From Net: NetName=+1V35 Pin=U3-F19
Removed Pin From Net: NetName=PVCC SAI SD CAP Pin=U3-G16
Removed Pin From Net: NetName=+1V35 Pin=U3-H10
Removed Pin From Net: NetName=+1V35 Pin=U3-H19
Removed Pin From Net: NetName=+1V35 Pin=U3-J9
Removed Pin From Net: NetName=+VS Pin=U3-J11
Removed Pin From Net: NetName=+VS Pin=U3-J13
Removed Pin From Net: NetName=PVCC SAI SD CAP Pin=U3-J14
Removed Pin From Net: NetName=+1V8 Pin=U3-J15
Removed Pin From Net: NetName=NetC89_2 Pin=U3-J16
Removed Pin From Net: NetName=+VS Pin=U3-J18
Removed Pin From Net: NetName=+1V35 Pin=U3-J20
Removed Pin From Net: NetName=+1V35 Pin=U3-K3
Removed Pin From Net: NetName=+1V35 Pin=U3-K6
Removed Pin From Net: NetName=+1V35 Pin=U3-K8
Removed Pin From Net: NetName=+1V35 Pin=U3-K21
Removed Pin From Net: NetName=+1V35 Pin=U3-K23
Removed Pin From Net: NetName=+1V35 Pin=U3-K26
Removed Pin From Net: NetName=+1V35 Pin=U3-L1
Removed Pin From Net: NetName=+1V35 Pin=U3-L2
Removed Pin From Net: NetName=+VS Pin=U3-L9
Removed Pin From Net: NetName=+1V35 Pin=U3-L11
Removed Pin From Net: NetName=+1V35 Pin=U3-L18
Removed Pin From Net: NetName=+VS Pin=U3-L20
Removed Pin From Net: NetName=+1V35 Pin=U3-L27
Removed Pin From Net: NetName=+1V35 Pin=U3-L28
Removed Pin From Net: NetName=+VS Pin=U3-N9
Removed Pin From Net: NetName=+1V35 Pin=U3-N13
Removed Pin From Net: NetName=+1V35 Pin=U3-N16
Removed Pin From Net: NetName=+VS Pin=U3-N20
Removed Pin From Net: NetName=+1V35 Pin=U3-P3
Removed Pin From Net: NetName=+1V35 Pin=U3-P6
Removed Pin From Net: NetName=+VS Pin=U3-P9
Removed Pin From Net: NetName=+VS Pin=U3-P20
Removed Pin From Net: NetName=+1V35 Pin=U3-P23
Removed Pin From Net: NetName=+1V35 Pin=U3-P26
Removed Pin From Net: NetName=+1V35 Pin=U3-R3
Removed Pin From Net: NetName=+1V35 Pin=U3-R6
Removed Pin From Net: NetName=+VS Pin=U3-R9
Removed Pin From Net: NetName=NetC101_2 Pin=U3-R20
Removed Pin From Net: NetName=+1V35 Pin=U3-R23
Removed Pin From Net: NetName=+1V35 Pin=U3-R26
Removed Pin From Net: NetName=+VS Pin=U3-T9
Removed Pin From Net: NetName=+1V35 Pin=U3-T13
Removed Pin From Net: NetName=+1V35 Pin=U3-T16
Removed Pin From Net: NetName=+1V35 Pin=U3-V11
Removed Pin From Net: NetName=+1V35 Pin=U3-V18
Removed Pin From Net: NetName=+1V8 Pin=U3-V20
Removed Pin From Net: NetName=+1V8 Pin=U3-V27
Removed Pin From Net: NetName=+1V8 Pin=U3-V28
Removed Pin From Net: NetName=NetC106_2 Pin=U3-W8
Removed Pin From Net: NetName=+1V8 Pin=U3-W21
Removed Pin From Net: NetName=+1V8 Pin=U3-W23
Removed Pin From Net: NetName=+1V8 Pin=U3-W26
Removed Pin From Net: NetName=+VS Pin=U3-Y9
Removed Pin From Net: NetName=+VS Pin=U3-Y11
Removed Pin From Net: NetName=+VS Pin=U3-Y13
Removed Pin From Net: NetName=+1V8 Pin=U3-Y14
Removed Pin From Net: NetName=+1V8 Pin=U3-Y20
Removed Member From Class: ClassName=5_Airframe-NXP_i.MX7 Member=U1
Added Pin To Net: NetName=+1V35 Pin=U1-A20
Added Pin To Net: NetName=NetC126_1 Pin=U1-AA10
Added Pin To Net: NetName=+1V8 Pin=U1-AA19
Added Pin To Net: NetName=NetC105_2 Pin=U1-AB11
Added Pin To Net: NetName=+1V8 Pin=U1-AC13
Added Pin To Net: NetName=+1V8 Pin=U1-AC19
Added Pin To Net: NetName=+1V8 Pin=U1-AE12
Added Pin To Net: NetName=+1V8 Pin=U1-AF4
Added Pin To Net: NetName=+1V8 Pin=U1-AF12
Added Pin To Net: NetName=+1V8 Pin=U1-AF17
Added Pin To Net: NetName=+1V8 Pin=U1-AF18
Added Pin To Net: NetName=+1V8 Pin=U1-AF19
Added Pin To Net: NetName=+1V8 Pin=U1-AG3
Added Pin To Net: NetName=+1V8 Pin=U1-AG4
Added Pin To Net: NetName=+1V8 Pin=U1-AG5
Added Pin To Net: NetName=NetC82_1 Pin=U1-AG6
Added Pin To Net: NetName=NetC75_2 Pin=U1-AG7
Added Pin To Net: NetName=+1V8 Pin=U1-AG18
Added Pin To Net: NetName=+1V8 Pin=U1-AH2
Added Pin To Net: NetName=+1V8 Pin=U1-AH4
Added Pin To Net: NetName=+1V8 Pin=U1-AH5
Added Pin To Net: NetName=NetC110_1 Pin=U1-AH7
Added Pin To Net: NetName=+1V8 Pin=U1-AH18
Added Pin To Net: NetName=+1V35 Pin=U1-B20
Added Pin To Net: NetName=+1V35 Pin=U1-C16
Added Pin To Net: NetName=+1V35 Pin=U1-C17
Added Pin To Net: NetName=+1V35 Pin=U1-C18
Added Pin To Net: NetName=+1V35 Pin=U1-C19
Added Pin To Net: NetName=+1V35 Pin=U1-C20
Added Pin To Net: NetName=+1V35 Pin=U1-C21
Added Pin To Net: NetName=+1V35 Pin=U1-C22
Added Pin To Net: NetName=+VS Pin=U1-D9
Added Pin To Net: NetName=+VS Pin=U1-D11
Added Pin To Net: NetName=NetC97_1 Pin=U1-E9
Added Pin To Net: NetName=NetC102_1 Pin=U1-F9
Added Pin To Net: NetName=+1V35 Pin=U1-F19
Added Pin To Net: NetName=PVCC SAI SD CAP Pin=U1-G16
Added Pin To Net: NetName=+1V35 Pin=U1-H10
Added Pin To Net: NetName=+1V35 Pin=U1-H19
Added Pin To Net: NetName=+1V35 Pin=U1-J9
Added Pin To Net: NetName=+VS Pin=U1-J11
Added Pin To Net: NetName=+VS Pin=U1-J13
Added Pin To Net: NetName=PVCC SAI SD CAP Pin=U1-J14
Added Pin To Net: NetName=+1V8 Pin=U1-J15
Added Pin To Net: NetName=NetC89_2 Pin=U1-J16
Added Pin To Net: NetName=+VS Pin=U1-J18
Added Pin To Net: NetName=+1V35 Pin=U1-J20
Added Pin To Net: NetName=+1V35 Pin=U1-K3
Added Pin To Net: NetName=+1V35 Pin=U1-K6
Added Pin To Net: NetName=+1V35 Pin=U1-K8
Added Pin To Net: NetName=+1V35 Pin=U1-K21
Added Pin To Net: NetName=+1V35 Pin=U1-K23
Added Pin To Net: NetName=+1V35 Pin=U1-K26
Added Pin To Net: NetName=+1V35 Pin=U1-L1
Added Pin To Net: NetName=+1V35 Pin=U1-L2
Added Pin To Net: NetName=+VS Pin=U1-L9
Added Pin To Net: NetName=+1V35 Pin=U1-L11
Added Pin To Net: NetName=+1V35 Pin=U1-L18
Added Pin To Net: NetName=+VS Pin=U1-L20
Added Pin To Net: NetName=+1V35 Pin=U1-L27
Added Pin To Net: NetName=+1V35 Pin=U1-L28
Added Pin To Net: NetName=+VS Pin=U1-N9
Added Pin To Net: NetName=+1V35 Pin=U1-N13
Added Pin To Net: NetName=+1V35 Pin=U1-N16
Added Pin To Net: NetName=+VS Pin=U1-N20
Added Pin To Net: NetName=+1V35 Pin=U1-P3
Added Pin To Net: NetName=+1V35 Pin=U1-P6
Added Pin To Net: NetName=+VS Pin=U1-P9
Added Pin To Net: NetName=+VS Pin=U1-P20
Added Pin To Net: NetName=+1V35 Pin=U1-P23
Added Pin To Net: NetName=+1V35 Pin=U1-P26
Added Pin To Net: NetName=+1V35 Pin=U1-R3
Added Pin To Net: NetName=+1V35 Pin=U1-R6
Added Pin To Net: NetName=+VS Pin=U1-R9
Added Pin To Net: NetName=NetC101_2 Pin=U1-R20
Added Pin To Net: NetName=+1V35 Pin=U1-R23
Added Pin To Net: NetName=+1V35 Pin=U1-R26
Added Pin To Net: NetName=+VS Pin=U1-T9
Added Pin To Net: NetName=+1V35 Pin=U1-T13
Added Pin To Net: NetName=+1V35 Pin=U1-T16
Added Pin To Net: NetName=+1V35 Pin=U1-V11
Added Pin To Net: NetName=+1V35 Pin=U1-V18
Added Pin To Net: NetName=+1V8 Pin=U1-V20
Added Pin To Net: NetName=+1V8 Pin=U1-V27
Added Pin To Net: NetName=+1V8 Pin=U1-V28
Added Pin To Net: NetName=NetC106_2 Pin=U1-W8
Added Pin To Net: NetName=+1V8 Pin=U1-W21
Added Pin To Net: NetName=+1V8 Pin=U1-W23
Added Pin To Net: NetName=+1V8 Pin=U1-W26
Added Pin To Net: NetName=+VS Pin=U1-Y9
Added Pin To Net: NetName=+VS Pin=U1-Y11
Added Pin To Net: NetName=+VS Pin=U1-Y13
Added Pin To Net: NetName=+1V8 Pin=U1-Y14
Added Pin To Net: NetName=+1V8 Pin=U1-Y20
Added Member To Class: ClassName=4_Airframe-NXP_i.MX7_Power Member=Component U1 MCIMX7D3EVK10SD
