Removed Pin From Net: NetName=+VS Pin=R28-1
Removed Member From Class: ClassName=5_Airframe-NXP_i.MX7_Power Member=C119
Removed Member From Class: ClassName=5_Airframe-NXP_i.MX7_Power Member=C120
Removed Member From Class: ClassName=9_Airframe-Wireless Member=U5
Change Component Designator: OldDesignator=C1 NewDesignator=C25
Change Component Designator: OldDesignator=C2 NewDesignator=C26
Change Component Designator: OldDesignator=C3 NewDesignator=C27
Change Component Designator: OldDesignator=C4 NewDesignator=C28
Change Component Designator: OldDesignator=C5 NewDesignator=C29
Change Component Designator: OldDesignator=C6 NewDesignator=C30
Change Component Designator: OldDesignator=C7 NewDesignator=C31
Change Component Designator: OldDesignator=C8 NewDesignator=C32
Change Component Designator: OldDesignator=C9 NewDesignator=C33
Change Component Designator: OldDesignator=C10 NewDesignator=C34
Change Component Designator: OldDesignator=C11 NewDesignator=C35
Change Component Designator: OldDesignator=C12 NewDesignator=C36
Change Component Designator: OldDesignator=C13 NewDesignator=C37
Change Component Designator: OldDesignator=C14 NewDesignator=C38
Change Component Designator: OldDesignator=C15 NewDesignator=C39
Change Component Designator: OldDesignator=C16 NewDesignator=C40
Change Component Designator: OldDesignator=C17 NewDesignator=C41
Change Component Designator: OldDesignator=C18 NewDesignator=C42
Change Component Designator: OldDesignator=C19 NewDesignator=C1
Change Component Designator: OldDesignator=C20 NewDesignator=C2
Change Component Designator: OldDesignator=C21 NewDesignator=C119
Change Component Designator: OldDesignator=C22 NewDesignator=C120
Change Component Designator: OldDesignator=C23 NewDesignator=C121
Change Component Designator: OldDesignator=C24 NewDesignator=C122
Change Component Designator: OldDesignator=C25 NewDesignator=C123
Change Component Designator: OldDesignator=C26 NewDesignator=C124
Change Component Designator: OldDesignator=C27 NewDesignator=C125
Change Component Designator: OldDesignator=C28 NewDesignator=C126
Change Component Designator: OldDesignator=C29 NewDesignator=C127
Change Component Designator: OldDesignator=C30 NewDesignator=C128
Change Component Designator: OldDesignator=C31 NewDesignator=C129
Change Component Designator: OldDesignator=C32 NewDesignator=C130
Change Component Designator: OldDesignator=C33 NewDesignator=C3
Change Component Designator: OldDesignator=C34 NewDesignator=C4
Change Component Designator: OldDesignator=C35 NewDesignator=C5
Change Component Designator: OldDesignator=C36 NewDesignator=C7
Change Component Designator: OldDesignator=C37 NewDesignator=C6
Change Component Designator: OldDesignator=C38 NewDesignator=C8
Change Component Designator: OldDesignator=C39 NewDesignator=C9
Change Component Designator: OldDesignator=C40 NewDesignator=C10
Change Component Designator: OldDesignator=C41 NewDesignator=C13
Change Component Designator: OldDesignator=C42 NewDesignator=C11
Change Component Designator: OldDesignator=C43 NewDesignator=C12
Change Component Designator: OldDesignator=C44 NewDesignator=C14
Change Component Designator: OldDesignator=C45 NewDesignator=C15
Change Component Designator: OldDesignator=C46 NewDesignator=C16
Change Component Designator: OldDesignator=C47 NewDesignator=C17
Change Component Designator: OldDesignator=C48 NewDesignator=C18
Change Component Designator: OldDesignator=C49 NewDesignator=C19
Change Component Designator: OldDesignator=C50 NewDesignator=C20
Change Component Designator: OldDesignator=C51 NewDesignator=C21
Change Component Designator: OldDesignator=C52 NewDesignator=C22
Change Component Designator: OldDesignator=C53 NewDesignator=C23
Change Component Designator: OldDesignator=C54 NewDesignator=C24
Change Component Designator: OldDesignator=C55 NewDesignator=C132
Change Component Designator: OldDesignator=C56 NewDesignator=C133
Change Component Designator: OldDesignator=C57 NewDesignator=C134
Change Component Designator: OldDesignator=C58 NewDesignator=C135
Change Component Designator: OldDesignator=C59 NewDesignator=C136
Change Component Designator: OldDesignator=C60 NewDesignator=C137
Change Component Designator: OldDesignator=C61 NewDesignator=C138
Change Component Designator: OldDesignator=C62 NewDesignator=C139
Change Component Designator: OldDesignator=C63 NewDesignator=C143
Change Component Designator: OldDesignator=C64 NewDesignator=C144
Change Component Designator: OldDesignator=C65 NewDesignator=C145
Change Component Designator: OldDesignator=C66 NewDesignator=C146
Change Component Designator: OldDesignator=C67 NewDesignator=C147
Change Component Designator: OldDesignator=C68 NewDesignator=C148
Change Component Designator: OldDesignator=C69 NewDesignator=C149
Change Component Designator: OldDesignator=C70 NewDesignator=C150
Change Component Designator: OldDesignator=C71 NewDesignator=C151
Change Component Designator: OldDesignator=C72 NewDesignator=C152
Change Component Designator: OldDesignator=C73 NewDesignator=C153
Change Component Designator: OldDesignator=C74 NewDesignator=C156
Change Component Designator: OldDesignator=C75 NewDesignator=C66
Change Component Designator: OldDesignator=C76 NewDesignator=C67
Change Component Designator: OldDesignator=C77 NewDesignator=C72
Change Component Designator: OldDesignator=C78 NewDesignator=C73
Change Component Designator: OldDesignator=C79 NewDesignator=C74
Change Component Designator: OldDesignator=C80 NewDesignator=C75
Change Component Designator: OldDesignator=C81 NewDesignator=C76
Change Component Designator: OldDesignator=C82 NewDesignator=C63
Change Component Designator: OldDesignator=C83 NewDesignator=C84
Change Component Designator: OldDesignator=C84 NewDesignator=C85
Change Component Designator: OldDesignator=C85 NewDesignator=C86
Change Component Designator: OldDesignator=C86 NewDesignator=C87
Change Component Designator: OldDesignator=C87 NewDesignator=C88
Change Component Designator: OldDesignator=C88 NewDesignator=C89
Change Component Designator: OldDesignator=C89 NewDesignator=C64
Change Component Designator: OldDesignator=C90 NewDesignator=C93
Change Component Designator: OldDesignator=C91 NewDesignator=C94
Change Component Designator: OldDesignator=C92 NewDesignator=C95
Change Component Designator: OldDesignator=C93 NewDesignator=C96
Change Component Designator: OldDesignator=C94 NewDesignator=C106
Change Component Designator: OldDesignator=C95 NewDesignator=C107
Change Component Designator: OldDesignator=C96 NewDesignator=C65
Change Component Designator: OldDesignator=C97 NewDesignator=C68
Change Component Designator: OldDesignator=C98 NewDesignator=C69
Change Component Designator: OldDesignator=C99 NewDesignator=C70
Change Component Designator: OldDesignator=C100 NewDesignator=C71
Change Component Designator: OldDesignator=C101 NewDesignator=C77
Change Component Designator: OldDesignator=C102 NewDesignator=C78
Change Component Designator: OldDesignator=C103 NewDesignator=C79
Change Component Designator: OldDesignator=C104 NewDesignator=C81
Change Component Designator: OldDesignator=C105 NewDesignator=C80
Change Component Designator: OldDesignator=C106 NewDesignator=C83
Change Component Designator: OldDesignator=C107 NewDesignator=C90
Change Component Designator: OldDesignator=C108 NewDesignator=C91
Change Component Designator: OldDesignator=C109 NewDesignator=C92
Change Component Designator: OldDesignator=C110 NewDesignator=C97
Change Component Designator: OldDesignator=C111 NewDesignator=C98
Change Component Designator: OldDesignator=C112 NewDesignator=C99
Change Component Designator: OldDesignator=C113 NewDesignator=C100
Change Component Designator: OldDesignator=C114 NewDesignator=C101
Change Component Designator: OldDesignator=C115 NewDesignator=C102
Change Component Designator: OldDesignator=C116 NewDesignator=C103
Change Component Designator: OldDesignator=C117 NewDesignator=C104
Change Component Designator: OldDesignator=C118 NewDesignator=C105
Change Component Designator: OldDesignator=C119 NewDesignator=C108
Change Component Designator: OldDesignator=C120 NewDesignator=C109
Change Component Designator: OldDesignator=C121 NewDesignator=C110
Change Component Designator: OldDesignator=C122 NewDesignator=C111
Change Component Designator: OldDesignator=C123 NewDesignator=C113
Change Component Designator: OldDesignator=C124 NewDesignator=C112
Change Component Designator: OldDesignator=C125 NewDesignator=C61
Change Component Designator: OldDesignator=C126 NewDesignator=C82
Change Component Designator: OldDesignator=C127 NewDesignator=C114
Change Component Designator: OldDesignator=C128 NewDesignator=C115
Change Component Designator: OldDesignator=C129 NewDesignator=C116
Change Component Designator: OldDesignator=C130 NewDesignator=C117
Change Component Designator: OldDesignator=C131 NewDesignator=C43
Change Component Designator: OldDesignator=C132 NewDesignator=C44
Change Component Designator: OldDesignator=C133 NewDesignator=C45
Change Component Designator: OldDesignator=C134 NewDesignator=C46
Change Component Designator: OldDesignator=C135 NewDesignator=C47
Change Component Designator: OldDesignator=C136 NewDesignator=C48
Change Component Designator: OldDesignator=C137 NewDesignator=C49
Change Component Designator: OldDesignator=C138 NewDesignator=C50
Change Component Designator: OldDesignator=C139 NewDesignator=C51
Change Component Designator: OldDesignator=C140 NewDesignator=C52
Change Component Designator: OldDesignator=C141 NewDesignator=C53
Change Component Designator: OldDesignator=C142 NewDesignator=C54
Change Component Designator: OldDesignator=C143 NewDesignator=C55
Change Component Designator: OldDesignator=C144 NewDesignator=C56
Change Component Designator: OldDesignator=C145 NewDesignator=C57
Change Component Designator: OldDesignator=C146 NewDesignator=C58
Change Component Designator: OldDesignator=C147 NewDesignator=C59
Change Component Designator: OldDesignator=C148 NewDesignator=C60
Change Component Designator: OldDesignator=C149 NewDesignator=C62
Change Component Designator: OldDesignator=C150 NewDesignator=C118
Change Component Designator: OldDesignator=C? NewDesignator=C131
Change Component Designator: OldDesignator=D1 NewDesignator=D2
Change Component Designator: OldDesignator=D2 NewDesignator=D3
Change Component Designator: OldDesignator=D3 NewDesignator=D4
Change Component Designator: OldDesignator=D4 NewDesignator=D5
Change Component Designator: OldDesignator=D5 NewDesignator=D6
Change Component Designator: OldDesignator=D6 NewDesignator=D7
Change Component Designator: OldDesignator=D7 NewDesignator=D1
Change Component Designator: OldDesignator=IC1 NewDesignator=IC3
Change Component Designator: OldDesignator=IC2 NewDesignator=IC4
Change Component Designator: OldDesignator=IC3 NewDesignator=IC5
Change Component Designator: OldDesignator=IC4 NewDesignator=IC1
Change Component Designator: OldDesignator=IC5 NewDesignator=IC6
Change Component Designator: OldDesignator=IC6 NewDesignator=IC9
Change Component Designator: OldDesignator=IC7 NewDesignator=IC2
Change Component Designator: OldDesignator=IC8 NewDesignator=IC7
Change Component Designator: OldDesignator=IC9 NewDesignator=IC8
Change Component Designator: OldDesignator=J? NewDesignator=J1
Change Component Designator: OldDesignator=Q1 NewDesignator=Q2
Change Component Designator: OldDesignator=Q2 NewDesignator=Q3
Change Component Designator: OldDesignator=Q3 NewDesignator=Q4
Change Component Designator: OldDesignator=Q4 NewDesignator=Q1
Change Component Designator: OldDesignator=R1 NewDesignator=R10
Change Component Designator: OldDesignator=R2 NewDesignator=R11
Change Component Designator: OldDesignator=R3 NewDesignator=R12
Change Component Designator: OldDesignator=R4 NewDesignator=R13
Change Component Designator: OldDesignator=R5 NewDesignator=R14
Change Component Designator: OldDesignator=R6 NewDesignator=R15
Change Component Designator: OldDesignator=R7 NewDesignator=R16
Change Component Designator: OldDesignator=R8 NewDesignator=R17
Change Component Designator: OldDesignator=R9 NewDesignator=R18
Change Component Designator: OldDesignator=R10 NewDesignator=R19
Change Component Designator: OldDesignator=R11 NewDesignator=R20
Change Component Designator: OldDesignator=R12 NewDesignator=R21
Change Component Designator: OldDesignator=R13 NewDesignator=R22
Change Component Designator: OldDesignator=R14 NewDesignator=R23
Change Component Designator: OldDesignator=R15 NewDesignator=R24
Change Component Designator: OldDesignator=R16 NewDesignator=R59
Change Component Designator: OldDesignator=R17 NewDesignator=R60
Change Component Designator: OldDesignator=R18 NewDesignator=R61
Change Component Designator: OldDesignator=R19 NewDesignator=R62
Change Component Designator: OldDesignator=R20 NewDesignator=R63
Change Component Designator: OldDesignator=R21 NewDesignator=R64
Change Component Designator: OldDesignator=R22 NewDesignator=R65
Change Component Designator: OldDesignator=R23 NewDesignator=R66
Change Component Designator: OldDesignator=R24 NewDesignator=R67
Change Component Designator: OldDesignator=R25 NewDesignator=R68
Change Component Designator: OldDesignator=R26 NewDesignator=R69
Change Component Designator: OldDesignator=R27 NewDesignator=R72
Change Component Designator: OldDesignator=R28 NewDesignator=R73
Change Component Designator: OldDesignator=R29 NewDesignator=R1
Change Component Designator: OldDesignator=R30 NewDesignator=R2
Change Component Designator: OldDesignator=R31 NewDesignator=R3
Change Component Designator: OldDesignator=R32 NewDesignator=R4
Change Component Designator: OldDesignator=R33 NewDesignator=R5
Change Component Designator: OldDesignator=R34 NewDesignator=R6
Change Component Designator: OldDesignator=R35 NewDesignator=R7
Change Component Designator: OldDesignator=R36 NewDesignator=R8
Change Component Designator: OldDesignator=R37 NewDesignator=R9
Change Component Designator: OldDesignator=R38 NewDesignator=R53
Change Component Designator: OldDesignator=R39 NewDesignator=R54
Change Component Designator: OldDesignator=R40 NewDesignator=R55
Change Component Designator: OldDesignator=R41 NewDesignator=R56
Change Component Designator: OldDesignator=R42 NewDesignator=R57
Change Component Designator: OldDesignator=R43 NewDesignator=R58
Change Component Designator: OldDesignator=R44 NewDesignator=R51
Change Component Designator: OldDesignator=R45 NewDesignator=R52
Change Component Designator: OldDesignator=R46 NewDesignator=R25
Change Component Designator: OldDesignator=R47 NewDesignator=R26
Change Component Designator: OldDesignator=R48 NewDesignator=R27
Change Component Designator: OldDesignator=R49 NewDesignator=R28
Change Component Designator: OldDesignator=R50 NewDesignator=R29
Change Component Designator: OldDesignator=R51 NewDesignator=R30
Change Component Designator: OldDesignator=R52 NewDesignator=R31
Change Component Designator: OldDesignator=R53 NewDesignator=R32
Change Component Designator: OldDesignator=R54 NewDesignator=R33
Change Component Designator: OldDesignator=R55 NewDesignator=R34
Change Component Designator: OldDesignator=R56 NewDesignator=R35
Change Component Designator: OldDesignator=R57 NewDesignator=R36
Change Component Designator: OldDesignator=R58 NewDesignator=R37
Change Component Designator: OldDesignator=R59 NewDesignator=R38
Change Component Designator: OldDesignator=R60 NewDesignator=R39
Change Component Designator: OldDesignator=R61 NewDesignator=R40
Change Component Designator: OldDesignator=R62 NewDesignator=R41
Change Component Designator: OldDesignator=R63 NewDesignator=R42
Change Component Designator: OldDesignator=R64 NewDesignator=R43
Change Component Designator: OldDesignator=R65 NewDesignator=R44
Change Component Designator: OldDesignator=R66 NewDesignator=R45
Change Component Designator: OldDesignator=R67 NewDesignator=R46
Change Component Designator: OldDesignator=R68 NewDesignator=R47
Change Component Designator: OldDesignator=R69 NewDesignator=R48
Change Component Designator: OldDesignator=R70 NewDesignator=R49
Change Component Designator: OldDesignator=R71 NewDesignator=R50
Change Component Designator: OldDesignator=R? NewDesignator=R70
Change Component Designator: OldDesignator=R? NewDesignator=R71
Change Component Designator: OldDesignator=U4 NewDesignator=U2
Change Component Designator: OldDesignator=U? NewDesignator=U3
Change Component Designator: OldDesignator=Y1 NewDesignator=Y3
Change Component Designator: OldDesignator=Y2 NewDesignator=Y1
Change Component Designator: OldDesignator=Y3 NewDesignator=Y2
Added Component: Designator=C140(FP-GRM188-0_2-IPC_C)
Add component (AddParameter): Name = "Capacitance"; Value = "22uF"; VariantName = "[No Variations]"
Add component (AddParameter): Name = "Case Code (Imperial)"; Value = "0603"; VariantName = "[No Variations]"
Add component (AddParameter): Name = "Case Code (Metric)"; Value = "1608"; VariantName = "[No Variations]"
Add component (AddParameter): Name = "Case/Package"; Value = "0603"; VariantName = "[No Variations]"
Add component (AddParameter): Name = "Depth"; Value = "0.8mm"; VariantName = "[No Variations]"
Add component (AddParameter): Name = "Dielectric"; Value = "X5R"; VariantName = "[No Variations]"
Add component (AddParameter): Name = "Height"; Value = "0.8mm"; VariantName = "[No Variations]"
Add component (AddParameter): Name = "Lead Free"; Value = "Lead Free"; VariantName = "[No Variations]"
Add component (AddParameter): Name = "Length"; Value = "1.6mm"; VariantName = "[No Variations]"
Add component (AddParameter): Name = "Material"; Value = "Ceramic"; VariantName = "[No Variations]"
Add component (AddParameter): Name = "Max Operating Temperature"; Value = "85°C"; VariantName = "[No Variations]"
Add component (AddParameter): Name = "Min Operating Temperature"; Value = "-55°C"; VariantName = "[No Variations]"
Add component (AddParameter): Name = "Mount"; Value = "Surface Mount"; VariantName = "[No Variations]"
Add component (AddParameter): Name = "Package Quantity"; Value = "4000"; VariantName = "[No Variations]"
Add component (AddParameter): Name = "Packaging"; Value = "Tape and Reel"; VariantName = "[No Variations]"
Add component (AddParameter): Name = "REACH SVHC"; Value = "No SVHC"; VariantName = "[No Variations]"
Add component (AddParameter): Name = "Termination"; Value = "SMD/SMT"; VariantName = "[No Variations]"
Add component (AddParameter): Name = "Thickness"; Value = "0.039inch"; VariantName = "[No Variations]"
Add component (AddParameter): Name = "Tolerance"; Value = "20%"; VariantName = "[No Variations]"
Add component (AddParameter): Name = "Voltage Rating"; Value = "10V"; VariantName = "[No Variations]"
Add component (AddParameter): Name = "Voltage Rating (DC)"; Value = "10V"; VariantName = "[No Variations]"
Add component (AddParameter): Name = "Weight"; Value = "0.000222oz"; VariantName = "[No Variations]"
Add component (AddParameter): Name = "Width"; Value = "0.8mm"; VariantName = "[No Variations]"
Added Component: Designator=C141(FP-C0603-030-0_03-IPC_C)
Add component (AddParameter): Name = "Capacitance"; Value = "220nF"; VariantName = "[No Variations]"
Add component (AddParameter): Name = "Case Code (Imperial)"; Value = "0201"; VariantName = "[No Variations]"
Add component (AddParameter): Name = "Case Code (Metric)"; Value = "0603"; VariantName = "[No Variations]"
Add component (AddParameter): Name = "Case/Package"; Value = "0201"; VariantName = "[No Variations]"
Add component (AddParameter): Name = "Construction"; Value = "Flat"; VariantName = "[No Variations]"
Add component (AddParameter): Name = "Depth"; Value = "0.3mm"; VariantName = "[No Variations]"
Add component (AddParameter): Name = "Dielectric"; Value = "X6S"; VariantName = "[No Variations]"
Add component (AddParameter): Name = "Dielectric Material"; Value = "Ceramic"; VariantName = "[No Variations]"
Add component (AddParameter): Name = "Height"; Value = "0.3mm"; VariantName = "[No Variations]"
Add component (AddParameter): Name = "Lead Free"; Value = "Lead Free"; VariantName = "[No Variations]"
Add component (AddParameter): Name = "Length"; Value = "0.6mm"; VariantName = "[No Variations]"
Add component (AddParameter): Name = "Max Operating Temperature"; Value = "105°C"; VariantName = "[No Variations]"
Add component (AddParameter): Name = "Min Operating Temperature"; Value = "-55°C"; VariantName = "[No Variations]"
Add component (AddParameter): Name = "Mount"; Value = "Surface Mount"; VariantName = "[No Variations]"
Add component (AddParameter): Name = "Package Quantity"; Value = "1"; VariantName = "[No Variations]"
Add component (AddParameter): Name = "Packaging"; Value = "Cut Tape"; VariantName = "[No Variations]"
Add component (AddParameter): Name = "REACH SVHC"; Value = "No SVHC"; VariantName = "[No Variations]"
Add component (AddParameter): Name = "Resistor Type"; Value = "Ceramic"; VariantName = "[No Variations]"
Add component (AddParameter): Name = "RoHS Compliant"; Value = "Yes"; VariantName = "[No Variations]"
Add component (AddParameter): Name = "Series"; Value = "C"; VariantName = "[No Variations]"
Add component (AddParameter): Name = "Termination"; Value = "SMD/SMT"; VariantName = "[No Variations]"
Add component (AddParameter): Name = "Thickness"; Value = "300um"; VariantName = "[No Variations]"
Add component (AddParameter): Name = "Tolerance"; Value = "10%"; VariantName = "[No Variations]"
Add component (AddParameter): Name = "Voltage Rating"; Value = "6.3V"; VariantName = "[No Variations]"
Add component (AddParameter): Name = "Voltage Rating (DC)"; Value = "6.3V"; VariantName = "[No Variations]"
Add component (AddParameter): Name = "Weight"; Value = "6E-06oz"; VariantName = "[No Variations]"
Add component (AddParameter): Name = "Width"; Value = "0.012inch"; VariantName = "[No Variations]"
Added Component: Designator=C142(FP-C0603-030-0_03-IPC_C)
Add component (AddParameter): Name = "Capacitance"; Value = "220nF"; VariantName = "[No Variations]"
Add component (AddParameter): Name = "Case Code (Imperial)"; Value = "0201"; VariantName = "[No Variations]"
Add component (AddParameter): Name = "Case Code (Metric)"; Value = "0603"; VariantName = "[No Variations]"
Add component (AddParameter): Name = "Case/Package"; Value = "0201"; VariantName = "[No Variations]"
Add component (AddParameter): Name = "Construction"; Value = "Flat"; VariantName = "[No Variations]"
Add component (AddParameter): Name = "Depth"; Value = "0.3mm"; VariantName = "[No Variations]"
Add component (AddParameter): Name = "Dielectric"; Value = "X6S"; VariantName = "[No Variations]"
Add component (AddParameter): Name = "Dielectric Material"; Value = "Ceramic"; VariantName = "[No Variations]"
Add component (AddParameter): Name = "Height"; Value = "0.3mm"; VariantName = "[No Variations]"
Add component (AddParameter): Name = "Lead Free"; Value = "Lead Free"; VariantName = "[No Variations]"
Add component (AddParameter): Name = "Length"; Value = "0.6mm"; VariantName = "[No Variations]"
Add component (AddParameter): Name = "Max Operating Temperature"; Value = "105°C"; VariantName = "[No Variations]"
Add component (AddParameter): Name = "Min Operating Temperature"; Value = "-55°C"; VariantName = "[No Variations]"
Add component (AddParameter): Name = "Mount"; Value = "Surface Mount"; VariantName = "[No Variations]"
Add component (AddParameter): Name = "Package Quantity"; Value = "1"; VariantName = "[No Variations]"
Add component (AddParameter): Name = "Packaging"; Value = "Cut Tape"; VariantName = "[No Variations]"
Add component (AddParameter): Name = "REACH SVHC"; Value = "No SVHC"; VariantName = "[No Variations]"
Add component (AddParameter): Name = "Resistor Type"; Value = "Ceramic"; VariantName = "[No Variations]"
Add component (AddParameter): Name = "RoHS Compliant"; Value = "Yes"; VariantName = "[No Variations]"
Add component (AddParameter): Name = "Series"; Value = "C"; VariantName = "[No Variations]"
Add component (AddParameter): Name = "Termination"; Value = "SMD/SMT"; VariantName = "[No Variations]"
Add component (AddParameter): Name = "Thickness"; Value = "300um"; VariantName = "[No Variations]"
Add component (AddParameter): Name = "Tolerance"; Value = "10%"; VariantName = "[No Variations]"
Add component (AddParameter): Name = "Voltage Rating"; Value = "6.3V"; VariantName = "[No Variations]"
Add component (AddParameter): Name = "Voltage Rating (DC)"; Value = "6.3V"; VariantName = "[No Variations]"
Add component (AddParameter): Name = "Weight"; Value = "6E-06oz"; VariantName = "[No Variations]"
Add component (AddParameter): Name = "Width"; Value = "0.012inch"; VariantName = "[No Variations]"
Added Component: Designator=C154(CAPC1005X55X25ML5T10)
Add component (AddParameter): Name = "Capacitance"; Value = "1 nF"; VariantName = "[No Variations]"
Add component (AddParameter): Name = "Case Code (Imperial)"; Value = "0402"; VariantName = "[No Variations]"
Add component (AddParameter): Name = "Case Code (Metric)"; Value = "1005"; VariantName = "[No Variations]"
Add component (AddParameter): Name = "Case\/Package"; Value = "0402"; VariantName = "[No Variations]"
Add component (AddParameter): Name = "ComponentLink1Description"; Value = "Manufacturer URL"; VariantName = "[No Variations]"
Add component (AddParameter): Name = "ComponentLink1URL"; Value = "http://www.murata.com/"; VariantName = "[No Variations]"
Add component (AddParameter): Name = "ComponentLink2Description"; Value = "Datasheet"; VariantName = "[No Variations]"
Add component (AddParameter): Name = "ComponentLink2URL"; Value = "http://psearch.en.murata.com/capacitor/product/GRM155R71H102KA01%23.pdf"; VariantName = "[No Variations]"
Add component (AddParameter): Name = "DatasheetVersion"; Value = "07/2016"; VariantName = "[No Variations]"
Add component (AddParameter): Name = "Height"; Value = "0.5 mm"; VariantName = "[No Variations]"
Add component (AddParameter): Name = "Length"; Value = "1 mm"; VariantName = "[No Variations]"
Add component (AddParameter): Name = "Max Operating Temperature"; Value = "125 degC"; VariantName = "[No Variations]"
Add component (AddParameter): Name = "Min Operating Temperature"; Value = "-55 degC"; VariantName = "[No Variations]"
Add component (AddParameter): Name = "Mount"; Value = "Surface Mount"; VariantName = "[No Variations]"
Add component (AddParameter): Name = "Mounting Technology"; Value = "Surface Mount"; VariantName = "[No Variations]"
Add component (AddParameter): Name = "Package Quantity"; Value = "10000"; VariantName = "[No Variations]"
Add component (AddParameter): Name = "PackageDescription"; Value = "2-Pin Surface Mount Device, Body 1 x 0.5 mm"; VariantName = "[No Variations]"
Add component (AddParameter): Name = "PackageReference"; Value = "0402"; VariantName = "[No Variations]"
Add component (AddParameter): Name = "Packaging"; Value = "Tape and Reel"; VariantName = "[No Variations]"
Add component (AddParameter): Name = "Pins"; Value = "2"; VariantName = "[No Variations]"
Add component (AddParameter): Name = "Radiation Hardening"; Value = "No"; VariantName = "[No Variations]"
Add component (AddParameter): Name = "REACH SVHC"; Value = "No SVHC"; VariantName = "[No Variations]"
Add component (AddParameter): Name = "RoHSCompliant"; Value = "true"; VariantName = "[No Variations]"
Add component (AddParameter): Name = "Tolerance"; Value = "10%"; VariantName = "[No Variations]"
Add component (AddParameter): Name = "Type (Capacitors)"; Value = "X7R"; VariantName = "[No Variations]"
Add component (AddParameter): Name = "Voltage Rating"; Value = "50 V"; VariantName = "[No Variations]"
Add component (AddParameter): Name = "Voltage Rating (DC)"; Value = "50 V"; VariantName = "[No Variations]"
Add component (AddParameter): Name = "Width"; Value = "0.5 mm"; VariantName = "[No Variations]"
Added Component: Designator=C155(CAPC1005X55X25ML5T10)
Add component (AddParameter): Name = "Capacitance"; Value = "1 nF"; VariantName = "[No Variations]"
Add component (AddParameter): Name = "Case Code (Imperial)"; Value = "0402"; VariantName = "[No Variations]"
Add component (AddParameter): Name = "Case Code (Metric)"; Value = "1005"; VariantName = "[No Variations]"
Add component (AddParameter): Name = "Case\/Package"; Value = "0402"; VariantName = "[No Variations]"
Add component (AddParameter): Name = "ComponentLink1Description"; Value = "Manufacturer URL"; VariantName = "[No Variations]"
Add component (AddParameter): Name = "ComponentLink1URL"; Value = "http://www.murata.com/"; VariantName = "[No Variations]"
Add component (AddParameter): Name = "ComponentLink2Description"; Value = "Datasheet"; VariantName = "[No Variations]"
Add component (AddParameter): Name = "ComponentLink2URL"; Value = "http://psearch.en.murata.com/capacitor/product/GRM155R71H102KA01%23.pdf"; VariantName = "[No Variations]"
Add component (AddParameter): Name = "DatasheetVersion"; Value = "07/2016"; VariantName = "[No Variations]"
Add component (AddParameter): Name = "Height"; Value = "0.5 mm"; VariantName = "[No Variations]"
Add component (AddParameter): Name = "Length"; Value = "1 mm"; VariantName = "[No Variations]"
Add component (AddParameter): Name = "Max Operating Temperature"; Value = "125 degC"; VariantName = "[No Variations]"
Add component (AddParameter): Name = "Min Operating Temperature"; Value = "-55 degC"; VariantName = "[No Variations]"
Add component (AddParameter): Name = "Mount"; Value = "Surface Mount"; VariantName = "[No Variations]"
Add component (AddParameter): Name = "Mounting Technology"; Value = "Surface Mount"; VariantName = "[No Variations]"
Add component (AddParameter): Name = "Package Quantity"; Value = "10000"; VariantName = "[No Variations]"
Add component (AddParameter): Name = "PackageDescription"; Value = "2-Pin Surface Mount Device, Body 1 x 0.5 mm"; VariantName = "[No Variations]"
Add component (AddParameter): Name = "PackageReference"; Value = "0402"; VariantName = "[No Variations]"
Add component (AddParameter): Name = "Packaging"; Value = "Tape and Reel"; VariantName = "[No Variations]"
Add component (AddParameter): Name = "Pins"; Value = "2"; VariantName = "[No Variations]"
Add component (AddParameter): Name = "Radiation Hardening"; Value = "No"; VariantName = "[No Variations]"
Add component (AddParameter): Name = "REACH SVHC"; Value = "No SVHC"; VariantName = "[No Variations]"
Add component (AddParameter): Name = "RoHSCompliant"; Value = "true"; VariantName = "[No Variations]"
Add component (AddParameter): Name = "Tolerance"; Value = "10%"; VariantName = "[No Variations]"
Add component (AddParameter): Name = "Type (Capacitors)"; Value = "X7R"; VariantName = "[No Variations]"
Add component (AddParameter): Name = "Voltage Rating"; Value = "50 V"; VariantName = "[No Variations]"
Add component (AddParameter): Name = "Voltage Rating (DC)"; Value = "50 V"; VariantName = "[No Variations]"
Add component (AddParameter): Name = "Width"; Value = "0.5 mm"; VariantName = "[No Variations]"
Added Component: Designator=C?(CAPC1005X55X25ML5T10)
Add component (AddParameter): Name = "Capacitance"; Value = "1 nF"; VariantName = "[No Variations]"
Add component (AddParameter): Name = "Case Code (Imperial)"; Value = "0402"; VariantName = "[No Variations]"
Add component (AddParameter): Name = "Case Code (Metric)"; Value = "1005"; VariantName = "[No Variations]"
Add component (AddParameter): Name = "Case\/Package"; Value = "0402"; VariantName = "[No Variations]"
Add component (AddParameter): Name = "ComponentLink1Description"; Value = "Manufacturer URL"; VariantName = "[No Variations]"
Add component (AddParameter): Name = "ComponentLink1URL"; Value = "http://www.murata.com/"; VariantName = "[No Variations]"
Add component (AddParameter): Name = "ComponentLink2Description"; Value = "Datasheet"; VariantName = "[No Variations]"
Add component (AddParameter): Name = "ComponentLink2URL"; Value = "http://psearch.en.murata.com/capacitor/product/GRM155R71H102KA01%23.pdf"; VariantName = "[No Variations]"
Add component (AddParameter): Name = "DatasheetVersion"; Value = "07/2016"; VariantName = "[No Variations]"
Add component (AddParameter): Name = "Height"; Value = "0.5 mm"; VariantName = "[No Variations]"
Add component (AddParameter): Name = "Length"; Value = "1 mm"; VariantName = "[No Variations]"
Add component (AddParameter): Name = "Max Operating Temperature"; Value = "125 degC"; VariantName = "[No Variations]"
Add component (AddParameter): Name = "Min Operating Temperature"; Value = "-55 degC"; VariantName = "[No Variations]"
Add component (AddParameter): Name = "Mount"; Value = "Surface Mount"; VariantName = "[No Variations]"
Add component (AddParameter): Name = "Mounting Technology"; Value = "Surface Mount"; VariantName = "[No Variations]"
Add component (AddParameter): Name = "Package Quantity"; Value = "10000"; VariantName = "[No Variations]"
Add component (AddParameter): Name = "PackageDescription"; Value = "2-Pin Surface Mount Device, Body 1 x 0.5 mm"; VariantName = "[No Variations]"
Add component (AddParameter): Name = "PackageReference"; Value = "0402"; VariantName = "[No Variations]"
Add component (AddParameter): Name = "Packaging"; Value = "Tape and Reel"; VariantName = "[No Variations]"
Add component (AddParameter): Name = "Pins"; Value = "2"; VariantName = "[No Variations]"
Add component (AddParameter): Name = "Radiation Hardening"; Value = "No"; VariantName = "[No Variations]"
Add component (AddParameter): Name = "REACH SVHC"; Value = "No SVHC"; VariantName = "[No Variations]"
Add component (AddParameter): Name = "RoHSCompliant"; Value = "true"; VariantName = "[No Variations]"
Add component (AddParameter): Name = "Tolerance"; Value = "10%"; VariantName = "[No Variations]"
Add component (AddParameter): Name = "Type (Capacitors)"; Value = "X7R"; VariantName = "[No Variations]"
Add component (AddParameter): Name = "Voltage Rating"; Value = "50 V"; VariantName = "[No Variations]"
Add component (AddParameter): Name = "Voltage Rating (DC)"; Value = "50 V"; VariantName = "[No Variations]"
Add component (AddParameter): Name = "Width"; Value = "0.5 mm"; VariantName = "[No Variations]"
Added Component: Designator=D?(FP-SML-P1-MFG)
Add component (AddParameter): Name = "Automotive"; Value = "No"; VariantName = "[No Variations]"
Add component (AddParameter): Name = "Category"; Value = "Diode"; VariantName = "[No Variations]"
Add component (AddParameter): Name = "Colour"; Value = "Green"; VariantName = "[No Variations]"
Add component (AddParameter): Name = "ComponentLink2Description"; Value = "Datasheet"; VariantName = "[No Variations]"
Add component (AddParameter): Name = "ComponentLink2URL"; Value = "https://www.rohm.com/datasheet/SML-P12DT(R)"; VariantName = "[No Variations]"
Add component (AddParameter): Name = "Device Class L1"; Value = "Optoelectronics"; VariantName = "[No Variations]"
Add component (AddParameter): Name = "Device Class L2"; Value = "LEDs"; VariantName = "[No Variations]"
Add component (AddParameter): Name = "Device Class L3"; Value = "unset"; VariantName = "[No Variations]"
Add component (AddParameter): Name = "Digikey Description"; Value = "LED GREEN CLEAR 1006 SMD"; VariantName = "[No Variations]"
Add component (AddParameter): Name = "Forward Current"; Value = "20mA"; VariantName = "[No Variations]"
Add component (AddParameter): Name = "Forward Voltage"; Value = "2.1V"; VariantName = "[No Variations]"
Add component (AddParameter): Name = "Height"; Value = "0.25mm"; VariantName = "[No Variations]"
Add component (AddParameter): Name = "Lead Free"; Value = "Yes"; VariantName = "[No Variations]"
Add component (AddParameter): Name = "Led Orientation"; Value = "Top View"; VariantName = "[No Variations]"
Add component (AddParameter): Name = "Luminous Intensity"; Value = "10mcd"; VariantName = "[No Variations]"
Add component (AddParameter): Name = "Manufacturer"; Value = "Rohm"; VariantName = "[No Variations]"
Add component (AddParameter): Name = "Manufacturer Part Number"; Value = "SML-P12PTT86"; VariantName = "[No Variations]"
Add component (AddParameter): Name = "Mouser Description"; Value = "Standard LEDs - SMD SMD Green 13 mcd height=0.2"; VariantName = "[No Variations]"
Add component (AddParameter): Name = "Octopart"; Value = "https://octopart.com/sml-p12ptt86-rohm-9290705"; VariantName = "[No Variations]"
Add component (AddParameter): Name = "Package"; Value = "SML-P1"; VariantName = "[No Variations]"
Add component (AddParameter): Name = "Power Dissipation"; Value = "52mW"; VariantName = "[No Variations]"
Add component (AddParameter): Name = "Reverse Voltage"; Value = "5V"; VariantName = "[No Variations]"
Add component (AddParameter): Name = "RoHS"; Value = "TRUE"; VariantName = "[No Variations]"
Add component (AddParameter): Name = "Temperature"; Value = "-40°C to +85°C"; VariantName = "[No Variations]"
Add component (AddParameter): Name = "Temperature Range High"; Value = "+85°C"; VariantName = "[No Variations]"
Add component (AddParameter): Name = "Temperature Range Low"; Value = "-40°C"; VariantName = "[No Variations]"
Add component (AddParameter): Name = "Wavelength"; Value = "560nm"; VariantName = "[No Variations]"
Added Component: Designator=L?(LQP03TG3N1B02D)
Add component (AddParameter): Name = "Arrow Part Number"; Value = ""; VariantName = "[No Variations]"
Add component (AddParameter): Name = "Arrow Price/Stock"; Value = ""; VariantName = "[No Variations]"
Add component (AddParameter): Name = "Datasheet Link"; Value = "https://psearch.en.murata.com/inductor/product/LQP03TN16NH02%23.html"; VariantName = "[No Variations]"
Add component (AddParameter): Name = "Height"; Value = "0.33mm"; VariantName = "[No Variations]"
Add component (AddParameter): Name = "Manufacturer_Name"; Value = "Murata Electronics"; VariantName = "[No Variations]"
Add component (AddParameter): Name = "Manufacturer_Part_Number"; Value = "LQP03TN16NH02D"; VariantName = "[No Variations]"
Add component (AddParameter): Name = "Mouser Part Number"; Value = ""; VariantName = "[No Variations]"
Add component (AddParameter): Name = "Mouser Price/Stock"; Value = ""; VariantName = "[No Variations]"
Add component (AddParameter): Name = "Mouser Testing Part Number"; Value = ""; VariantName = "[No Variations]"
Add component (AddParameter): Name = "Mouser Testing Price/Stock"; Value = ""; VariantName = "[No Variations]"
Added Component: Designator=MD1(FP-BGM220SC12WGA2-MFG)
Added Component: Designator=R74(RESC0603X28X15NL05T05)
Add component (AddParameter): Name = "Manufacturer"; Value = "Vishay"; VariantName = "[No Variations]"
Add component (AddParameter): Name = "Part Number"; Value = "CRCW0201100RFNED"; VariantName = "[No Variations]"
Added Component: Designator=R?(FP-CRCW0402-e3-MFG)
Add component (AddParameter): Name = "Case Code (Imperial)"; Value = "0402"; VariantName = "[No Variations]"
Add component (AddParameter): Name = "Case Code (Metric)"; Value = "1005"; VariantName = "[No Variations]"
Add component (AddParameter): Name = "Case/Package"; Value = "0402"; VariantName = "[No Variations]"
Add component (AddParameter): Name = "Composition"; Value = "Thick Film"; VariantName = "[No Variations]"
Add component (AddParameter): Name = "Contact Plating"; Value = "Tin"; VariantName = "[No Variations]"
Add component (AddParameter): Name = "Depth"; Value = "0.5mm"; VariantName = "[No Variations]"
Add component (AddParameter): Name = "Features"; Value = "Automotive AEC-Q200"; VariantName = "[No Variations]"
Add component (AddParameter): Name = "Height"; Value = "0.35mm"; VariantName = "[No Variations]"
Add component (AddParameter): Name = "Lead Free"; Value = "Lead Free"; VariantName = "[No Variations]"
Add component (AddParameter): Name = "Length"; Value = "1mm"; VariantName = "[No Variations]"
Add component (AddParameter): Name = "Max Operating Temperature"; Value = "155°C"; VariantName = "[No Variations]"
Add component (AddParameter): Name = "Max Power Dissipation"; Value = "63mW"; VariantName = "[No Variations]"
Add component (AddParameter): Name = "Military Standard"; Value = "Not"; VariantName = "[No Variations]"
Add component (AddParameter): Name = "Min Operating Temperature"; Value = "-55°C"; VariantName = "[No Variations]"
Add component (AddParameter): Name = "Mount"; Value = "Surface Mount"; VariantName = "[No Variations]"
Add component (AddParameter): Name = "Number of Terminations"; Value = "2"; VariantName = "[No Variations]"
Add component (AddParameter): Name = "Package Quantity"; Value = "10"; VariantName = "[No Variations]"
Add component (AddParameter): Name = "Packaging"; Value = "Tape and Reel"; VariantName = "[No Variations]"
Add component (AddParameter): Name = "Power Rating"; Value = "63mW"; VariantName = "[No Variations]"
Add component (AddParameter): Name = "Radiation Hardening"; Value = "No"; VariantName = "[No Variations]"
Add component (AddParameter): Name = "Resistance"; Value = "300R"; VariantName = "[No Variations]"
Add component (AddParameter): Name = "Temperature Coefficient"; Value = "100ppm/°C"; VariantName = "[No Variations]"
Add component (AddParameter): Name = "Termination"; Value = "SMD/SMT"; VariantName = "[No Variations]"
Add component (AddParameter): Name = "Tolerance"; Value = "1%"; VariantName = "[No Variations]"
Add component (AddParameter): Name = "Voltage Rating"; Value = "50V"; VariantName = "[No Variations]"
Add component (AddParameter): Name = "Voltage Rating (DC)"; Value = "50V"; VariantName = "[No Variations]"
Add component (AddParameter): Name = "Weight"; Value = "2.3E-05oz"; VariantName = "[No Variations]"
Add component (AddParameter): Name = "Width"; Value = "0.02inch"; VariantName = "[No Variations]"
Added Component: Designator=X1(ABRA-ABS25-4_V)
Add component (AddParameter): Name = "Brand"; Value = "ABRACON"; VariantName = "[No Variations]"
Add component (AddParameter): Name = "Case Height"; Value = "2.5mm"; VariantName = "[No Variations]"
Add component (AddParameter): Name = "Case Length"; Value = "8mm"; VariantName = "[No Variations]"
Add component (AddParameter): Name = "Case Width"; Value = "3.8mm"; VariantName = "[No Variations]"
Add component (AddParameter): Name = "Datasheet URL"; Value = "https://datasheet.ciiva.com/854/abs25-854528.pdf"; VariantName = "[No Variations]"
Add component (AddParameter): Name = "Datasheet Version"; Value = "Jun-17"; VariantName = "[No Variations]"
Add component (AddParameter): Name = "Dimensions"; Value = "3.8mmWx8mmLx2.5mmH"; VariantName = "[No Variations]"
Add component (AddParameter): Name = "ESR"; Value = "50kOhms"; VariantName = "[No Variations]"
Add component (AddParameter): Name = "Factory Pack Quantity"; Value = "3000"; VariantName = "[No Variations]"
Add component (AddParameter): Name = "Frequency"; Value = "32.768kHz"; VariantName = "[No Variations]"
Add component (AddParameter): Name = "Load Capacitance"; Value = "6pF"; VariantName = "[No Variations]"
Add component (AddParameter): Name = "Manufacturer"; Value = "Abracon"; VariantName = "[No Variations]"
Add component (AddParameter): Name = "Manufacturer URL"; Value = "http://www.abracon.com/"; VariantName = "[No Variations]"
Add component (AddParameter): Name = "Mounting Style"; Value = "SMD/SMT"; VariantName = "[No Variations]"
Add component (AddParameter): Name = "Operating Temperature Range"; Value = "-40Cto+85C"; VariantName = "[No Variations]"
Add component (AddParameter): Name = "Package / Case"; Value = "8mmx3.8mm"; VariantName = "[No Variations]"
Add component (AddParameter): Name = "Package Description"; Value = "4-Pin Surface Mount Device, Body 8 x 3.8 mm, Pitch 5.5 mm"; VariantName = "[No Variations]"
Add component (AddParameter): Name = "Package Reference"; Value = "ABS25"; VariantName = "[No Variations]"
Add component (AddParameter): Name = "Packaging"; Value = "Reel"; VariantName = "[No Variations]"
Add component (AddParameter): Name = "Product Category"; Value = "Crystals"; VariantName = "[No Variations]"
Add component (AddParameter): Name = "RoHS"; Value = "Details"; VariantName = "[No Variations]"
Add component (AddParameter): Name = "Series"; Value = "ABS25"; VariantName = "[No Variations]"
Add component (AddParameter): Name = "Termination Style"; Value = "SMD/SMT"; VariantName = "[No Variations]"
Add component (AddParameter): Name = "Tolerance"; Value = "20PPM"; VariantName = "[No Variations]"
Add component (AddParameter): Name = "Type"; Value = "LowFrequencyCrystal"; VariantName = "[No Variations]"
Added Pin To Net: NetName=CTR Pin=ANT1-2
Added Pin To Net: NetName=CTR Pin=ANT1-3
Added Pin To Net: NetName=+VS Pin=C140-1
Added Pin To Net: NetName=CTR Pin=C140-2
Added Pin To Net: NetName=+VS Pin=C141-1
Added Pin To Net: NetName=CTR Pin=C141-2
Added Pin To Net: NetName=+VS Pin=C142-1
Added Pin To Net: NetName=CTR Pin=C142-2
Added Pin To Net: NetName=CTR Pin=C154-1
Added Pin To Net: NetName=CTR Pin=C155-1
Added Pin To Net: NetName=CTR Pin=C?-1
Added Pin To Net: NetName=CTR Pin=D?-1
Add Pin To Net: Unknown Pin: Pin L1-1
Added Pin To Net: NetName=CTR Pin=MD1-4
Added Pin To Net: NetName=CTR Pin=MD1-5
Added Pin To Net: NetName=+VS Pin=MD1-22
Added Pin To Net: NetName=+VS Pin=MD1-23
Added Pin To Net: NetName=CTR Pin=MD1-36
Added Pin To Net: NetName=CTR Pin=MD1-41
Added Pin To Net: NetName=CTR Pin=MD1-42
Added Pin To Net: NetName=CTR Pin=MD1-43
Added Pin To Net: NetName=CTR Pin=MD1-44
Added Pin To Net: NetName=+1V0 Pin=R67-1
Added Pin To Net: NetName=+1V35 Pin=R72-1
Added Pin To Net: NetName=+1V8 Pin=R73-1
Added Pin To Net: NetName=+VS Pin=R?-1
Change Net Name : Old Net Name=NetC12_1 New Net Name=NetC36_1
Change Net Name : Old Net Name=NetC13_1 New Net Name=NetC37_1
Change Net Name : Old Net Name=NetC14_2 New Net Name=NetC38_2
Change Net Name : Old Net Name=NetC15_1 New Net Name=NetC39_1
Change Net Name : Old Net Name=NetC16_1 New Net Name=NetC40_1
Change Net Name : Old Net Name=NetC17_2 New Net Name=NetC41_2
Change Net Name : Old Net Name=NetC18_1 New Net Name=NetC42_1
Change Net Name : Old Net Name=NetC22_1 New Net Name=NetC120_1
Change Net Name : Old Net Name=NetC22_2 New Net Name=NetC120_2
Change Net Name : Old Net Name=NetC23_1 New Net Name=NetC121_1
Change Net Name : Old Net Name=NetC24_1 New Net Name=NetC122_1
Change Net Name : Old Net Name=NetC24_2 New Net Name=NetC122_2
Change Net Name : Old Net Name=NetC25_2 New Net Name=NetC123_2
Change Net Name : Old Net Name=NetC26_1 New Net Name=NetC124_1
Change Net Name : Old Net Name=NetC29_1 New Net Name=NetC127_1
Change Net Name : Old Net Name=NetC30_1 New Net Name=NetC128_1
Change Net Name : Old Net Name=NetC44_2 New Net Name=NetC14_2
Change Net Name : Old Net Name=NetC46_1 New Net Name=NetC16_1
Change Net Name : Old Net Name=NetC48_2 New Net Name=NetC18_2
Change Net Name : Old Net Name=NetC52_2 New Net Name=NetC22_2
Change Net Name : Old Net Name=NetC53_1 New Net Name=NetC23_1
Change Net Name : Old Net Name=NetC55_2 New Net Name=NetC132_2
Change Net Name : Old Net Name=NetC56_1 New Net Name=NetC133_1
Change Net Name : Old Net Name=NetC56_2 New Net Name=NetC133_2
Change Net Name : Old Net Name=NetC61_2 New Net Name=NetC138_2
Change Net Name : Old Net Name=NetC62_1 New Net Name=NetC139_1
Change Net Name : Old Net Name=NetC63_2 New Net Name=NetC143_2
Change Net Name : Old Net Name=NetC65_1 New Net Name=NetC145_1
Change Net Name : Old Net Name=NetC69_1 New Net Name=NetC149_1
Change Net Name : Old Net Name=NetC72_1 New Net Name=NetC152_1
Change Net Name : Old Net Name=NetC73_1 New Net Name=NetC153_1
Change Net Name : Old Net Name=NetC75_2 New Net Name=NetC66_2
Change Net Name : Old Net Name=NetC82_1 New Net Name=NetC63_1
Change Net Name : Old Net Name=NetC89_2 New Net Name=NetC64_2
Change Net Name : Old Net Name=NetC97_1 New Net Name=NetC68_1
Change Net Name : Old Net Name=NetC101_2 New Net Name=NetC77_2
Change Net Name : Old Net Name=NetC102_1 New Net Name=NetC78_1
Change Net Name : Old Net Name=NetC105_2 New Net Name=NetC80_2
Change Net Name : Old Net Name=NetC106_2 New Net Name=NetC83_2
Change Net Name : Old Net Name=NetC110_1 New Net Name=NetC97_1
Change Net Name : Old Net Name=NetC126_1 New Net Name=NetC82_1
Change Net Name : Old Net Name=NetC127_2 New Net Name=NetC114_2
Change Net Name : Old Net Name=NetC129_2 New Net Name=NetC116_2
Change Net Name : Old Net Name=NetC130_2 New Net Name=NetC117_2
Change Net Name : Old Net Name=NetD1_1 New Net Name=NetD2_1
Change Net Name : Old Net Name=NetD2_1 New Net Name=NetD3_1
Change Net Name : Old Net Name=NetD2_2 New Net Name=NetD3_2
Change Net Name : Old Net Name=NetD3_1 New Net Name=NetD4_1
Change Net Name : Old Net Name=NetD3_2 New Net Name=NetD4_2
Change Net Name : Old Net Name=NetD4_2 New Net Name=NetD5_2
Change Net Name : Old Net Name=NetD5_2 New Net Name=NetD6_2
Change Net Name : Old Net Name=NetD6_2 New Net Name=NetD7_2
Change Net Name : Old Net Name=NetD7_1 New Net Name=NetD1_1
Change Net Name : Old Net Name=NetD7_2 New Net Name=NetD1_2
Change Net Name : Old Net Name=NetIC1_2 New Net Name=NetIC3_2
Change Net Name : Old Net Name=NetIC1_7 New Net Name=NetIC3_7
Change Net Name : Old Net Name=NetIC2_12 New Net Name=NetIC4_12
Change Net Name : Old Net Name=NetIC2_13 New Net Name=NetIC4_13
Change Net Name : Old Net Name=NetIC3_1 New Net Name=NetIC5_1
Change Net Name : Old Net Name=NetIC3_6 New Net Name=NetIC5_6
Change Net Name : Old Net Name=NetIC5_L8 New Net Name=NetIC6_L8
Change Net Name : Old Net Name=NetIC5_T2 New Net Name=NetIC6_T2
Change Net Name : Old Net Name=NetQ1_2 New Net Name=NetQ2_2
Change Net Name : Old Net Name=NetR43_1 New Net Name=NetR58_1
Change Net Name : Old Net Name=NetR44_1 New Net Name=NetR51_1
Change Net Name : Old Net Name=NetR45_1 New Net Name=NetR52_1
Added Pin To Net: NetName=ANT IN Pin=MD1-3
Added Pin To Net: NetName=ANT IN Pin=R74-2
Added Net: Name=ANT IN
Added Pin To Net: NetName=ANT Point Pin=L?-2
Added Net: Name=ANT Point
Added Pin To Net: NetName=BLE CTS Pin=MD1-19
Added Pin To Net: NetName=BLE CTS Pin=U1-AB6
Added Net: Name=BLE CTS
Added Pin To Net: NetName=BLE Reset Pin=MD1-35
Added Net: Name=BLE Reset
Added Pin To Net: NetName=BLE RTS Pin=MD1-20
Added Pin To Net: NetName=BLE RTS Pin=U1-AB5
Added Net: Name=BLE RTS
Added Pin To Net: NetName=BLE RX Pin=MD1-17
Added Pin To Net: NetName=BLE RX Pin=U1-T1
Added Net: Name=BLE RX
Added Pin To Net: NetName=BLE TX Pin=MD1-18
Added Pin To Net: NetName=BLE TX Pin=U1-V1
Added Net: Name=BLE TX
Added Pin To Net: NetName=NetC154_2 Pin=C154-2
Added Pin To Net: NetName=NetC154_2 Pin=MD1-27
Added Pin To Net: NetName=NetC154_2 Pin=X1-1
Added Net: Name=NetC154_2
Added Pin To Net: NetName=NetC155_2 Pin=C155-2
Added Pin To Net: NetName=NetC155_2 Pin=MD1-26
Added Pin To Net: NetName=NetC155_2 Pin=X1-4
Added Net: Name=NetC155_2
Added Pin To Net: NetName=NetC?_2 Pin=C?-2
Added Pin To Net: NetName=NetC?_2 Pin=L?-1
Added Pin To Net: NetName=NetC?_2 Pin=MD1-40
Added Net: Name=NetC?_2
Added Pin To Net: NetName=NetD?_2 Pin=D?-2
Added Pin To Net: NetName=NetD?_2 Pin=R?-2
Added Net: Name=NetD?_2
Added Pin To Net: NetName=NetMD1_2 Pin=MD1-2
Added Pin To Net: NetName=NetMD1_2 Pin=R74-1
Added Net: Name=NetMD1_2
Add Differential Pair: Number of nets in differential pair DDR3L CK# is 1 instead of 2
Add Differential Pair: Number of nets in differential pair DDR3L CK is 1 instead of 2
Add Differential Pair: Number of nets in differential pair DDR3L LDQS# is 1 instead of 2
Add Differential Pair: Number of nets in differential pair DDR3L LDQS is 1 instead of 2
Add Differential Pair: Number of nets in differential pair DDR3L UDQS# is 1 instead of 2
Add Differential Pair: Number of nets in differential pair DDR3L UDQS is 1 instead of 2
Added Member To Class: ClassName=5_Airframe-NXP_i.MX7_Power Member=Component C89 0.22uF 0201
Added Member To Class: ClassName=5_Airframe-NXP_i.MX7_Power Member=Component C96 22uF 0603
Added Member To Class: ClassName=9_Airframe-Wireless Member=Component C140 10uF 0603
Added Member To Class: ClassName=9_Airframe-Wireless Member=Component C141 0.1uF 0201
Added Member To Class: ClassName=9_Airframe-Wireless Member=Component C142 0.1uF 0201
Added Member To Class: ClassName=9_Airframe-Wireless Member=Component C154 15pF 0402
Added Member To Class: ClassName=9_Airframe-Wireless Member=Component C155 15pF 0402
Added Member To Class: ClassName=9_Airframe-Wireless Member=Component C? 16pF 0402
Added Member To Class: ClassName=8_Airframe-Misc Member=Component D? SML-P12PTT86
Added Member To Class: ClassName=9_Airframe-Wireless Member=Component L? LQP03TN16NH02D
Added Member To Class: ClassName=9_Airframe-Wireless Member=Component MD1 BGM220SC12WGA2
Added Member To Class: ClassName=8_Airframe-Misc Member=Component R70 ERJ-2RKF4701X
Added Member To Class: ClassName=9_Airframe-Wireless Member=Component R74 0R 0201
Added Member To Class: ClassName=8_Airframe-Misc Member=Component R? CRCW0402300RFKED
Added Member To Class: ClassName=9_Airframe-Wireless Member=Component X1 ABS25-32.768KHZ-6-T
