Added Component: Designator=L?(WE-TPC-3816-S)
Add component (AddParameter): Name = "ComponentLink1Description"; Value = "Manufacturer Link"; VariantName = "[No Variations]"
Add component (AddParameter): Name = "ComponentLink1URL"; Value = "http://www.we-online.com"; VariantName = "[No Variations]"
Add component (AddParameter): Name = "ComponentLink2Description"; Value = "Datasheet"; VariantName = "[No Variations]"
Add component (AddParameter): Name = "ComponentLink2URL"; Value = "http://www.we-online.de/katalog/media/pdf/744031001.pdf"; VariantName = "[No Variations]"
Add component (AddParameter): Name = "DatasheetVersion"; Value = "ver 6, Jan-2009"; VariantName = "[No Variations]"
Add component (AddParameter): Name = "Inductance"; Value = "1.50 ÂµH"; VariantName = "[No Variations]"
Add component (AddParameter): Name = "PackageDescription"; Value = "SMD Inductor, 2-Leads, Body 3.8 x 3.8 mm"; VariantName = "[No Variations]"
Add component (AddParameter): Name = "PackageReference"; Value = "WE-TPC-3816-S"; VariantName = "[No Variations]"
Add component (AddParameter): Name = "PackageVersion"; Value = "2009"; VariantName = "[No Variations]"
Added Component: Designator=L?(FP-IHLP-2525CZ-FP_2_413x3-MFG)
Add component (AddParameter): Name = "Case Code (Imperial)"; Value = "2525"; VariantName = "[No Variations]"
Add component (AddParameter): Name = "Case/Package"; Value = "2525"; VariantName = "[No Variations]"
Add component (AddParameter): Name = "Contact Plating"; Value = "Tin"; VariantName = "[No Variations]"
Add component (AddParameter): Name = "Core Material"; Value = "Metal"; VariantName = "[No Variations]"
Add component (AddParameter): Name = "Current Rating"; Value = "9A"; VariantName = "[No Variations]"
Add component (AddParameter): Name = "DC Resistance (DCR)"; Value = "15mR"; VariantName = "[No Variations]"
Add component (AddParameter): Name = "Depth"; Value = "6.72mm"; VariantName = "[No Variations]"
Add component (AddParameter): Name = "Height"; Value = "3mm"; VariantName = "[No Variations]"
Add component (AddParameter): Name = "Height - Seated (Max)"; Value = "0.118inch"; VariantName = "[No Variations]"
Add component (AddParameter): Name = "Inductance"; Value = "1.5uH"; VariantName = "[No Variations]"
Add component (AddParameter): Name = "Inductance Tolerance"; Value = "20%"; VariantName = "[No Variations]"
Add component (AddParameter): Name = "Lead Free"; Value = "Lead Free"; VariantName = "[No Variations]"
Add component (AddParameter): Name = "Length"; Value = "7.24mm"; VariantName = "[No Variations]"
Add component (AddParameter): Name = "Max DC Current"; Value = "18A"; VariantName = "[No Variations]"
Add component (AddParameter): Name = "Max Operating Temperature"; Value = "125°C"; VariantName = "[No Variations]"
Add component (AddParameter): Name = "Military Standard"; Value = "Not"; VariantName = "[No Variations]"
Add component (AddParameter): Name = "Min Operating Temperature"; Value = "-55°C"; VariantName = "[No Variations]"
Add component (AddParameter): Name = "Mount"; Value = "Surface Mount"; VariantName = "[No Variations]"
Add component (AddParameter): Name = "Number of Pins"; Value = "2"; VariantName = "[No Variations]"
Add component (AddParameter): Name = "Package Quantity"; Value = "2000"; VariantName = "[No Variations]"
Add component (AddParameter): Name = "Packaging"; Value = "Tape and Reel"; VariantName = "[No Variations]"
Add component (AddParameter): Name = "Radiation Hardening"; Value = "No"; VariantName = "[No Variations]"
Add component (AddParameter): Name = "RMS Current (Irms)"; Value = "9A"; VariantName = "[No Variations]"
Add component (AddParameter): Name = "Saturation Current"; Value = "18A"; VariantName = "[No Variations]"
Add component (AddParameter): Name = "Self Resonant Frequency"; Value = "5MHz"; VariantName = "[No Variations]"
Add component (AddParameter): Name = "Shielding"; Value = "Shielded"; VariantName = "[No Variations]"
Add component (AddParameter): Name = "Termination"; Value = "SMD/SMT"; VariantName = "[No Variations]"
Add component (AddParameter): Name = "Test Frequency"; Value = "100kHz"; VariantName = "[No Variations]"
Add component (AddParameter): Name = "Tolerance"; Value = "20%"; VariantName = "[No Variations]"
Add component (AddParameter): Name = "Width"; Value = "6.47mm"; VariantName = "[No Variations]"
Added Component: Designator=L?(WE-TPC-3816-S)
Add component (AddParameter): Name = "ComponentLink1Description"; Value = "Manufacturer Link"; VariantName = "[No Variations]"
Add component (AddParameter): Name = "ComponentLink1URL"; Value = "http://www.we-online.com"; VariantName = "[No Variations]"
Add component (AddParameter): Name = "ComponentLink2Description"; Value = "Datasheet"; VariantName = "[No Variations]"
Add component (AddParameter): Name = "ComponentLink2URL"; Value = "http://www.we-online.de/katalog/media/pdf/744031001.pdf"; VariantName = "[No Variations]"
Add component (AddParameter): Name = "DatasheetVersion"; Value = "ver 6, Jan-2009"; VariantName = "[No Variations]"
Add component (AddParameter): Name = "Inductance"; Value = "1.50 ÂµH"; VariantName = "[No Variations]"
Add component (AddParameter): Name = "PackageDescription"; Value = "SMD Inductor, 2-Leads, Body 3.8 x 3.8 mm"; VariantName = "[No Variations]"
Add component (AddParameter): Name = "PackageReference"; Value = "WE-TPC-3816-S"; VariantName = "[No Variations]"
Add component (AddParameter): Name = "PackageVersion"; Value = "2009"; VariantName = "[No Variations]"
Added Component: Designator=L?(WE-TPC-3816-S)
Add component (AddParameter): Name = "ComponentLink1Description"; Value = "Manufacturer Link"; VariantName = "[No Variations]"
Add component (AddParameter): Name = "ComponentLink1URL"; Value = "http://www.we-online.com"; VariantName = "[No Variations]"
Add component (AddParameter): Name = "ComponentLink2Description"; Value = "Datasheet"; VariantName = "[No Variations]"
Add component (AddParameter): Name = "ComponentLink2URL"; Value = "http://www.we-online.de/katalog/media/pdf/744031001.pdf"; VariantName = "[No Variations]"
Add component (AddParameter): Name = "DatasheetVersion"; Value = "ver 6, Jan-2009"; VariantName = "[No Variations]"
Add component (AddParameter): Name = "Inductance"; Value = "1.50 ÂµH"; VariantName = "[No Variations]"
Add component (AddParameter): Name = "PackageDescription"; Value = "SMD Inductor, 2-Leads, Body 3.8 x 3.8 mm"; VariantName = "[No Variations]"
Add component (AddParameter): Name = "PackageReference"; Value = "WE-TPC-3816-S"; VariantName = "[No Variations]"
Add component (AddParameter): Name = "PackageVersion"; Value = "2009"; VariantName = "[No Variations]"
Add Net: Net with name "NetC?_1" already exists
Add Net: Net with name "NetC?_2" already exists
Add Net: Net with name "NetC?_2" already exists
Added Member To Class: ClassName=1_Airframe-Power_2 Member=Component C? 2u2 0402
Added Member To Class: ClassName=1_Airframe-Power_2 Member=Component C? 2u2 0402
Added Member To Class: ClassName=1_Airframe-Power_2 Member=Component C? 10k 0402
Added Member To Class: ClassName=1_Airframe-Power_2 Member=Component C? 2u2 0402
Added Member To Class: ClassName=1_Airframe-Power_2 Member=Component C? 24k 0402
Added Member To Class: ClassName=1_Airframe-Power_2 Member=Component C? 2u2 0402
Added Member To Class: ClassName=1_Airframe-Power_2 Member=Component C? 22u 0402
Added Member To Class: ClassName=1_Airframe-Power_2 Member=Component C? 22u 0402
Added Member To Class: ClassName=1_Airframe-Power_2 Member=Component C? 10k 0402
Added Member To Class: ClassName=1_Airframe-Power_2 Member=Component C? 22u 0402
Added Member To Class: ClassName=1_Airframe-Power_2 Member=Component C? 0Ohm 0402
Added Member To Class: ClassName=1_Airframe-Power_2 Member=Component C? 4u7 0402
Added Member To Class: ClassName=1_Airframe-Power_2 Member=Component C? 22u 0402
Added Member To Class: ClassName=1_Airframe-Power_2 Member=Component C? 100n 0402
Added Member To Class: ClassName=1_Airframe-Power_2 Member=Component C? 47p 0402
Added Member To Class: ClassName=1_Airframe-Power_2 Member=Component C? 22u 0402
Added Member To Class: ClassName=1_Airframe-Power_2 Member=Component C? 10n 0402
Added Member To Class: ClassName=1_Airframe-Power_2 Member=Component C? 22u 0402
Added Member To Class: ClassName=1_Airframe-Power_2 Member=Component C? 22u 0402
Added Member To Class: ClassName=1_Airframe-Power_2 Member=Component C? 47k 0402
Added Member To Class: ClassName=1_Airframe-Power_2 Member=Component C? 22u 0402
Added Member To Class: ClassName=1_Airframe-Power_2 Member=Component C? 22u 0402
Added Member To Class: ClassName=1_Airframe-Power_2 Member=Component L? SRN3015-1R5Y
Added Member To Class: ClassName=1_Airframe-Power_2 Member=Component L? 744031001
Added Member To Class: ClassName=1_Airframe-Power_2 Member=Component L? 1u5
Added Member To Class: ClassName=1_Airframe-Power_2 Member=Component L? IHLP2525CZER1R5M01
Added Member To Class: ClassName=1_Airframe-Power_2 Member=Component L? 744031001
Added Member To Class: ClassName=1_Airframe-Power_2 Member=Component L? 1u5
Added Member To Class: ClassName=1_Airframe-Power_2 Member=Component L? SRN3015-1R5Y
Added Member To Class: ClassName=1_Airframe-Power_2 Member=Component L? 744031001
Added Member To Class: ClassName=1_Airframe-Power_2 Member=Component L? 1u5
Added Member To Class: ClassName=1_Airframe-Power_2 Member=Component R? 10k 0402
Added Member To Class: ClassName=1_Airframe-Power_2 Member=Component R? 0Ohm 0402
Added Member To Class: ClassName=1_Airframe-Power_2 Member=Component R? 10k 0402
Added Member To Class: ClassName=1_Airframe-Power_2 Member=Component R? 10k 0402
Added Member To Class: ClassName=1_Airframe-Power_2 Member=Component R? 10k 0402
Added Member To Class: ClassName=1_Airframe-Power_2 Member=Component R? 0Ohm 0402
Added Member To Class: ClassName=1_Airframe-Power_2 Member=Component R? 0Ohm 0402
Added Member To Class: ClassName=1_Airframe-Power_2 Member=Component R? 0Ohm 0402
Added Room: Name=1_Airframe-Power_1
Added Room: Name=1_Airframe-Power_2
Added Room: Name=2_Airframe-Memory
Added Room: Name=3_Airframe-NXP_i.MX
Added Room: Name=4_Airframe-Sensors
Added Room: Name=5_Airframe-Misc
Added Room: Name=6_Airframe-Wireless
