Added Component: Designator=C75(FP-C0402C225M9PACTU-MFG)
Added Component: Designator=C76(FP-C0603-030-0_03-IPC_C)
Added Component: Designator=C77(FP-GRM188-0_2-IPC_C)
Added Component: Designator=C78(FP-C0603-030-0_03-IPC_C)
Added Component: Designator=C79(FP-C0603-030-0_03-IPC_C)
Added Component: Designator=C80(FP-C0603-030-0_03-IPC_C)
Added Component: Designator=C81(FP-C0603-030-0_03-IPC_C)
Added Component: Designator=C82(FP-C0402C225M9PACTU-MFG)
Added Component: Designator=C83(FP-GRM188-0_2-IPC_C)
Added Component: Designator=C84(FP-C0603-030-0_03-IPC_C)
Added Component: Designator=C85(FP-C0603-030-0_03-IPC_C)
Added Component: Designator=C86(FP-C0603-030-0_03-IPC_C)
Added Component: Designator=C87(FP-C0603-030-0_03-IPC_C)
Added Component: Designator=C88(FP-C0603-030-0_03-IPC_C)
Added Component: Designator=C89(FP-C0402C225M9PACTU-MFG)
Added Component: Designator=C90(FP-C0603-030-0_03-IPC_C)
Added Component: Designator=C91(FP-C0603-030-0_03-IPC_C)
Added Component: Designator=C92(FP-C0603-030-0_03-IPC_C)
Added Component: Designator=C93(FP-GRM188-0_2-IPC_C)
Added Component: Designator=C94(FP-C0603-030-0_03-IPC_C)
Added Component: Designator=C95(FP-C0402C225M9PACTU-MFG)
Added Component: Designator=Delete1(RESC1608X55X25ML10T15)
Add Pin To Net: Unknown Pin: Pin C75-1
Add Pin To Net: Unknown Pin: Pin C76-1
Add Pin To Net: Unknown Pin: Pin C77-2
Add Pin To Net: Unknown Pin: Pin C78-2
Add Pin To Net: Unknown Pin: Pin C79-2
Add Pin To Net: Unknown Pin: Pin C80-2
Add Pin To Net: Unknown Pin: Pin C81-2
Add Pin To Net: Unknown Pin: Pin C82-2
Add Pin To Net: Unknown Pin: Pin C83-2
Add Pin To Net: Unknown Pin: Pin C84-2
Add Pin To Net: Unknown Pin: Pin C85-2
Add Pin To Net: Unknown Pin: Pin C86-2
Add Pin To Net: Unknown Pin: Pin C87-2
Add Pin To Net: Unknown Pin: Pin C88-2
Add Pin To Net: Unknown Pin: Pin C89-2
Add Pin To Net: Unknown Pin: Pin C90-2
Add Pin To Net: Unknown Pin: Pin C91-2
Add Pin To Net: Unknown Pin: Pin C92-2
Add Pin To Net: Unknown Pin: Pin C93-2
Add Pin To Net: Unknown Pin: Pin C94-2
Add Pin To Net: Unknown Pin: Pin C95-1
Add Pin To Net: Unknown Pin: Pin Delete1-1
Add Pin To Net: Unknown Pin: Pin Delete1-2
Added Pin To Net: NetName=CTR Pin=U3-A1
Added Pin To Net: NetName=CTR Pin=U3-A28
Added Pin To Net: NetName=CTR Pin=U3-AA4
Added Pin To Net: NetName=CTR Pin=U3-AA6
Added Pin To Net: NetName=CTR Pin=U3-AA23
Added Pin To Net: NetName=CTR Pin=U3-AA25
Added Pin To Net: NetName=CTR Pin=U3-AC8
Added Pin To Net: NetName=CTR Pin=U3-AC10
Added Pin To Net: NetName=CTR Pin=U3-AC12
Added Pin To Net: NetName=CTR Pin=U3-AC14
Added Pin To Net: NetName=CTR Pin=U3-AC15
Added Pin To Net: NetName=CTR Pin=U3-AC17
Added Pin To Net: NetName=CTR Pin=U3-AC21
Added Pin To Net: NetName=CTR Pin=U3-AD3
Added Pin To Net: NetName=CTR Pin=U3-AD5
Added Pin To Net: NetName=CTR Pin=U3-AD6
Added Pin To Net: NetName=CTR Pin=U3-AD24
Added Pin To Net: NetName=CTR Pin=U3-AD26
Added Pin To Net: NetName=CTR Pin=U3-AE6
Added Pin To Net: NetName=CTR Pin=U3-AE7
Added Pin To Net: NetName=CTR Pin=U3-AE8
Added Pin To Net: NetName=CTR Pin=U3-AE9
Added Pin To Net: NetName=CTR Pin=U3-AE17
Added Pin To Net: NetName=CTR Pin=U3-AE21
Added Pin To Net: NetName=CTR Pin=U3-AF3
Added Pin To Net: NetName=CTR Pin=U3-AF5
Added Pin To Net: NetName=CTR Pin=U3-AF8
Added Pin To Net: NetName=CTR Pin=U3-AF9
Added Pin To Net: NetName=CTR Pin=U3-AF10
Added Pin To Net: NetName=CTR Pin=U3-AF11
Added Pin To Net: NetName=CTR Pin=U3-AF13
Added Pin To Net: NetName=CTR Pin=U3-AF14
Added Pin To Net: NetName=CTR Pin=U3-AF15
Added Pin To Net: NetName=CTR Pin=U3-AF24
Added Pin To Net: NetName=CTR Pin=U3-AF26
Added Pin To Net: NetName=CTR Pin=U3-AG10
Added Pin To Net: NetName=CTR Pin=U3-AH1
Added Pin To Net: NetName=CTR Pin=U3-AH28
Added Pin To Net: NetName=CTR Pin=U3-B5
Added Pin To Net: NetName=CTR Pin=U3-B23
Added Pin To Net: NetName=CTR Pin=U3-B26
Added Pin To Net: NetName=CTR Pin=U3-C3
Added Pin To Net: NetName=CTR Pin=U3-C5
Added Pin To Net: NetName=CTR Pin=U3-C7
Added Pin To Net: NetName=CTR Pin=U3-C10
Added Pin To Net: NetName=CTR Pin=U3-C13
Added Pin To Net: NetName=CTR Pin=U3-C14
Added Pin To Net: NetName=CTR Pin=U3-C15
Added Pin To Net: NetName=CTR Pin=U3-C23
Added Pin To Net: NetName=CTR Pin=U3-C24
Added Pin To Net: NetName=CTR Pin=U3-C25
Added Pin To Net: NetName=CTR Pin=U3-C26
Added Pin To Net: NetName=CTR Pin=U3-D8
Added Pin To Net: NetName=CTR Pin=U3-D12
Added Pin To Net: NetName=CTR Pin=U3-D17
Added Pin To Net: NetName=CTR Pin=U3-D21
Added Pin To Net: NetName=CTR Pin=U3-E3
Added Pin To Net: NetName=CTR Pin=U3-E5
Added Pin To Net: NetName=CTR Pin=U3-E24
Added Pin To Net: NetName=CTR Pin=U3-E26
Added Pin To Net: NetName=CTR Pin=U3-F8
Added Pin To Net: NetName=CTR Pin=U3-F10
Added Pin To Net: NetName=CTR Pin=U3-F12
Added Pin To Net: NetName=CTR Pin=U3-F14
Added Pin To Net: NetName=CTR Pin=U3-F15
Added Pin To Net: NetName=CTR Pin=U3-F17
Added Pin To Net: NetName=CTR Pin=U3-F21
Added Pin To Net: NetName=CTR Pin=U3-H4
Added Pin To Net: NetName=CTR Pin=U3-H6
Added Pin To Net: NetName=CTR Pin=U3-H23
Added Pin To Net: NetName=CTR Pin=U3-H25
Added Pin To Net: NetName=CTR Pin=U3-L13
Added Pin To Net: NetName=CTR Pin=U3-L16
Added Pin To Net: NetName=CTR Pin=U3-M4
Added Pin To Net: NetName=CTR Pin=U3-M6
Added Pin To Net: NetName=CTR Pin=U3-M23
Added Pin To Net: NetName=CTR Pin=U3-M25
Added Pin To Net: NetName=CTR Pin=U3-N11
Added Pin To Net: NetName=CTR Pin=U3-N18
Added Pin To Net: NetName=CTR Pin=U3-T11
Added Pin To Net: NetName=CTR Pin=U3-T18
Added Pin To Net: NetName=CTR Pin=U3-U4
Added Pin To Net: NetName=CTR Pin=U3-U6
Added Pin To Net: NetName=CTR Pin=U3-U23
Added Pin To Net: NetName=CTR Pin=U3-U25
Added Pin To Net: NetName=CTR Pin=U3-V13
Added Pin To Net: NetName=CTR Pin=U3-V16
Added Pin To Net: NetName=CTR Pin=U3-W3
Added Pin To Net: NetName=CTR Pin=U3-W6
Added Pin To Net: NetName=NetC75_2 Pin=U3-AG7
Added Net: Name=NetC75_2
Added Pin To Net: NetName=NetC76_2 Pin=U3-Y13
Added Net: Name=NetC76_2
Added Pin To Net: NetName=NetC77_1 Pin=U3-V27
Added Net: Name=NetC77_1
Added Pin To Net: NetName=NetC82_1 Pin=U3-E9
Added Net: Name=NetC82_1
Added Pin To Net: NetName=NetC83_1 Pin=U3-H10
Added Pin To Net: NetName=NetC83_1 Pin=U3-J9
Added Pin To Net: NetName=NetC83_1 Pin=U3-K3
Added Pin To Net: NetName=NetC83_1 Pin=U3-K6
Added Pin To Net: NetName=NetC83_1 Pin=U3-K8
Added Pin To Net: NetName=NetC83_1 Pin=U3-L1
Added Pin To Net: NetName=NetC83_1 Pin=U3-L2
Added Pin To Net: NetName=NetC83_1 Pin=U3-L11
Added Pin To Net: NetName=NetC83_1 Pin=U3-L18
Added Pin To Net: NetName=NetC83_1 Pin=U3-N13
Added Pin To Net: NetName=NetC83_1 Pin=U3-N16
Added Pin To Net: NetName=NetC83_1 Pin=U3-P3
Added Pin To Net: NetName=NetC83_1 Pin=U3-P6
Added Pin To Net: NetName=NetC83_1 Pin=U3-P23
Added Pin To Net: NetName=NetC83_1 Pin=U3-P26
Added Pin To Net: NetName=NetC83_1 Pin=U3-R3
Added Pin To Net: NetName=NetC83_1 Pin=U3-R6
Added Pin To Net: NetName=NetC83_1 Pin=U3-R23
Added Pin To Net: NetName=NetC83_1 Pin=U3-R26
Added Pin To Net: NetName=NetC83_1 Pin=U3-T13
Added Pin To Net: NetName=NetC83_1 Pin=U3-T16
Added Pin To Net: NetName=NetC83_1 Pin=U3-V11
Added Pin To Net: NetName=NetC83_1 Pin=U3-V18
Added Net: Name=NetC83_1
Added Pin To Net: NetName=NetC89_1 Pin=U3-D11
Added Net: Name=NetC89_1
Added Pin To Net: NetName=NetC90_1 Pin=U3-A20
Added Pin To Net: NetName=NetC90_1 Pin=U3-B20
Added Pin To Net: NetName=NetC90_1 Pin=U3-C16
Added Pin To Net: NetName=NetC90_1 Pin=U3-C17
Added Pin To Net: NetName=NetC90_1 Pin=U3-C18
Added Pin To Net: NetName=NetC90_1 Pin=U3-C19
Added Pin To Net: NetName=NetC90_1 Pin=U3-C20
Added Pin To Net: NetName=NetC90_1 Pin=U3-C21
Added Pin To Net: NetName=NetC90_1 Pin=U3-C22
Added Pin To Net: NetName=NetC90_1 Pin=U3-F19
Added Pin To Net: NetName=NetC90_1 Pin=U3-H19
Added Pin To Net: NetName=NetC90_1 Pin=U3-J20
Added Pin To Net: NetName=NetC90_1 Pin=U3-K21
Added Pin To Net: NetName=NetC90_1 Pin=U3-K23
Added Pin To Net: NetName=NetC90_1 Pin=U3-K26
Added Pin To Net: NetName=NetC90_1 Pin=U3-L27
Added Pin To Net: NetName=NetC90_1 Pin=U3-L28
Added Net: Name=NetC90_1
Added Pin To Net: NetName=NetC94_1 Pin=U3-AC13
Added Pin To Net: NetName=NetC94_1 Pin=U3-AE12
Added Pin To Net: NetName=NetC94_1 Pin=U3-AF12
Added Pin To Net: NetName=NetC94_1 Pin=U3-J15
Added Net: Name=NetC94_1
Add Class Member: Failed to add class member : Component C75 2.2uF 0402
Add Class Member: Failed to add class member : Component C76 0.22uF 0201
Add Class Member: Failed to add class member : Component C77 22uF 0603
Add Class Member: Failed to add class member : Component C78 0.22uF 0201
Add Class Member: Failed to add class member : Component C79 0.22uF 0201
Add Class Member: Failed to add class member : Component C80 0.22uF 0201
Add Class Member: Failed to add class member : Component C81 0.22uF 0201
Add Class Member: Failed to add class member : Component C82 10uF 0402
Add Class Member: Failed to add class member : Component C83 22uF 0603
Add Class Member: Failed to add class member : Component C84 0.22uF 0201
Add Class Member: Failed to add class member : Component C85 0.22uF 0201
Add Class Member: Failed to add class member : Component C86 0.22uF 0201
Add Class Member: Failed to add class member : Component C87 0.22uF 0201
Add Class Member: Failed to add class member : Component C88 0.22uF 0201
Add Class Member: Failed to add class member : Component C89 10uF 0402
Add Class Member: Failed to add class member : Component C90 0.22uF 0201
Add Class Member: Failed to add class member : Component C91 0.22uF 0201
Add Class Member: Failed to add class member : Component C92 0.22uF 0201
Add Class Member: Failed to add class member : Component C93 22uF 0603
Add Class Member: Failed to add class member : Component C94 0.22uF 0201
Add Class Member: Failed to add class member : Component C95 2.2uF 0402
Add Class Member: Failed to add class member : Component Delete1 RC0603JR-070RL
Added Room: Name=3_Airframe-Memory
Added Room: Name=4_Airframe-NXP_i.MX
Added Room: Name=6_Airframe-Misc
