Added Component: Designator=L?(BOUR-SRN3015-2_V)
Add component (AddParameter): Name = "ComponentLink1Description"; Value = "Manufacturer URL"; VariantName = "[No Variations]"
Add component (AddParameter): Name = "ComponentLink1URL"; Value = "http://www.bourns.com/"; VariantName = "[No Variations]"
Add component (AddParameter): Name = "ComponentLink2Description"; Value = "Datasheet"; VariantName = "[No Variations]"
Add component (AddParameter): Name = "ComponentLink2URL"; Value = "http://www.bourns.com/data/global/pdfs/SRN3015.pdf"; VariantName = "[No Variations]"
Add component (AddParameter): Name = "ComponentLink3Description"; Value = "Package Specification"; VariantName = "[No Variations]"
Add component (AddParameter): Name = "ComponentLink3URL"; Value = "http://www.bourns.com/data/global/pdfs/SRN3015.pdf"; VariantName = "[No Variations]"
Add component (AddParameter): Name = "DatasheetVersion"; Value = "Aug-11"; VariantName = "[No Variations]"
Add component (AddParameter): Name = "DCR Max"; Value = "0.066 Ohm"; VariantName = "[No Variations]"
Add component (AddParameter): Name = "Inductance"; Value = "1.5 uH"; VariantName = "[No Variations]"
Add component (AddParameter): Name = "Inductance tolerance"; Value = "+/- 30%"; VariantName = "[No Variations]"
Add component (AddParameter): Name = "Isat"; Value = "2 A"; VariantName = "[No Variations]"
Add component (AddParameter): Name = "Manufacturer"; Value = "Bourns"; VariantName = "[No Variations]"
Add component (AddParameter): Name = "Mounting Technology"; Value = "Surface Mount"; VariantName = "[No Variations]"
Add component (AddParameter): Name = "Operating Temperature"; Value = "-40 to 125 degC"; VariantName = "[No Variations]"
Add component (AddParameter): Name = "PackageDescription"; Value = "2-Pin SMD, Body 3 x 3 mm, Height 1.5 mm"; VariantName = "[No Variations]"
Add component (AddParameter): Name = "PackageReference"; Value = "SRN3015"; VariantName = "[No Variations]"
Add component (AddParameter): Name = "Packing"; Value = "Tape and Reel"; VariantName = "[No Variations]"
Add component (AddParameter): Name = "PartNumber"; Value = "SRN3015-1R5Y"; VariantName = "[No Variations]"
Add component (AddParameter): Name = "Rated current"; Value = "2.1 A"; VariantName = "[No Variations]"
Add component (AddParameter): Name = "Resistance to Solder Heat"; Value = "+260 degC for 10 sec."; VariantName = "[No Variations]"
Add component (AddParameter): Name = "RoHS"; Value = "TRUE"; VariantName = "[No Variations]"
Add component (AddParameter): Name = "SRF Min"; Value = "130 MHz"; VariantName = "[No Variations]"
Added Component: Designator=L?(BOUR-SRN3015-2_V)
Add component (AddParameter): Name = "ComponentLink1Description"; Value = "Manufacturer URL"; VariantName = "[No Variations]"
Add component (AddParameter): Name = "ComponentLink1URL"; Value = "http://www.bourns.com/"; VariantName = "[No Variations]"
Add component (AddParameter): Name = "ComponentLink2Description"; Value = "Datasheet"; VariantName = "[No Variations]"
Add component (AddParameter): Name = "ComponentLink2URL"; Value = "http://www.bourns.com/data/global/pdfs/SRN3015.pdf"; VariantName = "[No Variations]"
Add component (AddParameter): Name = "ComponentLink3Description"; Value = "Package Specification"; VariantName = "[No Variations]"
Add component (AddParameter): Name = "ComponentLink3URL"; Value = "http://www.bourns.com/data/global/pdfs/SRN3015.pdf"; VariantName = "[No Variations]"
Add component (AddParameter): Name = "DatasheetVersion"; Value = "Aug-11"; VariantName = "[No Variations]"
Add component (AddParameter): Name = "DCR Max"; Value = "0.066 Ohm"; VariantName = "[No Variations]"
Add component (AddParameter): Name = "Inductance"; Value = "1.5 uH"; VariantName = "[No Variations]"
Add component (AddParameter): Name = "Inductance tolerance"; Value = "+/- 30%"; VariantName = "[No Variations]"
Add component (AddParameter): Name = "Isat"; Value = "2 A"; VariantName = "[No Variations]"
Add component (AddParameter): Name = "Manufacturer"; Value = "Bourns"; VariantName = "[No Variations]"
Add component (AddParameter): Name = "Mounting Technology"; Value = "Surface Mount"; VariantName = "[No Variations]"
Add component (AddParameter): Name = "Operating Temperature"; Value = "-40 to 125 degC"; VariantName = "[No Variations]"
Add component (AddParameter): Name = "PackageDescription"; Value = "2-Pin SMD, Body 3 x 3 mm, Height 1.5 mm"; VariantName = "[No Variations]"
Add component (AddParameter): Name = "PackageReference"; Value = "SRN3015"; VariantName = "[No Variations]"
Add component (AddParameter): Name = "Packing"; Value = "Tape and Reel"; VariantName = "[No Variations]"
Add component (AddParameter): Name = "PartNumber"; Value = "SRN3015-1R5Y"; VariantName = "[No Variations]"
Add component (AddParameter): Name = "Rated current"; Value = "2.1 A"; VariantName = "[No Variations]"
Add component (AddParameter): Name = "Resistance to Solder Heat"; Value = "+260 degC for 10 sec."; VariantName = "[No Variations]"
Add component (AddParameter): Name = "RoHS"; Value = "TRUE"; VariantName = "[No Variations]"
Add component (AddParameter): Name = "SRF Min"; Value = "130 MHz"; VariantName = "[No Variations]"
Add Net: Net with name "NetC?_1" already exists
Add Net: Net with name "NetC?_2" already exists
Add Net: Net with name "NetC?_2" already exists
Added Member To Class: ClassName=1_Airframe-Power_2 Member=Component C? 22u 0402
Added Member To Class: ClassName=1_Airframe-Power_2 Member=Component C? 22u 0402
Added Member To Class: ClassName=1_Airframe-Power_2 Member=Component C? 22u 0402
Added Member To Class: ClassName=1_Airframe-Power_2 Member=Component C? 10k 0402
Added Member To Class: ClassName=1_Airframe-Power_2 Member=Component C? 24k 0402
Added Member To Class: ClassName=1_Airframe-Power_2 Member=Component C? 2u2 0402
Added Member To Class: ClassName=1_Airframe-Power_2 Member=Component C? 4u7 0402
Added Member To Class: ClassName=1_Airframe-Power_2 Member=Component C? 2u2 0402
Added Member To Class: ClassName=1_Airframe-Power_2 Member=Component C? 10k 0402
Added Member To Class: ClassName=1_Airframe-Power_2 Member=Component C? 22u 0402
Added Member To Class: ClassName=1_Airframe-Power_2 Member=Component C? 2u2 0402
Added Member To Class: ClassName=1_Airframe-Power_2 Member=Component C? 22u 0402
Added Member To Class: ClassName=1_Airframe-Power_2 Member=Component C? 0Ohm 0402
Added Member To Class: ClassName=1_Airframe-Power_2 Member=Component C? 2u2 0402
Added Member To Class: ClassName=1_Airframe-Power_2 Member=Component C? 22u 0402
Added Member To Class: ClassName=1_Airframe-Power_2 Member=Component C? 10n 0402
Added Member To Class: ClassName=1_Airframe-Power_2 Member=Component C? 22u 0402
Added Member To Class: ClassName=1_Airframe-Power_2 Member=Component C? 100n 0402
Added Member To Class: ClassName=1_Airframe-Power_2 Member=Component C? 47k 0402
Added Member To Class: ClassName=1_Airframe-Power_2 Member=Component C? 22u 0402
Added Member To Class: ClassName=1_Airframe-Power_2 Member=Component C? 47p 0402
Added Member To Class: ClassName=1_Airframe-Power_2 Member=Component C? 22u 0402
Added Member To Class: ClassName=1_Airframe-Power_2 Member=Component L? SRN3015-1R5Y
Added Member To Class: ClassName=1_Airframe-Power_2 Member=Component L? 1u5
Added Member To Class: ClassName=1_Airframe-Power_2 Member=Component L? 1u5
Added Member To Class: ClassName=1_Airframe-Power_2 Member=Component L? 1u5
Added Member To Class: ClassName=1_Airframe-Power_2 Member=Component L? SRN3015-1R5Y
Added Member To Class: ClassName=1_Airframe-Power_2 Member=Component R? 0Ohm 0402
Added Member To Class: ClassName=1_Airframe-Power_2 Member=Component R? 10k 0402
Added Member To Class: ClassName=1_Airframe-Power_2 Member=Component R? 10k 0402
Added Member To Class: ClassName=1_Airframe-Power_2 Member=Component R? 0Ohm 0402
Added Member To Class: ClassName=1_Airframe-Power_2 Member=Component R? 10k 0402
Added Member To Class: ClassName=1_Airframe-Power_2 Member=Component R? 0Ohm 0402
Added Member To Class: ClassName=1_Airframe-Power_2 Member=Component R? 0Ohm 0402
Added Member To Class: ClassName=1_Airframe-Power_2 Member=Component R? 10k 0402
