Removed Pin From Net: NetName=LX3 Pin=L1-LX3
Removed Member From Class: ClassName=5_Airframe-NXP_i.MX7 Member=C125
Change Component Footprint: Designator=IC8 Old Footprint=BGA63C80P10X12_900X1100X100 New Footprint=BGA24C100P5X5_600X800X120
Change Component Footprint: Designator=IC9 Old Footprint=BGA96C80P9X16_800X1400X120 New Footprint=SOIC127P600X175-8N
Change Component Footprint: Designator=C125 Old Footprint=FP-GRM188-0_2-IPC_C New Footprint=FP-C0603-030-0_03-IPC_C
Change Component Footprint: Designator=IC5 Old Footprint=SOIC127P600X175-8N New Footprint=BGA96C80P9X16_800X1400X120
Change Component Comment : Designator=C125 Old Comment=10uF 0603 New Comment=0.1uF 0201
Change Component Comment : Designator=IC5 Old Comment=M95M04-DWMN3TP_V New Comment=MT41K512M16VRP-107_AAT_P
Change Component Comment : Designator=IC8 Old Comment=MT29F8G08ABACAH4-IT_C_TR New Comment=W25Q02JVTBIM
Change Component Comment : Designator=IC9 Old Comment=MT41K512M16VRP-107_AAT_P New Comment=M95M04-DWMN3TP_V
Change Managed Component Library Link : Designator=C125 Old VaultGUID=B7D15EC3-160A-466F-A46C-7801FE6295A7 New VaultGUID=B7D15EC3-160A-466F-A46C-7801FE6295A7 Old ItemGUID=32E2597C-C311-4A44-AE41-B513D7BDCF06 New ItemGUID=82EEE0FA-B801-4835-BA81-F58254EFC998 Old RevisionGUID=4C61D5DD-DA8C-405E-8129-F18C2E19BD86 New RevisionGUID=121B5563-CFAC-403D-964C-0D66281F5DDB
Change component parameters: Designator = "C125" ("C125"); Footprint = "FP-GRM188-0_2-IPC_C"; UniqueID = "\KUGLWMAI" ("\KUGLWMAI")
Change component parameters (AddParameter): Name = "Capacitance"; Value = "220nF"; VariantName = "[No Variations]"
Change component parameters (AddParameter): Name = "Case Code (Imperial)"; Value = "0201"; VariantName = "[No Variations]"
Change component parameters (AddParameter): Name = "Case Code (Metric)"; Value = "0603"; VariantName = "[No Variations]"
Change component parameters (AddParameter): Name = "Case/Package"; Value = "0201"; VariantName = "[No Variations]"
Change component parameters (AddParameter): Name = "Construction"; Value = "Flat"; VariantName = "[No Variations]"
Change component parameters (AddParameter): Name = "Depth"; Value = "0.3mm"; VariantName = "[No Variations]"
Change component parameters (AddParameter): Name = "Dielectric"; Value = "X6S"; VariantName = "[No Variations]"
Change component parameters (AddParameter): Name = "Dielectric Material"; Value = "Ceramic"; VariantName = "[No Variations]"
Change component parameters (AddParameter): Name = "Height"; Value = "0.3mm"; VariantName = "[No Variations]"
Change component parameters (AddParameter): Name = "Lead Free"; Value = "Lead Free"; VariantName = "[No Variations]"
Change component parameters (AddParameter): Name = "Length"; Value = "0.6mm"; VariantName = "[No Variations]"
Change component parameters (AddParameter): Name = "Max Operating Temperature"; Value = "105°C"; VariantName = "[No Variations]"
Change component parameters (AddParameter): Name = "Min Operating Temperature"; Value = "-55°C"; VariantName = "[No Variations]"
Change component parameters (AddParameter): Name = "Mount"; Value = "Surface Mount"; VariantName = "[No Variations]"
Change component parameters (AddParameter): Name = "Package Quantity"; Value = "1"; VariantName = "[No Variations]"
Change component parameters (AddParameter): Name = "Packaging"; Value = "Cut Tape"; VariantName = "[No Variations]"
Change component parameters (AddParameter): Name = "REACH SVHC"; Value = "No SVHC"; VariantName = "[No Variations]"
Change component parameters (AddParameter): Name = "Resistor Type"; Value = "Ceramic"; VariantName = "[No Variations]"
Change component parameters (AddParameter): Name = "RoHS Compliant"; Value = "Yes"; VariantName = "[No Variations]"
Change component parameters (AddParameter): Name = "Series"; Value = "C"; VariantName = "[No Variations]"
Change component parameters (AddParameter): Name = "Termination"; Value = "SMD/SMT"; VariantName = "[No Variations]"
Change component parameters (AddParameter): Name = "Thickness"; Value = "300um"; VariantName = "[No Variations]"
Change component parameters (AddParameter): Name = "Tolerance"; Value = "10%"; VariantName = "[No Variations]"
Change component parameters (AddParameter): Name = "Voltage Rating"; Value = "6.3V"; VariantName = "[No Variations]"
Change component parameters (AddParameter): Name = "Voltage Rating (DC)"; Value = "6.3V"; VariantName = "[No Variations]"
Change component parameters (AddParameter): Name = "Weight"; Value = "6E-06oz"; VariantName = "[No Variations]"
Change component parameters (AddParameter): Name = "Width"; Value = "0.012inch"; VariantName = "[No Variations]"
Change component parameters: Designator = "IC5" ("IC5"); Footprint = "SOIC127P600X175-8N"; UniqueID = "\MKVKUMSS" ("\MKVKUMSS")
Change component parameters (AddParameter): Name = "Arrow Part Number"; Value = "MT41K512M16VRP-107 AAT:P"; VariantName = "[No Variations]"
Change component parameters (AddParameter): Name = "Arrow Price/Stock"; Value = "https://www.arrow.com/en/products/mt41k512m16vrp-107-aatp/micron-technology?region=nac"; VariantName = "[No Variations]"
Change component parameters (AddParameter): Name = "Datasheet Link"; Value = "https://media-www.micron.com/-/media/client/global/documents/products/data-sheet/dram/ddr3/ddr3l_8gb_x16_1cs_twindie_v00h.pdf?rev=22af12ce29de4defa41e06e9beebd61f"; VariantName = "[No Variations]"
Change component parameters (AddParameter): Name = "Height"; Value = "1.2mm"; VariantName = "[No Variations]"
Change component parameters (AddParameter): Name = "Manufacturer_Name"; Value = "Micron"; VariantName = "[No Variations]"
Change component parameters (AddParameter): Name = "Manufacturer_Part_Number"; Value = "MT41K512M16VRP-107 AAT:P"; VariantName = "[No Variations]"
Change component parameters (AddParameter): Name = "Mouser Part Number"; Value = "340-446578-TRAY"; VariantName = "[No Variations]"
Change component parameters (AddParameter): Name = "Mouser Price/Stock"; Value = "https://www.mouser.co.uk/ProductDetail/Micron/MT41K512M16VRP-107-AATP?qs=vHuUswq2%252Bsx8WmnHcfGgyw%3D%3D"; VariantName = "[No Variations]"
Change component parameters (AddParameter): Name = "Mouser Testing Part Number"; Value = ""; VariantName = "[No Variations]"
Change component parameters (AddParameter): Name = "Mouser Testing Price/Stock"; Value = ""; VariantName = "[No Variations]"
Change component parameters: Designator = "IC8" ("IC8"); Footprint = "BGA63C80P10X12_900X1100X100"; UniqueID = "\DICIRRJI" ("\DICIRRJI")
Change component parameters (AddParameter): Name = "Arrow Part Number"; Value = "W25Q02JVTBIM"; VariantName = "[No Variations]"
Change component parameters (AddParameter): Name = "Arrow Price/Stock"; Value = "https://www.arrow.com/en/products/w25q02jvtbim/winbond-electronics?region=nac"; VariantName = "[No Variations]"
Change component parameters (AddParameter): Name = "Datasheet Link"; Value = "https://www.mouser.com/datasheet/2/949/W25Q02JV_DTR_RevB_04192021-2329042.pdf"; VariantName = "[No Variations]"
Change component parameters (AddParameter): Name = "Height"; Value = "1.2mm"; VariantName = "[No Variations]"
Change component parameters (AddParameter): Name = "Manufacturer_Name"; Value = "Winbond"; VariantName = "[No Variations]"
Change component parameters (AddParameter): Name = "Manufacturer_Part_Number"; Value = "W25Q02JVTBIM"; VariantName = "[No Variations]"
Change component parameters (AddParameter): Name = "Mouser Part Number"; Value = "454-W25Q02JVTBIM"; VariantName = "[No Variations]"
Change component parameters (AddParameter): Name = "Mouser Price/Stock"; Value = "https://www.mouser.co.uk/ProductDetail/Winbond/W25Q02JVTBIM?qs=TuK3vfAjtkVTVCDKxnTswg%3D%3D"; VariantName = "[No Variations]"
Change component parameters (AddParameter): Name = "Mouser Testing Part Number"; Value = ""; VariantName = "[No Variations]"
Change component parameters (AddParameter): Name = "Mouser Testing Price/Stock"; Value = ""; VariantName = "[No Variations]"
Change component parameters: Designator = "IC9" ("IC9"); Footprint = "BGA96C80P9X16_800X1400X120"; UniqueID = "\ROTLFRMG" ("\ROTLFRMG")
Change component parameters (AddParameter): Name = "Arrow Part Number"; Value = "M95M04-DWMN3TP/V"; VariantName = "[No Variations]"
Change component parameters (AddParameter): Name = "Arrow Price/Stock"; Value = "https://www.arrow.com/en/products/m95m04-dwmn3tpv/stmicroelectronics?region=nac"; VariantName = "[No Variations]"
Change component parameters (AddParameter): Name = "Datasheet Link"; Value = "https://www.st.com/resource/en/datasheet/dm00345675.pdf"; VariantName = "[No Variations]"
Change component parameters (AddParameter): Name = "Height"; Value = "1.75mm"; VariantName = "[No Variations]"
Change component parameters (AddParameter): Name = "Manufacturer_Name"; Value = "STMicroelectronics"; VariantName = "[No Variations]"
Change component parameters (AddParameter): Name = "Manufacturer_Part_Number"; Value = "M95M04-DWMN3TP/V"; VariantName = "[No Variations]"
Change component parameters (AddParameter): Name = "Mouser Part Number"; Value = "511-M95M04-DWMN3TP/V"; VariantName = "[No Variations]"
Change component parameters (AddParameter): Name = "Mouser Price/Stock"; Value = "https://www.mouser.co.uk/ProductDetail/STMicroelectronics/M95M04-DWMN3TP-V?qs=Jslch3jnSjmvFWprUQ0dSQ%3D%3D"; VariantName = "[No Variations]"
Change component parameters (AddParameter): Name = "Mouser Testing Part Number"; Value = ""; VariantName = "[No Variations]"
Change component parameters (AddParameter): Name = "Mouser Testing Price/Stock"; Value = ""; VariantName = "[No Variations]"
Added Component: Designator=C131(FP-C0402C225M9PACTU-MFG)
Add component (AddParameter): Name = "Capacitance"; Value = "2.2uF"; VariantName = "[No Variations]"
Add component (AddParameter): Name = "Case Code (Imperial)"; Value = "0402"; VariantName = "[No Variations]"
Add component (AddParameter): Name = "Case Code (Metric)"; Value = "1005"; VariantName = "[No Variations]"
Add component (AddParameter): Name = "Case/Package"; Value = "0402"; VariantName = "[No Variations]"
Add component (AddParameter): Name = "Construction"; Value = "Flat"; VariantName = "[No Variations]"
Add component (AddParameter): Name = "Contact Plating"; Value = "Tin"; VariantName = "[No Variations]"
Add component (AddParameter): Name = "Depth"; Value = "0.5mm"; VariantName = "[No Variations]"
Add component (AddParameter): Name = "Dielectric"; Value = "X5R"; VariantName = "[No Variations]"
Add component (AddParameter): Name = "Dielectric Material"; Value = "Ceramic"; VariantName = "[No Variations]"
Add component (AddParameter): Name = "Dissipation Factor"; Value = "5%"; VariantName = "[No Variations]"
Add component (AddParameter): Name = "Height"; Value = "0.5mm"; VariantName = "[No Variations]"
Add component (AddParameter): Name = "Lead Free"; Value = "Lead Free"; VariantName = "[No Variations]"
Add component (AddParameter): Name = "Length"; Value = "1mm"; VariantName = "[No Variations]"
Add component (AddParameter): Name = "Max Operating Temperature"; Value = "85°C"; VariantName = "[No Variations]"
Add component (AddParameter): Name = "Min Operating Temperature"; Value = "-55°C"; VariantName = "[No Variations]"
Add component (AddParameter): Name = "Mount"; Value = "Surface Mount"; VariantName = "[No Variations]"
Add component (AddParameter): Name = "Number of Pins"; Value = "2"; VariantName = "[No Variations]"
Add component (AddParameter): Name = "Package Quantity"; Value = "1"; VariantName = "[No Variations]"
Add component (AddParameter): Name = "Packaging"; Value = "Tape and Reel"; VariantName = "[No Variations]"
Add component (AddParameter): Name = "Radiation Hardening"; Value = "No"; VariantName = "[No Variations]"
Add component (AddParameter): Name = "REACH SVHC"; Value = "No SVHC"; VariantName = "[No Variations]"
Add component (AddParameter): Name = "RoHS Compliant"; Value = "Yes"; VariantName = "[No Variations]"
Add component (AddParameter): Name = "Series"; Value = "C"; VariantName = "[No Variations]"
Add component (AddParameter): Name = "Termination"; Value = "SMD/SMT"; VariantName = "[No Variations]"
Add component (AddParameter): Name = "Thickness"; Value = "0.022inch"; VariantName = "[No Variations]"
Add component (AddParameter): Name = "Tolerance"; Value = "20%"; VariantName = "[No Variations]"
Add component (AddParameter): Name = "Voltage"; Value = "6.3V"; VariantName = "[No Variations]"
Add component (AddParameter): Name = "Voltage Rating"; Value = "6.3V"; VariantName = "[No Variations]"
Add component (AddParameter): Name = "Voltage Rating (DC)"; Value = "6.3V"; VariantName = "[No Variations]"
Add component (AddParameter): Name = "Width"; Value = "0.5mm"; VariantName = "[No Variations]"
Added Component: Designator=C132(FP-C0402C225M9PACTU-MFG)
Add component (AddParameter): Name = "Capacitance"; Value = "2.2uF"; VariantName = "[No Variations]"
Add component (AddParameter): Name = "Case Code (Imperial)"; Value = "0402"; VariantName = "[No Variations]"
Add component (AddParameter): Name = "Case Code (Metric)"; Value = "1005"; VariantName = "[No Variations]"
Add component (AddParameter): Name = "Case/Package"; Value = "0402"; VariantName = "[No Variations]"
Add component (AddParameter): Name = "Construction"; Value = "Flat"; VariantName = "[No Variations]"
Add component (AddParameter): Name = "Contact Plating"; Value = "Tin"; VariantName = "[No Variations]"
Add component (AddParameter): Name = "Depth"; Value = "0.5mm"; VariantName = "[No Variations]"
Add component (AddParameter): Name = "Dielectric"; Value = "X5R"; VariantName = "[No Variations]"
Add component (AddParameter): Name = "Dielectric Material"; Value = "Ceramic"; VariantName = "[No Variations]"
Add component (AddParameter): Name = "Dissipation Factor"; Value = "5%"; VariantName = "[No Variations]"
Add component (AddParameter): Name = "Height"; Value = "0.5mm"; VariantName = "[No Variations]"
Add component (AddParameter): Name = "Lead Free"; Value = "Lead Free"; VariantName = "[No Variations]"
Add component (AddParameter): Name = "Length"; Value = "1mm"; VariantName = "[No Variations]"
Add component (AddParameter): Name = "Max Operating Temperature"; Value = "85°C"; VariantName = "[No Variations]"
Add component (AddParameter): Name = "Min Operating Temperature"; Value = "-55°C"; VariantName = "[No Variations]"
Add component (AddParameter): Name = "Mount"; Value = "Surface Mount"; VariantName = "[No Variations]"
Add component (AddParameter): Name = "Number of Pins"; Value = "2"; VariantName = "[No Variations]"
Add component (AddParameter): Name = "Package Quantity"; Value = "1"; VariantName = "[No Variations]"
Add component (AddParameter): Name = "Packaging"; Value = "Tape and Reel"; VariantName = "[No Variations]"
Add component (AddParameter): Name = "Radiation Hardening"; Value = "No"; VariantName = "[No Variations]"
Add component (AddParameter): Name = "REACH SVHC"; Value = "No SVHC"; VariantName = "[No Variations]"
Add component (AddParameter): Name = "RoHS Compliant"; Value = "Yes"; VariantName = "[No Variations]"
Add component (AddParameter): Name = "Series"; Value = "C"; VariantName = "[No Variations]"
Add component (AddParameter): Name = "Termination"; Value = "SMD/SMT"; VariantName = "[No Variations]"
Add component (AddParameter): Name = "Thickness"; Value = "0.022inch"; VariantName = "[No Variations]"
Add component (AddParameter): Name = "Tolerance"; Value = "20%"; VariantName = "[No Variations]"
Add component (AddParameter): Name = "Voltage"; Value = "6.3V"; VariantName = "[No Variations]"
Add component (AddParameter): Name = "Voltage Rating"; Value = "6.3V"; VariantName = "[No Variations]"
Add component (AddParameter): Name = "Voltage Rating (DC)"; Value = "6.3V"; VariantName = "[No Variations]"
Add component (AddParameter): Name = "Width"; Value = "0.5mm"; VariantName = "[No Variations]"
Added Component: Designator=C133(FP-C0402C225M9PACTU-MFG)
Add component (AddParameter): Name = "Capacitance"; Value = "2.2uF"; VariantName = "[No Variations]"
Add component (AddParameter): Name = "Case Code (Imperial)"; Value = "0402"; VariantName = "[No Variations]"
Add component (AddParameter): Name = "Case Code (Metric)"; Value = "1005"; VariantName = "[No Variations]"
Add component (AddParameter): Name = "Case/Package"; Value = "0402"; VariantName = "[No Variations]"
Add component (AddParameter): Name = "Construction"; Value = "Flat"; VariantName = "[No Variations]"
Add component (AddParameter): Name = "Contact Plating"; Value = "Tin"; VariantName = "[No Variations]"
Add component (AddParameter): Name = "Depth"; Value = "0.5mm"; VariantName = "[No Variations]"
Add component (AddParameter): Name = "Dielectric"; Value = "X5R"; VariantName = "[No Variations]"
Add component (AddParameter): Name = "Dielectric Material"; Value = "Ceramic"; VariantName = "[No Variations]"
Add component (AddParameter): Name = "Dissipation Factor"; Value = "5%"; VariantName = "[No Variations]"
Add component (AddParameter): Name = "Height"; Value = "0.5mm"; VariantName = "[No Variations]"
Add component (AddParameter): Name = "Lead Free"; Value = "Lead Free"; VariantName = "[No Variations]"
Add component (AddParameter): Name = "Length"; Value = "1mm"; VariantName = "[No Variations]"
Add component (AddParameter): Name = "Max Operating Temperature"; Value = "85°C"; VariantName = "[No Variations]"
Add component (AddParameter): Name = "Min Operating Temperature"; Value = "-55°C"; VariantName = "[No Variations]"
Add component (AddParameter): Name = "Mount"; Value = "Surface Mount"; VariantName = "[No Variations]"
Add component (AddParameter): Name = "Number of Pins"; Value = "2"; VariantName = "[No Variations]"
Add component (AddParameter): Name = "Package Quantity"; Value = "1"; VariantName = "[No Variations]"
Add component (AddParameter): Name = "Packaging"; Value = "Tape and Reel"; VariantName = "[No Variations]"
Add component (AddParameter): Name = "Radiation Hardening"; Value = "No"; VariantName = "[No Variations]"
Add component (AddParameter): Name = "REACH SVHC"; Value = "No SVHC"; VariantName = "[No Variations]"
Add component (AddParameter): Name = "RoHS Compliant"; Value = "Yes"; VariantName = "[No Variations]"
Add component (AddParameter): Name = "Series"; Value = "C"; VariantName = "[No Variations]"
Add component (AddParameter): Name = "Termination"; Value = "SMD/SMT"; VariantName = "[No Variations]"
Add component (AddParameter): Name = "Thickness"; Value = "0.022inch"; VariantName = "[No Variations]"
Add component (AddParameter): Name = "Tolerance"; Value = "20%"; VariantName = "[No Variations]"
Add component (AddParameter): Name = "Voltage"; Value = "6.3V"; VariantName = "[No Variations]"
Add component (AddParameter): Name = "Voltage Rating"; Value = "6.3V"; VariantName = "[No Variations]"
Add component (AddParameter): Name = "Voltage Rating (DC)"; Value = "6.3V"; VariantName = "[No Variations]"
Add component (AddParameter): Name = "Width"; Value = "0.5mm"; VariantName = "[No Variations]"
Added Component: Designator=C134(FP-C0603-030-0_03-IPC_C)
Add component (AddParameter): Name = "Capacitance"; Value = "220nF"; VariantName = "[No Variations]"
Add component (AddParameter): Name = "Case Code (Imperial)"; Value = "0201"; VariantName = "[No Variations]"
Add component (AddParameter): Name = "Case Code (Metric)"; Value = "0603"; VariantName = "[No Variations]"
Add component (AddParameter): Name = "Case/Package"; Value = "0201"; VariantName = "[No Variations]"
Add component (AddParameter): Name = "Construction"; Value = "Flat"; VariantName = "[No Variations]"
Add component (AddParameter): Name = "Depth"; Value = "0.3mm"; VariantName = "[No Variations]"
Add component (AddParameter): Name = "Dielectric"; Value = "X6S"; VariantName = "[No Variations]"
Add component (AddParameter): Name = "Dielectric Material"; Value = "Ceramic"; VariantName = "[No Variations]"
Add component (AddParameter): Name = "Height"; Value = "0.3mm"; VariantName = "[No Variations]"
Add component (AddParameter): Name = "Lead Free"; Value = "Lead Free"; VariantName = "[No Variations]"
Add component (AddParameter): Name = "Length"; Value = "0.6mm"; VariantName = "[No Variations]"
Add component (AddParameter): Name = "Max Operating Temperature"; Value = "105°C"; VariantName = "[No Variations]"
Add component (AddParameter): Name = "Min Operating Temperature"; Value = "-55°C"; VariantName = "[No Variations]"
Add component (AddParameter): Name = "Mount"; Value = "Surface Mount"; VariantName = "[No Variations]"
Add component (AddParameter): Name = "Package Quantity"; Value = "1"; VariantName = "[No Variations]"
Add component (AddParameter): Name = "Packaging"; Value = "Cut Tape"; VariantName = "[No Variations]"
Add component (AddParameter): Name = "REACH SVHC"; Value = "No SVHC"; VariantName = "[No Variations]"
Add component (AddParameter): Name = "Resistor Type"; Value = "Ceramic"; VariantName = "[No Variations]"
Add component (AddParameter): Name = "RoHS Compliant"; Value = "Yes"; VariantName = "[No Variations]"
Add component (AddParameter): Name = "Series"; Value = "C"; VariantName = "[No Variations]"
Add component (AddParameter): Name = "Termination"; Value = "SMD/SMT"; VariantName = "[No Variations]"
Add component (AddParameter): Name = "Thickness"; Value = "300um"; VariantName = "[No Variations]"
Add component (AddParameter): Name = "Tolerance"; Value = "10%"; VariantName = "[No Variations]"
Add component (AddParameter): Name = "Voltage Rating"; Value = "6.3V"; VariantName = "[No Variations]"
Add component (AddParameter): Name = "Voltage Rating (DC)"; Value = "6.3V"; VariantName = "[No Variations]"
Add component (AddParameter): Name = "Weight"; Value = "6E-06oz"; VariantName = "[No Variations]"
Add component (AddParameter): Name = "Width"; Value = "0.012inch"; VariantName = "[No Variations]"
Added Component: Designator=C135(FP-C0603-030-0_03-IPC_C)
Add component (AddParameter): Name = "Capacitance"; Value = "220nF"; VariantName = "[No Variations]"
Add component (AddParameter): Name = "Case Code (Imperial)"; Value = "0201"; VariantName = "[No Variations]"
Add component (AddParameter): Name = "Case Code (Metric)"; Value = "0603"; VariantName = "[No Variations]"
Add component (AddParameter): Name = "Case/Package"; Value = "0201"; VariantName = "[No Variations]"
Add component (AddParameter): Name = "Construction"; Value = "Flat"; VariantName = "[No Variations]"
Add component (AddParameter): Name = "Depth"; Value = "0.3mm"; VariantName = "[No Variations]"
Add component (AddParameter): Name = "Dielectric"; Value = "X6S"; VariantName = "[No Variations]"
Add component (AddParameter): Name = "Dielectric Material"; Value = "Ceramic"; VariantName = "[No Variations]"
Add component (AddParameter): Name = "Height"; Value = "0.3mm"; VariantName = "[No Variations]"
Add component (AddParameter): Name = "Lead Free"; Value = "Lead Free"; VariantName = "[No Variations]"
Add component (AddParameter): Name = "Length"; Value = "0.6mm"; VariantName = "[No Variations]"
Add component (AddParameter): Name = "Max Operating Temperature"; Value = "105°C"; VariantName = "[No Variations]"
Add component (AddParameter): Name = "Min Operating Temperature"; Value = "-55°C"; VariantName = "[No Variations]"
Add component (AddParameter): Name = "Mount"; Value = "Surface Mount"; VariantName = "[No Variations]"
Add component (AddParameter): Name = "Package Quantity"; Value = "1"; VariantName = "[No Variations]"
Add component (AddParameter): Name = "Packaging"; Value = "Cut Tape"; VariantName = "[No Variations]"
Add component (AddParameter): Name = "REACH SVHC"; Value = "No SVHC"; VariantName = "[No Variations]"
Add component (AddParameter): Name = "Resistor Type"; Value = "Ceramic"; VariantName = "[No Variations]"
Add component (AddParameter): Name = "RoHS Compliant"; Value = "Yes"; VariantName = "[No Variations]"
Add component (AddParameter): Name = "Series"; Value = "C"; VariantName = "[No Variations]"
Add component (AddParameter): Name = "Termination"; Value = "SMD/SMT"; VariantName = "[No Variations]"
Add component (AddParameter): Name = "Thickness"; Value = "300um"; VariantName = "[No Variations]"
Add component (AddParameter): Name = "Tolerance"; Value = "10%"; VariantName = "[No Variations]"
Add component (AddParameter): Name = "Voltage Rating"; Value = "6.3V"; VariantName = "[No Variations]"
Add component (AddParameter): Name = "Voltage Rating (DC)"; Value = "6.3V"; VariantName = "[No Variations]"
Add component (AddParameter): Name = "Weight"; Value = "6E-06oz"; VariantName = "[No Variations]"
Add component (AddParameter): Name = "Width"; Value = "0.012inch"; VariantName = "[No Variations]"
Added Component: Designator=C136(FP-C0603-030-0_03-IPC_C)
Add component (AddParameter): Name = "Capacitance"; Value = "220nF"; VariantName = "[No Variations]"
Add component (AddParameter): Name = "Case Code (Imperial)"; Value = "0201"; VariantName = "[No Variations]"
Add component (AddParameter): Name = "Case Code (Metric)"; Value = "0603"; VariantName = "[No Variations]"
Add component (AddParameter): Name = "Case/Package"; Value = "0201"; VariantName = "[No Variations]"
Add component (AddParameter): Name = "Construction"; Value = "Flat"; VariantName = "[No Variations]"
Add component (AddParameter): Name = "Depth"; Value = "0.3mm"; VariantName = "[No Variations]"
Add component (AddParameter): Name = "Dielectric"; Value = "X6S"; VariantName = "[No Variations]"
Add component (AddParameter): Name = "Dielectric Material"; Value = "Ceramic"; VariantName = "[No Variations]"
Add component (AddParameter): Name = "Height"; Value = "0.3mm"; VariantName = "[No Variations]"
Add component (AddParameter): Name = "Lead Free"; Value = "Lead Free"; VariantName = "[No Variations]"
Add component (AddParameter): Name = "Length"; Value = "0.6mm"; VariantName = "[No Variations]"
Add component (AddParameter): Name = "Max Operating Temperature"; Value = "105°C"; VariantName = "[No Variations]"
Add component (AddParameter): Name = "Min Operating Temperature"; Value = "-55°C"; VariantName = "[No Variations]"
Add component (AddParameter): Name = "Mount"; Value = "Surface Mount"; VariantName = "[No Variations]"
Add component (AddParameter): Name = "Package Quantity"; Value = "1"; VariantName = "[No Variations]"
Add component (AddParameter): Name = "Packaging"; Value = "Cut Tape"; VariantName = "[No Variations]"
Add component (AddParameter): Name = "REACH SVHC"; Value = "No SVHC"; VariantName = "[No Variations]"
Add component (AddParameter): Name = "Resistor Type"; Value = "Ceramic"; VariantName = "[No Variations]"
Add component (AddParameter): Name = "RoHS Compliant"; Value = "Yes"; VariantName = "[No Variations]"
Add component (AddParameter): Name = "Series"; Value = "C"; VariantName = "[No Variations]"
Add component (AddParameter): Name = "Termination"; Value = "SMD/SMT"; VariantName = "[No Variations]"
Add component (AddParameter): Name = "Thickness"; Value = "300um"; VariantName = "[No Variations]"
Add component (AddParameter): Name = "Tolerance"; Value = "10%"; VariantName = "[No Variations]"
Add component (AddParameter): Name = "Voltage Rating"; Value = "6.3V"; VariantName = "[No Variations]"
Add component (AddParameter): Name = "Voltage Rating (DC)"; Value = "6.3V"; VariantName = "[No Variations]"
Add component (AddParameter): Name = "Weight"; Value = "6E-06oz"; VariantName = "[No Variations]"
Add component (AddParameter): Name = "Width"; Value = "0.012inch"; VariantName = "[No Variations]"
Added Component: Designator=C137(FP-C0603-030-0_03-IPC_C)
Add component (AddParameter): Name = "Capacitance"; Value = "220nF"; VariantName = "[No Variations]"
Add component (AddParameter): Name = "Case Code (Imperial)"; Value = "0201"; VariantName = "[No Variations]"
Add component (AddParameter): Name = "Case Code (Metric)"; Value = "0603"; VariantName = "[No Variations]"
Add component (AddParameter): Name = "Case/Package"; Value = "0201"; VariantName = "[No Variations]"
Add component (AddParameter): Name = "Construction"; Value = "Flat"; VariantName = "[No Variations]"
Add component (AddParameter): Name = "Depth"; Value = "0.3mm"; VariantName = "[No Variations]"
Add component (AddParameter): Name = "Dielectric"; Value = "X6S"; VariantName = "[No Variations]"
Add component (AddParameter): Name = "Dielectric Material"; Value = "Ceramic"; VariantName = "[No Variations]"
Add component (AddParameter): Name = "Height"; Value = "0.3mm"; VariantName = "[No Variations]"
Add component (AddParameter): Name = "Lead Free"; Value = "Lead Free"; VariantName = "[No Variations]"
Add component (AddParameter): Name = "Length"; Value = "0.6mm"; VariantName = "[No Variations]"
Add component (AddParameter): Name = "Max Operating Temperature"; Value = "105°C"; VariantName = "[No Variations]"
Add component (AddParameter): Name = "Min Operating Temperature"; Value = "-55°C"; VariantName = "[No Variations]"
Add component (AddParameter): Name = "Mount"; Value = "Surface Mount"; VariantName = "[No Variations]"
Add component (AddParameter): Name = "Package Quantity"; Value = "1"; VariantName = "[No Variations]"
Add component (AddParameter): Name = "Packaging"; Value = "Cut Tape"; VariantName = "[No Variations]"
Add component (AddParameter): Name = "REACH SVHC"; Value = "No SVHC"; VariantName = "[No Variations]"
Add component (AddParameter): Name = "Resistor Type"; Value = "Ceramic"; VariantName = "[No Variations]"
Add component (AddParameter): Name = "RoHS Compliant"; Value = "Yes"; VariantName = "[No Variations]"
Add component (AddParameter): Name = "Series"; Value = "C"; VariantName = "[No Variations]"
Add component (AddParameter): Name = "Termination"; Value = "SMD/SMT"; VariantName = "[No Variations]"
Add component (AddParameter): Name = "Thickness"; Value = "300um"; VariantName = "[No Variations]"
Add component (AddParameter): Name = "Tolerance"; Value = "10%"; VariantName = "[No Variations]"
Add component (AddParameter): Name = "Voltage Rating"; Value = "6.3V"; VariantName = "[No Variations]"
Add component (AddParameter): Name = "Voltage Rating (DC)"; Value = "6.3V"; VariantName = "[No Variations]"
Add component (AddParameter): Name = "Weight"; Value = "6E-06oz"; VariantName = "[No Variations]"
Add component (AddParameter): Name = "Width"; Value = "0.012inch"; VariantName = "[No Variations]"
Added Component: Designator=C138(FP-C0603-030-0_03-IPC_C)
Add component (AddParameter): Name = "Capacitance"; Value = "220nF"; VariantName = "[No Variations]"
Add component (AddParameter): Name = "Case Code (Imperial)"; Value = "0201"; VariantName = "[No Variations]"
Add component (AddParameter): Name = "Case Code (Metric)"; Value = "0603"; VariantName = "[No Variations]"
Add component (AddParameter): Name = "Case/Package"; Value = "0201"; VariantName = "[No Variations]"
Add component (AddParameter): Name = "Construction"; Value = "Flat"; VariantName = "[No Variations]"
Add component (AddParameter): Name = "Depth"; Value = "0.3mm"; VariantName = "[No Variations]"
Add component (AddParameter): Name = "Dielectric"; Value = "X6S"; VariantName = "[No Variations]"
Add component (AddParameter): Name = "Dielectric Material"; Value = "Ceramic"; VariantName = "[No Variations]"
Add component (AddParameter): Name = "Height"; Value = "0.3mm"; VariantName = "[No Variations]"
Add component (AddParameter): Name = "Lead Free"; Value = "Lead Free"; VariantName = "[No Variations]"
Add component (AddParameter): Name = "Length"; Value = "0.6mm"; VariantName = "[No Variations]"
Add component (AddParameter): Name = "Max Operating Temperature"; Value = "105°C"; VariantName = "[No Variations]"
Add component (AddParameter): Name = "Min Operating Temperature"; Value = "-55°C"; VariantName = "[No Variations]"
Add component (AddParameter): Name = "Mount"; Value = "Surface Mount"; VariantName = "[No Variations]"
Add component (AddParameter): Name = "Package Quantity"; Value = "1"; VariantName = "[No Variations]"
Add component (AddParameter): Name = "Packaging"; Value = "Cut Tape"; VariantName = "[No Variations]"
Add component (AddParameter): Name = "REACH SVHC"; Value = "No SVHC"; VariantName = "[No Variations]"
Add component (AddParameter): Name = "Resistor Type"; Value = "Ceramic"; VariantName = "[No Variations]"
Add component (AddParameter): Name = "RoHS Compliant"; Value = "Yes"; VariantName = "[No Variations]"
Add component (AddParameter): Name = "Series"; Value = "C"; VariantName = "[No Variations]"
Add component (AddParameter): Name = "Termination"; Value = "SMD/SMT"; VariantName = "[No Variations]"
Add component (AddParameter): Name = "Thickness"; Value = "300um"; VariantName = "[No Variations]"
Add component (AddParameter): Name = "Tolerance"; Value = "10%"; VariantName = "[No Variations]"
Add component (AddParameter): Name = "Voltage Rating"; Value = "6.3V"; VariantName = "[No Variations]"
Add component (AddParameter): Name = "Voltage Rating (DC)"; Value = "6.3V"; VariantName = "[No Variations]"
Add component (AddParameter): Name = "Weight"; Value = "6E-06oz"; VariantName = "[No Variations]"
Add component (AddParameter): Name = "Width"; Value = "0.012inch"; VariantName = "[No Variations]"
Added Component: Designator=C139(FP-C0603-030-0_03-IPC_C)
Add component (AddParameter): Name = "Capacitance"; Value = "220nF"; VariantName = "[No Variations]"
Add component (AddParameter): Name = "Case Code (Imperial)"; Value = "0201"; VariantName = "[No Variations]"
Add component (AddParameter): Name = "Case Code (Metric)"; Value = "0603"; VariantName = "[No Variations]"
Add component (AddParameter): Name = "Case/Package"; Value = "0201"; VariantName = "[No Variations]"
Add component (AddParameter): Name = "Construction"; Value = "Flat"; VariantName = "[No Variations]"
Add component (AddParameter): Name = "Depth"; Value = "0.3mm"; VariantName = "[No Variations]"
Add component (AddParameter): Name = "Dielectric"; Value = "X6S"; VariantName = "[No Variations]"
Add component (AddParameter): Name = "Dielectric Material"; Value = "Ceramic"; VariantName = "[No Variations]"
Add component (AddParameter): Name = "Height"; Value = "0.3mm"; VariantName = "[No Variations]"
Add component (AddParameter): Name = "Lead Free"; Value = "Lead Free"; VariantName = "[No Variations]"
Add component (AddParameter): Name = "Length"; Value = "0.6mm"; VariantName = "[No Variations]"
Add component (AddParameter): Name = "Max Operating Temperature"; Value = "105°C"; VariantName = "[No Variations]"
Add component (AddParameter): Name = "Min Operating Temperature"; Value = "-55°C"; VariantName = "[No Variations]"
Add component (AddParameter): Name = "Mount"; Value = "Surface Mount"; VariantName = "[No Variations]"
Add component (AddParameter): Name = "Package Quantity"; Value = "1"; VariantName = "[No Variations]"
Add component (AddParameter): Name = "Packaging"; Value = "Cut Tape"; VariantName = "[No Variations]"
Add component (AddParameter): Name = "REACH SVHC"; Value = "No SVHC"; VariantName = "[No Variations]"
Add component (AddParameter): Name = "Resistor Type"; Value = "Ceramic"; VariantName = "[No Variations]"
Add component (AddParameter): Name = "RoHS Compliant"; Value = "Yes"; VariantName = "[No Variations]"
Add component (AddParameter): Name = "Series"; Value = "C"; VariantName = "[No Variations]"
Add component (AddParameter): Name = "Termination"; Value = "SMD/SMT"; VariantName = "[No Variations]"
Add component (AddParameter): Name = "Thickness"; Value = "300um"; VariantName = "[No Variations]"
Add component (AddParameter): Name = "Tolerance"; Value = "10%"; VariantName = "[No Variations]"
Add component (AddParameter): Name = "Voltage Rating"; Value = "6.3V"; VariantName = "[No Variations]"
Add component (AddParameter): Name = "Voltage Rating (DC)"; Value = "6.3V"; VariantName = "[No Variations]"
Add component (AddParameter): Name = "Weight"; Value = "6E-06oz"; VariantName = "[No Variations]"
Add component (AddParameter): Name = "Width"; Value = "0.012inch"; VariantName = "[No Variations]"
Added Component: Designator=C140(FP-C0603-030-0_03-IPC_C)
Add component (AddParameter): Name = "Capacitance"; Value = "220nF"; VariantName = "[No Variations]"
Add component (AddParameter): Name = "Case Code (Imperial)"; Value = "0201"; VariantName = "[No Variations]"
Add component (AddParameter): Name = "Case Code (Metric)"; Value = "0603"; VariantName = "[No Variations]"
Add component (AddParameter): Name = "Case/Package"; Value = "0201"; VariantName = "[No Variations]"
Add component (AddParameter): Name = "Construction"; Value = "Flat"; VariantName = "[No Variations]"
Add component (AddParameter): Name = "Depth"; Value = "0.3mm"; VariantName = "[No Variations]"
Add component (AddParameter): Name = "Dielectric"; Value = "X6S"; VariantName = "[No Variations]"
Add component (AddParameter): Name = "Dielectric Material"; Value = "Ceramic"; VariantName = "[No Variations]"
Add component (AddParameter): Name = "Height"; Value = "0.3mm"; VariantName = "[No Variations]"
Add component (AddParameter): Name = "Lead Free"; Value = "Lead Free"; VariantName = "[No Variations]"
Add component (AddParameter): Name = "Length"; Value = "0.6mm"; VariantName = "[No Variations]"
Add component (AddParameter): Name = "Max Operating Temperature"; Value = "105°C"; VariantName = "[No Variations]"
Add component (AddParameter): Name = "Min Operating Temperature"; Value = "-55°C"; VariantName = "[No Variations]"
Add component (AddParameter): Name = "Mount"; Value = "Surface Mount"; VariantName = "[No Variations]"
Add component (AddParameter): Name = "Package Quantity"; Value = "1"; VariantName = "[No Variations]"
Add component (AddParameter): Name = "Packaging"; Value = "Cut Tape"; VariantName = "[No Variations]"
Add component (AddParameter): Name = "REACH SVHC"; Value = "No SVHC"; VariantName = "[No Variations]"
Add component (AddParameter): Name = "Resistor Type"; Value = "Ceramic"; VariantName = "[No Variations]"
Add component (AddParameter): Name = "RoHS Compliant"; Value = "Yes"; VariantName = "[No Variations]"
Add component (AddParameter): Name = "Series"; Value = "C"; VariantName = "[No Variations]"
Add component (AddParameter): Name = "Termination"; Value = "SMD/SMT"; VariantName = "[No Variations]"
Add component (AddParameter): Name = "Thickness"; Value = "300um"; VariantName = "[No Variations]"
Add component (AddParameter): Name = "Tolerance"; Value = "10%"; VariantName = "[No Variations]"
Add component (AddParameter): Name = "Voltage Rating"; Value = "6.3V"; VariantName = "[No Variations]"
Add component (AddParameter): Name = "Voltage Rating (DC)"; Value = "6.3V"; VariantName = "[No Variations]"
Add component (AddParameter): Name = "Weight"; Value = "6E-06oz"; VariantName = "[No Variations]"
Add component (AddParameter): Name = "Width"; Value = "0.012inch"; VariantName = "[No Variations]"
Added Component: Designator=C141(FP-C0603-030-0_03-IPC_C)
Add component (AddParameter): Name = "Capacitance"; Value = "220nF"; VariantName = "[No Variations]"
Add component (AddParameter): Name = "Case Code (Imperial)"; Value = "0201"; VariantName = "[No Variations]"
Add component (AddParameter): Name = "Case Code (Metric)"; Value = "0603"; VariantName = "[No Variations]"
Add component (AddParameter): Name = "Case/Package"; Value = "0201"; VariantName = "[No Variations]"
Add component (AddParameter): Name = "Construction"; Value = "Flat"; VariantName = "[No Variations]"
Add component (AddParameter): Name = "Depth"; Value = "0.3mm"; VariantName = "[No Variations]"
Add component (AddParameter): Name = "Dielectric"; Value = "X6S"; VariantName = "[No Variations]"
Add component (AddParameter): Name = "Dielectric Material"; Value = "Ceramic"; VariantName = "[No Variations]"
Add component (AddParameter): Name = "Height"; Value = "0.3mm"; VariantName = "[No Variations]"
Add component (AddParameter): Name = "Lead Free"; Value = "Lead Free"; VariantName = "[No Variations]"
Add component (AddParameter): Name = "Length"; Value = "0.6mm"; VariantName = "[No Variations]"
Add component (AddParameter): Name = "Max Operating Temperature"; Value = "105°C"; VariantName = "[No Variations]"
Add component (AddParameter): Name = "Min Operating Temperature"; Value = "-55°C"; VariantName = "[No Variations]"
Add component (AddParameter): Name = "Mount"; Value = "Surface Mount"; VariantName = "[No Variations]"
Add component (AddParameter): Name = "Package Quantity"; Value = "1"; VariantName = "[No Variations]"
Add component (AddParameter): Name = "Packaging"; Value = "Cut Tape"; VariantName = "[No Variations]"
Add component (AddParameter): Name = "REACH SVHC"; Value = "No SVHC"; VariantName = "[No Variations]"
Add component (AddParameter): Name = "Resistor Type"; Value = "Ceramic"; VariantName = "[No Variations]"
Add component (AddParameter): Name = "RoHS Compliant"; Value = "Yes"; VariantName = "[No Variations]"
Add component (AddParameter): Name = "Series"; Value = "C"; VariantName = "[No Variations]"
Add component (AddParameter): Name = "Termination"; Value = "SMD/SMT"; VariantName = "[No Variations]"
Add component (AddParameter): Name = "Thickness"; Value = "300um"; VariantName = "[No Variations]"
Add component (AddParameter): Name = "Tolerance"; Value = "10%"; VariantName = "[No Variations]"
Add component (AddParameter): Name = "Voltage Rating"; Value = "6.3V"; VariantName = "[No Variations]"
Add component (AddParameter): Name = "Voltage Rating (DC)"; Value = "6.3V"; VariantName = "[No Variations]"
Add component (AddParameter): Name = "Weight"; Value = "6E-06oz"; VariantName = "[No Variations]"
Add component (AddParameter): Name = "Width"; Value = "0.012inch"; VariantName = "[No Variations]"
Added Component: Designator=C142(FP-GRM188-0_2-IPC_C)
Add component (AddParameter): Name = "Capacitance"; Value = "22uF"; VariantName = "[No Variations]"
Add component (AddParameter): Name = "Case Code (Imperial)"; Value = "0603"; VariantName = "[No Variations]"
Add component (AddParameter): Name = "Case Code (Metric)"; Value = "1608"; VariantName = "[No Variations]"
Add component (AddParameter): Name = "Case/Package"; Value = "0603"; VariantName = "[No Variations]"
Add component (AddParameter): Name = "Depth"; Value = "0.8mm"; VariantName = "[No Variations]"
Add component (AddParameter): Name = "Dielectric"; Value = "X5R"; VariantName = "[No Variations]"
Add component (AddParameter): Name = "Height"; Value = "0.8mm"; VariantName = "[No Variations]"
Add component (AddParameter): Name = "Lead Free"; Value = "Lead Free"; VariantName = "[No Variations]"
Add component (AddParameter): Name = "Length"; Value = "1.6mm"; VariantName = "[No Variations]"
Add component (AddParameter): Name = "Material"; Value = "Ceramic"; VariantName = "[No Variations]"
Add component (AddParameter): Name = "Max Operating Temperature"; Value = "85°C"; VariantName = "[No Variations]"
Add component (AddParameter): Name = "Min Operating Temperature"; Value = "-55°C"; VariantName = "[No Variations]"
Add component (AddParameter): Name = "Mount"; Value = "Surface Mount"; VariantName = "[No Variations]"
Add component (AddParameter): Name = "Package Quantity"; Value = "4000"; VariantName = "[No Variations]"
Add component (AddParameter): Name = "Packaging"; Value = "Tape and Reel"; VariantName = "[No Variations]"
Add component (AddParameter): Name = "REACH SVHC"; Value = "No SVHC"; VariantName = "[No Variations]"
Add component (AddParameter): Name = "Termination"; Value = "SMD/SMT"; VariantName = "[No Variations]"
Add component (AddParameter): Name = "Thickness"; Value = "0.039inch"; VariantName = "[No Variations]"
Add component (AddParameter): Name = "Tolerance"; Value = "20%"; VariantName = "[No Variations]"
Add component (AddParameter): Name = "Voltage Rating"; Value = "10V"; VariantName = "[No Variations]"
Add component (AddParameter): Name = "Voltage Rating (DC)"; Value = "10V"; VariantName = "[No Variations]"
Add component (AddParameter): Name = "Weight"; Value = "0.000222oz"; VariantName = "[No Variations]"
Add component (AddParameter): Name = "Width"; Value = "0.8mm"; VariantName = "[No Variations]"
Added Component: Designator=C143(FP-C0402C225M9PACTU-MFG)
Add component (AddParameter): Name = "Capacitance"; Value = "2.2uF"; VariantName = "[No Variations]"
Add component (AddParameter): Name = "Case Code (Imperial)"; Value = "0402"; VariantName = "[No Variations]"
Add component (AddParameter): Name = "Case Code (Metric)"; Value = "1005"; VariantName = "[No Variations]"
Add component (AddParameter): Name = "Case/Package"; Value = "0402"; VariantName = "[No Variations]"
Add component (AddParameter): Name = "Construction"; Value = "Flat"; VariantName = "[No Variations]"
Add component (AddParameter): Name = "Contact Plating"; Value = "Tin"; VariantName = "[No Variations]"
Add component (AddParameter): Name = "Depth"; Value = "0.5mm"; VariantName = "[No Variations]"
Add component (AddParameter): Name = "Dielectric"; Value = "X5R"; VariantName = "[No Variations]"
Add component (AddParameter): Name = "Dielectric Material"; Value = "Ceramic"; VariantName = "[No Variations]"
Add component (AddParameter): Name = "Dissipation Factor"; Value = "5%"; VariantName = "[No Variations]"
Add component (AddParameter): Name = "Height"; Value = "0.5mm"; VariantName = "[No Variations]"
Add component (AddParameter): Name = "Lead Free"; Value = "Lead Free"; VariantName = "[No Variations]"
Add component (AddParameter): Name = "Length"; Value = "1mm"; VariantName = "[No Variations]"
Add component (AddParameter): Name = "Max Operating Temperature"; Value = "85°C"; VariantName = "[No Variations]"
Add component (AddParameter): Name = "Min Operating Temperature"; Value = "-55°C"; VariantName = "[No Variations]"
Add component (AddParameter): Name = "Mount"; Value = "Surface Mount"; VariantName = "[No Variations]"
Add component (AddParameter): Name = "Number of Pins"; Value = "2"; VariantName = "[No Variations]"
Add component (AddParameter): Name = "Package Quantity"; Value = "1"; VariantName = "[No Variations]"
Add component (AddParameter): Name = "Packaging"; Value = "Tape and Reel"; VariantName = "[No Variations]"
Add component (AddParameter): Name = "Radiation Hardening"; Value = "No"; VariantName = "[No Variations]"
Add component (AddParameter): Name = "REACH SVHC"; Value = "No SVHC"; VariantName = "[No Variations]"
Add component (AddParameter): Name = "RoHS Compliant"; Value = "Yes"; VariantName = "[No Variations]"
Add component (AddParameter): Name = "Series"; Value = "C"; VariantName = "[No Variations]"
Add component (AddParameter): Name = "Termination"; Value = "SMD/SMT"; VariantName = "[No Variations]"
Add component (AddParameter): Name = "Thickness"; Value = "0.022inch"; VariantName = "[No Variations]"
Add component (AddParameter): Name = "Tolerance"; Value = "20%"; VariantName = "[No Variations]"
Add component (AddParameter): Name = "Voltage"; Value = "6.3V"; VariantName = "[No Variations]"
Add component (AddParameter): Name = "Voltage Rating"; Value = "6.3V"; VariantName = "[No Variations]"
Add component (AddParameter): Name = "Voltage Rating (DC)"; Value = "6.3V"; VariantName = "[No Variations]"
Add component (AddParameter): Name = "Width"; Value = "0.5mm"; VariantName = "[No Variations]"
Added Component: Designator=C144(FP-C0603-030-0_03-IPC_C)
Add component (AddParameter): Name = "Capacitance"; Value = "220nF"; VariantName = "[No Variations]"
Add component (AddParameter): Name = "Case Code (Imperial)"; Value = "0201"; VariantName = "[No Variations]"
Add component (AddParameter): Name = "Case Code (Metric)"; Value = "0603"; VariantName = "[No Variations]"
Add component (AddParameter): Name = "Case/Package"; Value = "0201"; VariantName = "[No Variations]"
Add component (AddParameter): Name = "Construction"; Value = "Flat"; VariantName = "[No Variations]"
Add component (AddParameter): Name = "Depth"; Value = "0.3mm"; VariantName = "[No Variations]"
Add component (AddParameter): Name = "Dielectric"; Value = "X6S"; VariantName = "[No Variations]"
Add component (AddParameter): Name = "Dielectric Material"; Value = "Ceramic"; VariantName = "[No Variations]"
Add component (AddParameter): Name = "Height"; Value = "0.3mm"; VariantName = "[No Variations]"
Add component (AddParameter): Name = "Lead Free"; Value = "Lead Free"; VariantName = "[No Variations]"
Add component (AddParameter): Name = "Length"; Value = "0.6mm"; VariantName = "[No Variations]"
Add component (AddParameter): Name = "Max Operating Temperature"; Value = "105°C"; VariantName = "[No Variations]"
Add component (AddParameter): Name = "Min Operating Temperature"; Value = "-55°C"; VariantName = "[No Variations]"
Add component (AddParameter): Name = "Mount"; Value = "Surface Mount"; VariantName = "[No Variations]"
Add component (AddParameter): Name = "Package Quantity"; Value = "1"; VariantName = "[No Variations]"
Add component (AddParameter): Name = "Packaging"; Value = "Cut Tape"; VariantName = "[No Variations]"
Add component (AddParameter): Name = "REACH SVHC"; Value = "No SVHC"; VariantName = "[No Variations]"
Add component (AddParameter): Name = "Resistor Type"; Value = "Ceramic"; VariantName = "[No Variations]"
Add component (AddParameter): Name = "RoHS Compliant"; Value = "Yes"; VariantName = "[No Variations]"
Add component (AddParameter): Name = "Series"; Value = "C"; VariantName = "[No Variations]"
Add component (AddParameter): Name = "Termination"; Value = "SMD/SMT"; VariantName = "[No Variations]"
Add component (AddParameter): Name = "Thickness"; Value = "300um"; VariantName = "[No Variations]"
Add component (AddParameter): Name = "Tolerance"; Value = "10%"; VariantName = "[No Variations]"
Add component (AddParameter): Name = "Voltage Rating"; Value = "6.3V"; VariantName = "[No Variations]"
Add component (AddParameter): Name = "Voltage Rating (DC)"; Value = "6.3V"; VariantName = "[No Variations]"
Add component (AddParameter): Name = "Weight"; Value = "6E-06oz"; VariantName = "[No Variations]"
Add component (AddParameter): Name = "Width"; Value = "0.012inch"; VariantName = "[No Variations]"
Added Component: Designator=C145(FP-C0603-030-0_03-IPC_C)
Add component (AddParameter): Name = "Capacitance"; Value = "220nF"; VariantName = "[No Variations]"
Add component (AddParameter): Name = "Case Code (Imperial)"; Value = "0201"; VariantName = "[No Variations]"
Add component (AddParameter): Name = "Case Code (Metric)"; Value = "0603"; VariantName = "[No Variations]"
Add component (AddParameter): Name = "Case/Package"; Value = "0201"; VariantName = "[No Variations]"
Add component (AddParameter): Name = "Construction"; Value = "Flat"; VariantName = "[No Variations]"
Add component (AddParameter): Name = "Depth"; Value = "0.3mm"; VariantName = "[No Variations]"
Add component (AddParameter): Name = "Dielectric"; Value = "X6S"; VariantName = "[No Variations]"
Add component (AddParameter): Name = "Dielectric Material"; Value = "Ceramic"; VariantName = "[No Variations]"
Add component (AddParameter): Name = "Height"; Value = "0.3mm"; VariantName = "[No Variations]"
Add component (AddParameter): Name = "Lead Free"; Value = "Lead Free"; VariantName = "[No Variations]"
Add component (AddParameter): Name = "Length"; Value = "0.6mm"; VariantName = "[No Variations]"
Add component (AddParameter): Name = "Max Operating Temperature"; Value = "105°C"; VariantName = "[No Variations]"
Add component (AddParameter): Name = "Min Operating Temperature"; Value = "-55°C"; VariantName = "[No Variations]"
Add component (AddParameter): Name = "Mount"; Value = "Surface Mount"; VariantName = "[No Variations]"
Add component (AddParameter): Name = "Package Quantity"; Value = "1"; VariantName = "[No Variations]"
Add component (AddParameter): Name = "Packaging"; Value = "Cut Tape"; VariantName = "[No Variations]"
Add component (AddParameter): Name = "REACH SVHC"; Value = "No SVHC"; VariantName = "[No Variations]"
Add component (AddParameter): Name = "Resistor Type"; Value = "Ceramic"; VariantName = "[No Variations]"
Add component (AddParameter): Name = "RoHS Compliant"; Value = "Yes"; VariantName = "[No Variations]"
Add component (AddParameter): Name = "Series"; Value = "C"; VariantName = "[No Variations]"
Add component (AddParameter): Name = "Termination"; Value = "SMD/SMT"; VariantName = "[No Variations]"
Add component (AddParameter): Name = "Thickness"; Value = "300um"; VariantName = "[No Variations]"
Add component (AddParameter): Name = "Tolerance"; Value = "10%"; VariantName = "[No Variations]"
Add component (AddParameter): Name = "Voltage Rating"; Value = "6.3V"; VariantName = "[No Variations]"
Add component (AddParameter): Name = "Voltage Rating (DC)"; Value = "6.3V"; VariantName = "[No Variations]"
Add component (AddParameter): Name = "Weight"; Value = "6E-06oz"; VariantName = "[No Variations]"
Add component (AddParameter): Name = "Width"; Value = "0.012inch"; VariantName = "[No Variations]"
Added Component: Designator=C146(FP-C0603-030-0_03-IPC_C)
Add component (AddParameter): Name = "Capacitance"; Value = "220nF"; VariantName = "[No Variations]"
Add component (AddParameter): Name = "Case Code (Imperial)"; Value = "0201"; VariantName = "[No Variations]"
Add component (AddParameter): Name = "Case Code (Metric)"; Value = "0603"; VariantName = "[No Variations]"
Add component (AddParameter): Name = "Case/Package"; Value = "0201"; VariantName = "[No Variations]"
Add component (AddParameter): Name = "Construction"; Value = "Flat"; VariantName = "[No Variations]"
Add component (AddParameter): Name = "Depth"; Value = "0.3mm"; VariantName = "[No Variations]"
Add component (AddParameter): Name = "Dielectric"; Value = "X6S"; VariantName = "[No Variations]"
Add component (AddParameter): Name = "Dielectric Material"; Value = "Ceramic"; VariantName = "[No Variations]"
Add component (AddParameter): Name = "Height"; Value = "0.3mm"; VariantName = "[No Variations]"
Add component (AddParameter): Name = "Lead Free"; Value = "Lead Free"; VariantName = "[No Variations]"
Add component (AddParameter): Name = "Length"; Value = "0.6mm"; VariantName = "[No Variations]"
Add component (AddParameter): Name = "Max Operating Temperature"; Value = "105°C"; VariantName = "[No Variations]"
Add component (AddParameter): Name = "Min Operating Temperature"; Value = "-55°C"; VariantName = "[No Variations]"
Add component (AddParameter): Name = "Mount"; Value = "Surface Mount"; VariantName = "[No Variations]"
Add component (AddParameter): Name = "Package Quantity"; Value = "1"; VariantName = "[No Variations]"
Add component (AddParameter): Name = "Packaging"; Value = "Cut Tape"; VariantName = "[No Variations]"
Add component (AddParameter): Name = "REACH SVHC"; Value = "No SVHC"; VariantName = "[No Variations]"
Add component (AddParameter): Name = "Resistor Type"; Value = "Ceramic"; VariantName = "[No Variations]"
Add component (AddParameter): Name = "RoHS Compliant"; Value = "Yes"; VariantName = "[No Variations]"
Add component (AddParameter): Name = "Series"; Value = "C"; VariantName = "[No Variations]"
Add component (AddParameter): Name = "Termination"; Value = "SMD/SMT"; VariantName = "[No Variations]"
Add component (AddParameter): Name = "Thickness"; Value = "300um"; VariantName = "[No Variations]"
Add component (AddParameter): Name = "Tolerance"; Value = "10%"; VariantName = "[No Variations]"
Add component (AddParameter): Name = "Voltage Rating"; Value = "6.3V"; VariantName = "[No Variations]"
Add component (AddParameter): Name = "Voltage Rating (DC)"; Value = "6.3V"; VariantName = "[No Variations]"
Add component (AddParameter): Name = "Weight"; Value = "6E-06oz"; VariantName = "[No Variations]"
Add component (AddParameter): Name = "Width"; Value = "0.012inch"; VariantName = "[No Variations]"
Added Component: Designator=C147(FP-C0603-030-0_03-IPC_C)
Add component (AddParameter): Name = "Capacitance"; Value = "220nF"; VariantName = "[No Variations]"
Add component (AddParameter): Name = "Case Code (Imperial)"; Value = "0201"; VariantName = "[No Variations]"
Add component (AddParameter): Name = "Case Code (Metric)"; Value = "0603"; VariantName = "[No Variations]"
Add component (AddParameter): Name = "Case/Package"; Value = "0201"; VariantName = "[No Variations]"
Add component (AddParameter): Name = "Construction"; Value = "Flat"; VariantName = "[No Variations]"
Add component (AddParameter): Name = "Depth"; Value = "0.3mm"; VariantName = "[No Variations]"
Add component (AddParameter): Name = "Dielectric"; Value = "X6S"; VariantName = "[No Variations]"
Add component (AddParameter): Name = "Dielectric Material"; Value = "Ceramic"; VariantName = "[No Variations]"
Add component (AddParameter): Name = "Height"; Value = "0.3mm"; VariantName = "[No Variations]"
Add component (AddParameter): Name = "Lead Free"; Value = "Lead Free"; VariantName = "[No Variations]"
Add component (AddParameter): Name = "Length"; Value = "0.6mm"; VariantName = "[No Variations]"
Add component (AddParameter): Name = "Max Operating Temperature"; Value = "105°C"; VariantName = "[No Variations]"
Add component (AddParameter): Name = "Min Operating Temperature"; Value = "-55°C"; VariantName = "[No Variations]"
Add component (AddParameter): Name = "Mount"; Value = "Surface Mount"; VariantName = "[No Variations]"
Add component (AddParameter): Name = "Package Quantity"; Value = "1"; VariantName = "[No Variations]"
Add component (AddParameter): Name = "Packaging"; Value = "Cut Tape"; VariantName = "[No Variations]"
Add component (AddParameter): Name = "REACH SVHC"; Value = "No SVHC"; VariantName = "[No Variations]"
Add component (AddParameter): Name = "Resistor Type"; Value = "Ceramic"; VariantName = "[No Variations]"
Add component (AddParameter): Name = "RoHS Compliant"; Value = "Yes"; VariantName = "[No Variations]"
Add component (AddParameter): Name = "Series"; Value = "C"; VariantName = "[No Variations]"
Add component (AddParameter): Name = "Termination"; Value = "SMD/SMT"; VariantName = "[No Variations]"
Add component (AddParameter): Name = "Thickness"; Value = "300um"; VariantName = "[No Variations]"
Add component (AddParameter): Name = "Tolerance"; Value = "10%"; VariantName = "[No Variations]"
Add component (AddParameter): Name = "Voltage Rating"; Value = "6.3V"; VariantName = "[No Variations]"
Add component (AddParameter): Name = "Voltage Rating (DC)"; Value = "6.3V"; VariantName = "[No Variations]"
Add component (AddParameter): Name = "Weight"; Value = "6E-06oz"; VariantName = "[No Variations]"
Add component (AddParameter): Name = "Width"; Value = "0.012inch"; VariantName = "[No Variations]"
Added Component: Designator=C148(FP-C0603-030-0_03-IPC_C)
Add component (AddParameter): Name = "Capacitance"; Value = "220nF"; VariantName = "[No Variations]"
Add component (AddParameter): Name = "Case Code (Imperial)"; Value = "0201"; VariantName = "[No Variations]"
Add component (AddParameter): Name = "Case Code (Metric)"; Value = "0603"; VariantName = "[No Variations]"
Add component (AddParameter): Name = "Case/Package"; Value = "0201"; VariantName = "[No Variations]"
Add component (AddParameter): Name = "Construction"; Value = "Flat"; VariantName = "[No Variations]"
Add component (AddParameter): Name = "Depth"; Value = "0.3mm"; VariantName = "[No Variations]"
Add component (AddParameter): Name = "Dielectric"; Value = "X6S"; VariantName = "[No Variations]"
Add component (AddParameter): Name = "Dielectric Material"; Value = "Ceramic"; VariantName = "[No Variations]"
Add component (AddParameter): Name = "Height"; Value = "0.3mm"; VariantName = "[No Variations]"
Add component (AddParameter): Name = "Lead Free"; Value = "Lead Free"; VariantName = "[No Variations]"
Add component (AddParameter): Name = "Length"; Value = "0.6mm"; VariantName = "[No Variations]"
Add component (AddParameter): Name = "Max Operating Temperature"; Value = "105°C"; VariantName = "[No Variations]"
Add component (AddParameter): Name = "Min Operating Temperature"; Value = "-55°C"; VariantName = "[No Variations]"
Add component (AddParameter): Name = "Mount"; Value = "Surface Mount"; VariantName = "[No Variations]"
Add component (AddParameter): Name = "Package Quantity"; Value = "1"; VariantName = "[No Variations]"
Add component (AddParameter): Name = "Packaging"; Value = "Cut Tape"; VariantName = "[No Variations]"
Add component (AddParameter): Name = "REACH SVHC"; Value = "No SVHC"; VariantName = "[No Variations]"
Add component (AddParameter): Name = "Resistor Type"; Value = "Ceramic"; VariantName = "[No Variations]"
Add component (AddParameter): Name = "RoHS Compliant"; Value = "Yes"; VariantName = "[No Variations]"
Add component (AddParameter): Name = "Series"; Value = "C"; VariantName = "[No Variations]"
Add component (AddParameter): Name = "Termination"; Value = "SMD/SMT"; VariantName = "[No Variations]"
Add component (AddParameter): Name = "Thickness"; Value = "300um"; VariantName = "[No Variations]"
Add component (AddParameter): Name = "Tolerance"; Value = "10%"; VariantName = "[No Variations]"
Add component (AddParameter): Name = "Voltage Rating"; Value = "6.3V"; VariantName = "[No Variations]"
Add component (AddParameter): Name = "Voltage Rating (DC)"; Value = "6.3V"; VariantName = "[No Variations]"
Add component (AddParameter): Name = "Weight"; Value = "6E-06oz"; VariantName = "[No Variations]"
Add component (AddParameter): Name = "Width"; Value = "0.012inch"; VariantName = "[No Variations]"
Added Component: Designator=C149(FP-C0603-030-0_03-IPC_C)
Add component (AddParameter): Name = "Capacitance"; Value = "220nF"; VariantName = "[No Variations]"
Add component (AddParameter): Name = "Case Code (Imperial)"; Value = "0201"; VariantName = "[No Variations]"
Add component (AddParameter): Name = "Case Code (Metric)"; Value = "0603"; VariantName = "[No Variations]"
Add component (AddParameter): Name = "Case/Package"; Value = "0201"; VariantName = "[No Variations]"
Add component (AddParameter): Name = "Construction"; Value = "Flat"; VariantName = "[No Variations]"
Add component (AddParameter): Name = "Depth"; Value = "0.3mm"; VariantName = "[No Variations]"
Add component (AddParameter): Name = "Dielectric"; Value = "X6S"; VariantName = "[No Variations]"
Add component (AddParameter): Name = "Dielectric Material"; Value = "Ceramic"; VariantName = "[No Variations]"
Add component (AddParameter): Name = "Height"; Value = "0.3mm"; VariantName = "[No Variations]"
Add component (AddParameter): Name = "Lead Free"; Value = "Lead Free"; VariantName = "[No Variations]"
Add component (AddParameter): Name = "Length"; Value = "0.6mm"; VariantName = "[No Variations]"
Add component (AddParameter): Name = "Max Operating Temperature"; Value = "105°C"; VariantName = "[No Variations]"
Add component (AddParameter): Name = "Min Operating Temperature"; Value = "-55°C"; VariantName = "[No Variations]"
Add component (AddParameter): Name = "Mount"; Value = "Surface Mount"; VariantName = "[No Variations]"
Add component (AddParameter): Name = "Package Quantity"; Value = "1"; VariantName = "[No Variations]"
Add component (AddParameter): Name = "Packaging"; Value = "Cut Tape"; VariantName = "[No Variations]"
Add component (AddParameter): Name = "REACH SVHC"; Value = "No SVHC"; VariantName = "[No Variations]"
Add component (AddParameter): Name = "Resistor Type"; Value = "Ceramic"; VariantName = "[No Variations]"
Add component (AddParameter): Name = "RoHS Compliant"; Value = "Yes"; VariantName = "[No Variations]"
Add component (AddParameter): Name = "Series"; Value = "C"; VariantName = "[No Variations]"
Add component (AddParameter): Name = "Termination"; Value = "SMD/SMT"; VariantName = "[No Variations]"
Add component (AddParameter): Name = "Thickness"; Value = "300um"; VariantName = "[No Variations]"
Add component (AddParameter): Name = "Tolerance"; Value = "10%"; VariantName = "[No Variations]"
Add component (AddParameter): Name = "Voltage Rating"; Value = "6.3V"; VariantName = "[No Variations]"
Add component (AddParameter): Name = "Voltage Rating (DC)"; Value = "6.3V"; VariantName = "[No Variations]"
Add component (AddParameter): Name = "Weight"; Value = "6E-06oz"; VariantName = "[No Variations]"
Add component (AddParameter): Name = "Width"; Value = "0.012inch"; VariantName = "[No Variations]"
Added Component: Designator=C150(FP-C0603-030-0_03-IPC_C)
Add component (AddParameter): Name = "Capacitance"; Value = "220nF"; VariantName = "[No Variations]"
Add component (AddParameter): Name = "Case Code (Imperial)"; Value = "0201"; VariantName = "[No Variations]"
Add component (AddParameter): Name = "Case Code (Metric)"; Value = "0603"; VariantName = "[No Variations]"
Add component (AddParameter): Name = "Case/Package"; Value = "0201"; VariantName = "[No Variations]"
Add component (AddParameter): Name = "Construction"; Value = "Flat"; VariantName = "[No Variations]"
Add component (AddParameter): Name = "Depth"; Value = "0.3mm"; VariantName = "[No Variations]"
Add component (AddParameter): Name = "Dielectric"; Value = "X6S"; VariantName = "[No Variations]"
Add component (AddParameter): Name = "Dielectric Material"; Value = "Ceramic"; VariantName = "[No Variations]"
Add component (AddParameter): Name = "Height"; Value = "0.3mm"; VariantName = "[No Variations]"
Add component (AddParameter): Name = "Lead Free"; Value = "Lead Free"; VariantName = "[No Variations]"
Add component (AddParameter): Name = "Length"; Value = "0.6mm"; VariantName = "[No Variations]"
Add component (AddParameter): Name = "Max Operating Temperature"; Value = "105°C"; VariantName = "[No Variations]"
Add component (AddParameter): Name = "Min Operating Temperature"; Value = "-55°C"; VariantName = "[No Variations]"
Add component (AddParameter): Name = "Mount"; Value = "Surface Mount"; VariantName = "[No Variations]"
Add component (AddParameter): Name = "Package Quantity"; Value = "1"; VariantName = "[No Variations]"
Add component (AddParameter): Name = "Packaging"; Value = "Cut Tape"; VariantName = "[No Variations]"
Add component (AddParameter): Name = "REACH SVHC"; Value = "No SVHC"; VariantName = "[No Variations]"
Add component (AddParameter): Name = "Resistor Type"; Value = "Ceramic"; VariantName = "[No Variations]"
Add component (AddParameter): Name = "RoHS Compliant"; Value = "Yes"; VariantName = "[No Variations]"
Add component (AddParameter): Name = "Series"; Value = "C"; VariantName = "[No Variations]"
Add component (AddParameter): Name = "Termination"; Value = "SMD/SMT"; VariantName = "[No Variations]"
Add component (AddParameter): Name = "Thickness"; Value = "300um"; VariantName = "[No Variations]"
Add component (AddParameter): Name = "Tolerance"; Value = "10%"; VariantName = "[No Variations]"
Add component (AddParameter): Name = "Voltage Rating"; Value = "6.3V"; VariantName = "[No Variations]"
Add component (AddParameter): Name = "Voltage Rating (DC)"; Value = "6.3V"; VariantName = "[No Variations]"
Add component (AddParameter): Name = "Weight"; Value = "6E-06oz"; VariantName = "[No Variations]"
Add component (AddParameter): Name = "Width"; Value = "0.012inch"; VariantName = "[No Variations]"
Added Component: Designator=R46(RESC0603X28X15NL05T05)
Add component (AddParameter): Name = "Manufacturer"; Value = "Vishay"; VariantName = "[No Variations]"
Add component (AddParameter): Name = "Part Number"; Value = "CRCW0201100RFNED"; VariantName = "[No Variations]"
Added Component: Designator=R47(RESC0603X28X15NL05T05)
Add component (AddParameter): Name = "Manufacturer"; Value = "Vishay"; VariantName = "[No Variations]"
Add component (AddParameter): Name = "Part Number"; Value = "CRCW0201100RFNED"; VariantName = "[No Variations]"
Added Component: Designator=R48(RESC0603X28X15NL05T05)
Add component (AddParameter): Name = "Manufacturer"; Value = "Vishay"; VariantName = "[No Variations]"
Add component (AddParameter): Name = "Part Number"; Value = "CRCW0201100RFNED"; VariantName = "[No Variations]"
Added Component: Designator=R49(RESC0603X28X15NL05T05)
Add component (AddParameter): Name = "Manufacturer"; Value = "Vishay"; VariantName = "[No Variations]"
Add component (AddParameter): Name = "Part Number"; Value = "CRCW0201100RFNED"; VariantName = "[No Variations]"
Added Component: Designator=R50(RESC0603X28X15NL05T05)
Add component (AddParameter): Name = "Manufacturer"; Value = "Vishay"; VariantName = "[No Variations]"
Add component (AddParameter): Name = "Part Number"; Value = "CRCW0201100RFNED"; VariantName = "[No Variations]"
Added Component: Designator=R51(RESC0603X28X15NL05T05)
Add component (AddParameter): Name = "Manufacturer"; Value = "Vishay"; VariantName = "[No Variations]"
Add component (AddParameter): Name = "Part Number"; Value = "CRCW0201100RFNED"; VariantName = "[No Variations]"
Added Component: Designator=R52(RESC0603X28X15NL05T05)
Add component (AddParameter): Name = "Manufacturer"; Value = "Vishay"; VariantName = "[No Variations]"
Add component (AddParameter): Name = "Part Number"; Value = "CRCW0201100RFNED"; VariantName = "[No Variations]"
Added Component: Designator=R53(RESC0603X28X15NL05T05)
Add component (AddParameter): Name = "Manufacturer"; Value = "Vishay"; VariantName = "[No Variations]"
Add component (AddParameter): Name = "Part Number"; Value = "CRCW0201100RFNED"; VariantName = "[No Variations]"
Added Component: Designator=R54(RESC0603X28X15NL05T05)
Add component (AddParameter): Name = "Manufacturer"; Value = "Vishay"; VariantName = "[No Variations]"
Add component (AddParameter): Name = "Part Number"; Value = "CRCW0201100RFNED"; VariantName = "[No Variations]"
Added Component: Designator=R55(RESC0603X28X15NL05T05)
Add component (AddParameter): Name = "Manufacturer"; Value = "Vishay"; VariantName = "[No Variations]"
Add component (AddParameter): Name = "Part Number"; Value = "CRCW0201100RFNED"; VariantName = "[No Variations]"
Added Component: Designator=R56(RESC0603X28X15NL05T05)
Add component (AddParameter): Name = "Manufacturer"; Value = "Vishay"; VariantName = "[No Variations]"
Add component (AddParameter): Name = "Part Number"; Value = "CRCW0201100RFNED"; VariantName = "[No Variations]"
Added Component: Designator=R57(RESC0603X28X15NL05T05)
Add component (AddParameter): Name = "Manufacturer"; Value = "Vishay"; VariantName = "[No Variations]"
Add component (AddParameter): Name = "Part Number"; Value = "CRCW0201100RFNED"; VariantName = "[No Variations]"
Added Component: Designator=R58(RESC0603X28X15NL05T05)
Add component (AddParameter): Name = "Manufacturer"; Value = "Vishay"; VariantName = "[No Variations]"
Add component (AddParameter): Name = "Part Number"; Value = "CRCW0201100RFNED"; VariantName = "[No Variations]"
Added Component: Designator=R59(RESC0603X28X15NL05T05)
Add component (AddParameter): Name = "Manufacturer"; Value = "Vishay"; VariantName = "[No Variations]"
Add component (AddParameter): Name = "Part Number"; Value = "CRCW0201100RFNED"; VariantName = "[No Variations]"
Added Component: Designator=R60(RESC0603X28X15NL05T05)
Add component (AddParameter): Name = "Manufacturer"; Value = "Vishay"; VariantName = "[No Variations]"
Add component (AddParameter): Name = "Part Number"; Value = "CRCW0201100RFNED"; VariantName = "[No Variations]"
Added Component: Designator=R61(RESC0603X28X15NL05T05)
Add component (AddParameter): Name = "Manufacturer"; Value = "Vishay"; VariantName = "[No Variations]"
Add component (AddParameter): Name = "Part Number"; Value = "CRCW0201100RFNED"; VariantName = "[No Variations]"
Added Component: Designator=R62(RESC0603X28X15NL05T05)
Add component (AddParameter): Name = "Manufacturer"; Value = "Vishay"; VariantName = "[No Variations]"
Add component (AddParameter): Name = "Part Number"; Value = "CRCW0201100RFNED"; VariantName = "[No Variations]"
Added Component: Designator=R63(RESC0603X28X15NL05T05)
Add component (AddParameter): Name = "Manufacturer"; Value = "Vishay"; VariantName = "[No Variations]"
Add component (AddParameter): Name = "Part Number"; Value = "CRCW0201100RFNED"; VariantName = "[No Variations]"
Added Component: Designator=R64(RESC0603X28X15NL05T05)
Add component (AddParameter): Name = "Manufacturer"; Value = "Vishay"; VariantName = "[No Variations]"
Add component (AddParameter): Name = "Part Number"; Value = "CRCW0201100RFNED"; VariantName = "[No Variations]"
Added Component: Designator=R65(RESC0603X28X15NL05T05)
Add component (AddParameter): Name = "Manufacturer"; Value = "Vishay"; VariantName = "[No Variations]"
Add component (AddParameter): Name = "Part Number"; Value = "CRCW0201100RFNED"; VariantName = "[No Variations]"
Added Component: Designator=R66(RESC0603X28X15NL05T05)
Add component (AddParameter): Name = "Manufacturer"; Value = "Vishay"; VariantName = "[No Variations]"
Add component (AddParameter): Name = "Part Number"; Value = "CRCW0201100RFNED"; VariantName = "[No Variations]"
Added Component: Designator=R67(RESC0603X28X15NL05T05)
Add component (AddParameter): Name = "Manufacturer"; Value = "Vishay"; VariantName = "[No Variations]"
Add component (AddParameter): Name = "Part Number"; Value = "CRCW0201100RFNED"; VariantName = "[No Variations]"
Added Component: Designator=R68(RESC0603X28X15NL05T05)
Add component (AddParameter): Name = "Manufacturer"; Value = "Vishay"; VariantName = "[No Variations]"
Add component (AddParameter): Name = "Part Number"; Value = "CRCW0201100RFNED"; VariantName = "[No Variations]"
Added Component: Designator=R69(RESC0603X28X15NL05T05)
Add component (AddParameter): Name = "Manufacturer"; Value = "Vishay"; VariantName = "[No Variations]"
Add component (AddParameter): Name = "Part Number"; Value = "CRCW0201100RFNED"; VariantName = "[No Variations]"
Added Component: Designator=R70(RESC0603X28X15NL05T05)
Add component (AddParameter): Name = "Manufacturer"; Value = "Vishay"; VariantName = "[No Variations]"
Add component (AddParameter): Name = "Part Number"; Value = "CRCW0201100RFNED"; VariantName = "[No Variations]"
Added Component: Designator=R71(RESC0603X28X15NL05T05)
Add component (AddParameter): Name = "Manufacturer"; Value = "Vishay"; VariantName = "[No Variations]"
Add component (AddParameter): Name = "Part Number"; Value = "CRCW0201100RFNED"; VariantName = "[No Variations]"
Added Pin To Net: NetName=+VS Pin=C125-1
Added Pin To Net: NetName=+0V675 Pin=C131-1
Added Pin To Net: NetName=CTR Pin=C131-2
Added Pin To Net: NetName=+0V675 Pin=C132-1
Added Pin To Net: NetName=CTR Pin=C132-2
Added Pin To Net: NetName=+0V675 Pin=C133-1
Added Pin To Net: NetName=CTR Pin=C133-2
Added Pin To Net: NetName=+0V675 Pin=C134-1
Added Pin To Net: NetName=CTR Pin=C134-2
Added Pin To Net: NetName=+0V675 Pin=C135-1
Added Pin To Net: NetName=CTR Pin=C135-2
Added Pin To Net: NetName=+0V675 Pin=C136-1
Added Pin To Net: NetName=CTR Pin=C136-2
Added Pin To Net: NetName=+0V675 Pin=C137-1
Added Pin To Net: NetName=CTR Pin=C137-2
Added Pin To Net: NetName=+0V675 Pin=C138-1
Added Pin To Net: NetName=CTR Pin=C138-2
Added Pin To Net: NetName=+0V675 Pin=C139-1
Added Pin To Net: NetName=CTR Pin=C139-2
Added Pin To Net: NetName=+0V675 Pin=C140-1
Added Pin To Net: NetName=CTR Pin=C140-2
Added Pin To Net: NetName=+0V675 Pin=C141-1
Added Pin To Net: NetName=CTR Pin=C141-2
Added Pin To Net: NetName=+1V35 Pin=C142-1
Added Pin To Net: NetName=CTR Pin=C142-2
Added Pin To Net: NetName=+1V35 Pin=C143-1
Added Pin To Net: NetName=CTR Pin=C143-2
Added Pin To Net: NetName=+1V35 Pin=C144-1
Added Pin To Net: NetName=CTR Pin=C144-2
Added Pin To Net: NetName=+1V35 Pin=C145-1
Added Pin To Net: NetName=CTR Pin=C145-2
Added Pin To Net: NetName=+1V35 Pin=C146-1
Added Pin To Net: NetName=CTR Pin=C146-2
Added Pin To Net: NetName=+0V675 Pin=C147-1
Added Pin To Net: NetName=CTR Pin=C147-2
Added Pin To Net: NetName=+0V675 Pin=C148-1
Added Pin To Net: NetName=CTR Pin=C148-2
Added Pin To Net: NetName=+VS Pin=C149-1
Added Pin To Net: NetName=CTR Pin=C149-2
Added Pin To Net: NetName=+0V675 Pin=C150-1
Added Pin To Net: NetName=CTR Pin=C150-2
Added Pin To Net: NetName=+1V35 Pin=IC5-A1
Added Pin To Net: NetName=+1V35 Pin=IC5-A8
Added Pin To Net: NetName=CTR Pin=IC5-A9
Added Pin To Net: NetName=CTR Pin=IC5-B1
Added Pin To Net: NetName=+1V35 Pin=IC5-B2
Added Pin To Net: NetName=CTR Pin=IC5-B3
Added Pin To Net: NetName=CTR Pin=IC5-B9
Added Pin To Net: NetName=+1V35 Pin=IC5-C1
Added Pin To Net: NetName=+1V35 Pin=IC5-C9
Added Pin To Net: NetName=CTR Pin=IC5-D1
Added Pin To Net: NetName=+1V35 Pin=IC5-D2
Added Pin To Net: NetName=CTR Pin=IC5-D8
Added Pin To Net: NetName=+1V35 Pin=IC5-D9
Added Pin To Net: NetName=CTR Pin=IC5-E1
Added Pin To Net: NetName=CTR Pin=IC5-E2
Added Pin To Net: NetName=CTR Pin=IC5-E8
Added Pin To Net: NetName=+1V35 Pin=IC5-E9
Added Pin To Net: NetName=+1V35 Pin=IC5-F1
Added Pin To Net: NetName=CTR Pin=IC5-F9
Added Pin To Net: NetName=CTR Pin=IC5-G1
Added Pin To Net: NetName=+1V35 Pin=IC5-G7
Added Pin To Net: NetName=CTR Pin=IC5-G8
Added Pin To Net: NetName=CTR Pin=IC5-G9
Added Pin To Net: NetName=+0V675 Pin=IC5-H1
Added Pin To Net: NetName=+1V35 Pin=IC5-H2
Added Pin To Net: NetName=+1V35 Pin=IC5-H9
Added Pin To Net: NetName=CTR Pin=IC5-J2
Added Pin To Net: NetName=CTR Pin=IC5-J8
Added Pin To Net: NetName=+1V35 Pin=IC5-K2
Added Pin To Net: NetName=+1V35 Pin=IC5-K8
Added Pin To Net: NetName=CTR Pin=IC5-M1
Added Pin To Net: NetName=+0V675 Pin=IC5-M8
Added Pin To Net: NetName=CTR Pin=IC5-M9
Added Pin To Net: NetName=+1V35 Pin=IC5-N1
Added Pin To Net: NetName=+1V35 Pin=IC5-N9
Added Pin To Net: NetName=CTR Pin=IC5-P1
Added Pin To Net: NetName=CTR Pin=IC5-P9
Added Pin To Net: NetName=+1V35 Pin=IC5-R1
Added Pin To Net: NetName=+1V35 Pin=IC5-R9
Added Pin To Net: NetName=CTR Pin=IC5-T1
Added Pin To Net: NetName=CTR Pin=IC5-T9
Added Pin To Net: NetName=CTR Pin=IC8-B3
Added Pin To Net: NetName=+VS Pin=IC8-B4
Added Pin To Net: NetName=CTR Pin=IC9-4
Added Pin To Net: NetName=+VS Pin=IC9-8
Add Pin To Net: Unknown Pin: Pin L1-1
Added Pin To Net: NetName=+0V675 Pin=R47-2
Added Pin To Net: NetName=+0V675 Pin=R48-2
Added Pin To Net: NetName=+0V675 Pin=R49-2
Added Pin To Net: NetName=+0V675 Pin=R50-2
Added Pin To Net: NetName=+0V675 Pin=R51-2
Added Pin To Net: NetName=+0V675 Pin=R52-2
Added Pin To Net: NetName=+0V675 Pin=R53-2
Added Pin To Net: NetName=+0V675 Pin=R54-2
Added Pin To Net: NetName=+0V675 Pin=R55-2
Added Pin To Net: NetName=+0V675 Pin=R56-2
Added Pin To Net: NetName=+0V675 Pin=R57-2
Added Pin To Net: NetName=+0V675 Pin=R58-2
Added Pin To Net: NetName=+0V675 Pin=R59-2
Added Pin To Net: NetName=+0V675 Pin=R60-2
Added Pin To Net: NetName=+0V675 Pin=R61-2
Added Pin To Net: NetName=+0V675 Pin=R62-2
Added Pin To Net: NetName=+0V675 Pin=R63-2
Added Pin To Net: NetName=+0V675 Pin=R64-2
Added Pin To Net: NetName=+0V675 Pin=R65-2
Added Pin To Net: NetName=CTR Pin=R66-2
Added Pin To Net: NetName=+VS Pin=R68-2
Added Pin To Net: NetName=+VS Pin=R69-2
Added Pin To Net: NetName=+VS Pin=R70-2
Added Pin To Net: NetName=+VS Pin=R71-2
Added Pin To Net: NetName=SCL Pin=U1-N4
Added Pin To Net: NetName=SDA Pin=U1-N5
Added Pin To Net: NetName=+0V675 Pin=U1-T20
Added Pin To Net: NetName=DDR3L A0_1 Pin=IC5-N3
Added Net: Name=DDR3L A0_1
Added Pin To Net: NetName=DDR3L A0 Pin=R62-1
Added Pin To Net: NetName=DDR3L A0 Pin=U1-AC24
Added Net: Name=DDR3L A0
Added Pin To Net: NetName=DDR3L A1_1 Pin=IC5-P7
Added Net: Name=DDR3L A1_1
Added Pin To Net: NetName=DDR3L A1 Pin=R61-1
Added Pin To Net: NetName=DDR3L A1 Pin=U1-AC25
Added Net: Name=DDR3L A1
Added Pin To Net: NetName=DDR3L A2_1 Pin=IC5-P3
Added Net: Name=DDR3L A2_1
Added Pin To Net: NetName=DDR3L A2 Pin=R60-1
Added Pin To Net: NetName=DDR3L A2 Pin=U1-AC26
Added Net: Name=DDR3L A2
Added Pin To Net: NetName=DDR3L A3_1 Pin=IC5-N2
Added Net: Name=DDR3L A3_1
Added Pin To Net: NetName=DDR3L A3 Pin=R59-1
Added Pin To Net: NetName=DDR3L A3 Pin=U1-AB25
Added Net: Name=DDR3L A3
Added Pin To Net: NetName=DDR3L A4_1 Pin=IC5-P8
Added Net: Name=DDR3L A4_1
Added Pin To Net: NetName=DDR3L A4 Pin=R58-1
Added Pin To Net: NetName=DDR3L A4 Pin=U1-AB24
Added Net: Name=DDR3L A4
Added Pin To Net: NetName=DDR3L A5_1 Pin=IC5-P2
Added Net: Name=DDR3L A5_1
Added Pin To Net: NetName=DDR3L A5 Pin=R57-1
Added Pin To Net: NetName=DDR3L A5 Pin=U1-AE23
Added Net: Name=DDR3L A5
Added Pin To Net: NetName=DDR3L A6_1 Pin=IC5-R8
Added Net: Name=DDR3L A6_1
Added Pin To Net: NetName=DDR3L A6 Pin=R56-1
Added Pin To Net: NetName=DDR3L A6 Pin=U1-AF23
Added Net: Name=DDR3L A6
Added Pin To Net: NetName=DDR3L A7_1 Pin=IC5-R2
Added Net: Name=DDR3L A7_1
Added Pin To Net: NetName=DDR3L A7 Pin=R55-1
Added Pin To Net: NetName=DDR3L A7 Pin=U1-AE22
Added Net: Name=DDR3L A7
Added Pin To Net: NetName=DDR3L A8_1 Pin=IC5-T8
Added Net: Name=DDR3L A8_1
Added Pin To Net: NetName=DDR3L A8 Pin=R54-1
Added Pin To Net: NetName=DDR3L A8 Pin=U1-AD22
Added Net: Name=DDR3L A8
Added Pin To Net: NetName=DDR3L A9_1 Pin=IC5-R3
Added Net: Name=DDR3L A9_1
Added Pin To Net: NetName=DDR3L A9 Pin=R53-1
Added Pin To Net: NetName=DDR3L A9 Pin=U1-AC22
Added Net: Name=DDR3L A9
Added Pin To Net: NetName=DDR3L A10_1 Pin=IC5-L7
Added Net: Name=DDR3L A10_1
Added Pin To Net: NetName=DDR3L A10 Pin=R52-1
Added Pin To Net: NetName=DDR3L A10 Pin=U1-AD23
Added Net: Name=DDR3L A10
Added Pin To Net: NetName=DDR3L A11_1 Pin=IC5-R7
Added Net: Name=DDR3L A11_1
Added Pin To Net: NetName=DDR3L A11 Pin=R51-1
Added Pin To Net: NetName=DDR3L A11 Pin=U1-AG27
Added Net: Name=DDR3L A11
Added Pin To Net: NetName=DDR3L A12_1 Pin=IC5-N7
Added Net: Name=DDR3L A12_1
Added Pin To Net: NetName=DDR3L A12 Pin=R50-1
Added Pin To Net: NetName=DDR3L A12 Pin=U1-AE27
Added Net: Name=DDR3L A12
Added Pin To Net: NetName=DDR3L A13_1 Pin=IC5-T3
Added Net: Name=DDR3L A13_1
Added Pin To Net: NetName=DDR3L A13 Pin=R49-1
Added Pin To Net: NetName=DDR3L A13 Pin=U1-AG28
Added Net: Name=DDR3L A13
Added Pin To Net: NetName=DDR3L A14_1 Pin=IC5-T7
Added Net: Name=DDR3L A14_1
Added Pin To Net: NetName=DDR3L A14 Pin=R48-1
Added Pin To Net: NetName=DDR3L A14 Pin=U1-AE20
Added Net: Name=DDR3L A14
Added Pin To Net: NetName=DDR3L A15_1 Pin=IC5-M7
Added Net: Name=DDR3L A15_1
Added Pin To Net: NetName=DDR3L A15 Pin=R47-1
Added Pin To Net: NetName=DDR3L A15 Pin=U1-AG26
Added Net: Name=DDR3L A15
Added Pin To Net: NetName=DDR3L BA0 Pin=IC5-M2
Added Pin To Net: NetName=DDR3L BA0 Pin=R63-1
Added Pin To Net: NetName=DDR3L BA0 Pin=U1-AE28
Added Net: Name=DDR3L BA0
Added Pin To Net: NetName=DDR3L BA1 Pin=IC5-N8
Added Pin To Net: NetName=DDR3L BA1 Pin=R64-1
Added Pin To Net: NetName=DDR3L BA1 Pin=U1-AB22
Added Net: Name=DDR3L BA1
Added Pin To Net: NetName=DDR3L BA2 Pin=IC5-M3
Added Pin To Net: NetName=DDR3L BA2 Pin=R65-1
Added Pin To Net: NetName=DDR3L BA2 Pin=U1-AF27
Added Net: Name=DDR3L BA2
Added Pin To Net: NetName=DDR3L CAS# Pin=IC5-K3
Added Pin To Net: NetName=DDR3L CAS# Pin=U1-AG25
Added Net: Name=DDR3L CAS#
Added Pin To Net: NetName=DDR3L CK# Pin=IC5-K7
Added Pin To Net: NetName=DDR3L CK# Pin=R46-1
Added Pin To Net: NetName=DDR3L CK# Pin=U1-AF25
Added Net: Name=DDR3L CK#
Added Pin To Net: NetName=DDR3L CKE Pin=IC5-K9
Added Pin To Net: NetName=DDR3L CKE Pin=U1-Y22
Added Net: Name=DDR3L CKE
Added Pin To Net: NetName=DDR3L CK Pin=IC5-J7
Added Pin To Net: NetName=DDR3L CK Pin=R46-2
Added Pin To Net: NetName=DDR3L CK Pin=U1-AE25
Added Net: Name=DDR3L CK
Added Pin To Net: NetName=DDR3L CS# Pin=IC5-L2
Added Pin To Net: NetName=DDR3L CS# Pin=U1-AE26
Added Net: Name=DDR3L CS#
Added Pin To Net: NetName=DDR3L DQ0 Pin=IC5-E3
Added Pin To Net: NetName=DDR3L DQ0 Pin=U1-AH22
Added Net: Name=DDR3L DQ0
Added Pin To Net: NetName=DDR3L DQ1 Pin=IC5-F7
Added Pin To Net: NetName=DDR3L DQ1 Pin=U1-AG19
Added Net: Name=DDR3L DQ1
Added Pin To Net: NetName=DDR3L DQ2 Pin=IC5-F2
Added Pin To Net: NetName=DDR3L DQ2 Pin=U1-AG20
Added Net: Name=DDR3L DQ2
Added Pin To Net: NetName=DDR3L DQ3 Pin=IC5-F8
Added Pin To Net: NetName=DDR3L DQ3 Pin=U1-AF22
Added Net: Name=DDR3L DQ3
Added Pin To Net: NetName=DDR3L DQ4 Pin=IC5-H3
Added Pin To Net: NetName=DDR3L DQ4 Pin=U1-AF20
Added Net: Name=DDR3L DQ4
Added Pin To Net: NetName=DDR3L DQ5 Pin=IC5-H8
Added Pin To Net: NetName=DDR3L DQ5 Pin=U1-AG22
Added Net: Name=DDR3L DQ5
Added Pin To Net: NetName=DDR3L DQ6 Pin=IC5-G2
Added Pin To Net: NetName=DDR3L DQ6 Pin=U1-AF21
Added Net: Name=DDR3L DQ6
Added Pin To Net: NetName=DDR3L DQ7 Pin=IC5-H7
Added Pin To Net: NetName=DDR3L DQ7 Pin=U1-AH20
Added Net: Name=DDR3L DQ7
Added Pin To Net: NetName=DDR3L DQ8 Pin=IC5-D7
Added Pin To Net: NetName=DDR3L DQ8 Pin=U1-AC18
Added Net: Name=DDR3L DQ8
Added Pin To Net: NetName=DDR3L DQ9 Pin=IC5-C3
Added Pin To Net: NetName=DDR3L DQ9 Pin=U1-AB18
Added Net: Name=DDR3L DQ9
Added Pin To Net: NetName=DDR3L DQ10 Pin=IC5-C8
Added Pin To Net: NetName=DDR3L DQ10 Pin=U1-AD16
Added Net: Name=DDR3L DQ10
Added Pin To Net: NetName=DDR3L DQ11 Pin=IC5-C2
Added Pin To Net: NetName=DDR3L DQ11 Pin=U1-AC16
Added Net: Name=DDR3L DQ11
Added Pin To Net: NetName=DDR3L DQ12 Pin=IC5-A7
Added Pin To Net: NetName=DDR3L DQ12 Pin=U1-AD18
Added Net: Name=DDR3L DQ12
Added Pin To Net: NetName=DDR3L DQ13 Pin=IC5-A2
Added Pin To Net: NetName=DDR3L DQ13 Pin=U1-AE18
Added Net: Name=DDR3L DQ13
Added Pin To Net: NetName=DDR3L DQ14 Pin=IC5-B8
Added Pin To Net: NetName=DDR3L DQ14 Pin=U1-AB16
Added Net: Name=DDR3L DQ14
Added Pin To Net: NetName=DDR3L DQ15 Pin=IC5-A3
Added Pin To Net: NetName=DDR3L DQ15 Pin=U1-AE16
Added Net: Name=DDR3L DQ15
Added Pin To Net: NetName=DDR3L LDM Pin=IC5-E7
Added Pin To Net: NetName=DDR3L LDM Pin=U1-AH24
Added Net: Name=DDR3L LDM
Added Pin To Net: NetName=DDR3L LDQS# Pin=IC5-G3
Added Pin To Net: NetName=DDR3L LDQS# Pin=U1-AG23
Added Net: Name=DDR3L LDQS#
Added Pin To Net: NetName=DDR3L LDQS Pin=IC5-F3
Added Pin To Net: NetName=DDR3L LDQS Pin=U1-AG24
Added Net: Name=DDR3L LDQS
Added Pin To Net: NetName=DDR3L NRST Pin=R67-2
Added Pin To Net: NetName=DDR3L NRST Pin=U1-V26
Added Net: Name=DDR3L NRST
Added Pin To Net: NetName=DDR3L ODT Pin=IC5-K1
Added Pin To Net: NetName=DDR3L ODT Pin=U1-AF16
Added Net: Name=DDR3L ODT
Added Pin To Net: NetName=DDR3L RAS# Pin=IC5-J3
Added Pin To Net: NetName=DDR3L RAS# Pin=U1-AH25
Added Net: Name=DDR3L RAS#
Added Pin To Net: NetName=DDR3L UDM Pin=IC5-D3
Added Pin To Net: NetName=DDR3L UDM Pin=U1-AD20
Added Net: Name=DDR3L UDM
Added Pin To Net: NetName=DDR3L UDQS# Pin=IC5-B7
Added Pin To Net: NetName=DDR3L UDQS# Pin=U1-AC20
Added Net: Name=DDR3L UDQS#
Added Pin To Net: NetName=DDR3L UDQS Pin=IC5-C7
Added Pin To Net: NetName=DDR3L UDQS Pin=U1-AB20
Added Net: Name=DDR3L UDQS
Added Pin To Net: NetName=DDR3L WE# Pin=IC5-L3
Added Pin To Net: NetName=DDR3L WE# Pin=U1-AH27
Added Net: Name=DDR3L WE#
Added Pin To Net: NetName=EEPROM Miso Pin=IC9-2
Added Pin To Net: NetName=EEPROM Miso Pin=U1-L3
Added Net: Name=EEPROM Miso
Added Pin To Net: NetName=EEPROM Mosi Pin=IC9-5
Added Pin To Net: NetName=EEPROM Mosi Pin=U1-M3
Added Net: Name=EEPROM Mosi
Added Pin To Net: NetName=EEPROM SCLK Pin=IC9-6
Added Pin To Net: NetName=EEPROM SCLK Pin=U1-K2
Added Net: Name=EEPROM SCLK
Added Pin To Net: NetName=EEPROM SS0 Pin=IC9-1
Added Pin To Net: NetName=EEPROM SS0 Pin=U1-N3
Added Net: Name=EEPROM SS0
Added Pin To Net: NetName=Flash ALE Pin=U1-V5
Added Net: Name=Flash ALE
Added Pin To Net: NetName=Flash CLE Pin=U1-V4
Added Net: Name=Flash CLE
Added Pin To Net: NetName=FLASH CLK Pin=IC8-B2
Added Pin To Net: NetName=FLASH CLK Pin=U1-N23
Added Pin To Net: NetName=FLASH CLK Pin=U1-N28
Added Net: Name=FLASH CLK
Added Pin To Net: NetName=FLASH CS Pin=IC8-C2
Added Pin To Net: NetName=FLASH CS Pin=R70-1
Added Pin To Net: NetName=FLASH CS Pin=U1-T28
Added Net: Name=FLASH CS
Added Pin To Net: NetName=FLASH DI Pin=IC8-D3
Added Pin To Net: NetName=FLASH DI Pin=U1-U26
Added Net: Name=FLASH DI
Added Pin To Net: NetName=FLASH DO Pin=IC8-D2
Added Pin To Net: NetName=FLASH DO Pin=U1-T27
Added Net: Name=FLASH DO
Added Pin To Net: NetName=FLASH HOLD# Pin=IC8-D4
Added Pin To Net: NetName=FLASH HOLD# Pin=R68-1
Added Pin To Net: NetName=FLASH HOLD# Pin=U1-T26
Added Net: Name=FLASH HOLD#
Added Pin To Net: NetName=Flash R/B# Pin=U1-Y7
Added Net: Name=Flash R/B#
Added Pin To Net: NetName=FLASH RESET Pin=IC8-A4
Added Pin To Net: NetName=FLASH RESET Pin=R71-1
Added Pin To Net: NetName=FLASH RESET Pin=U1-P27
Added Net: Name=FLASH RESET
Added Pin To Net: NetName=FLASH WP# Pin=IC8-C4
Added Pin To Net: NetName=FLASH WP# Pin=R69-1
Added Pin To Net: NetName=FLASH WP# Pin=U1-R27
Added Net: Name=FLASH WP#
Added Pin To Net: NetName=NetIC5_L8 Pin=IC5-L8
Added Pin To Net: NetName=NetIC5_L8 Pin=R66-1
Added Net: Name=NetIC5_L8
Added Pin To Net: NetName=NetIC5_T2 Pin=IC5-T2
Added Pin To Net: NetName=NetIC5_T2 Pin=R67-1
Added Net: Name=NetIC5_T2
Change Class Name : Old Net Name=3_Airframe-Memory New Net Name=3_Airframe-Memory_1
Change Class Name : Old Net Name=4_Airframe-NXP_i.MX7_Power New Net Name=5_Airframe-NXP_i.MX7_Power
Change Class Name : Old Net Name=5_Airframe-NXP_i.MX7 New Net Name=6_Airframe-NXP_i.MX7
Change Class Name : Old Net Name=6_Airframe-Sensors New Net Name=7_Airframe-Sensors
Change Class Name : Old Net Name=7_Airframe-Misc New Net Name=8_Airframe-Misc
Change Class Name : Old Net Name=8_Airframe-Wireless New Net Name=9_Airframe-Wireless
Add Differential Pair: Number of nets in differential pair DDR3L CK# is 1 instead of 2
Add Differential Pair: Number of nets in differential pair DDR3L CK is 1 instead of 2
Add Differential Pair: Number of nets in differential pair DDR3L LDQS# is 1 instead of 2
Add Differential Pair: Number of nets in differential pair DDR3L LDQS is 1 instead of 2
Add Differential Pair: Number of nets in differential pair DDR3L UDQS# is 1 instead of 2
Add Differential Pair: Number of nets in differential pair DDR3L UDQS is 1 instead of 2
Added Member To Class: ClassName=3_Airframe-Memory_1 Member=Component C125 0.1uF 0201
Added Member To Class: ClassName=3_Airframe-Memory_1 Member=Component C131 4.7uF 0402
Added Member To Class: ClassName=3_Airframe-Memory_1 Member=Component C132 4.7uF 0402
Added Member To Class: ClassName=3_Airframe-Memory_1 Member=Component C133 4.7uF 0402
Added Member To Class: ClassName=3_Airframe-Memory_1 Member=Component C134 0.47uF 0201
Added Member To Class: ClassName=3_Airframe-Memory_1 Member=Component C135 0.47uF 0201
Added Member To Class: ClassName=3_Airframe-Memory_1 Member=Component C136 0.47uF 0201
Added Member To Class: ClassName=3_Airframe-Memory_1 Member=Component C137 0.47uF 0201
Added Member To Class: ClassName=3_Airframe-Memory_1 Member=Component C138 0.1uF 0201
Added Member To Class: ClassName=3_Airframe-Memory_1 Member=Component C139 0.1uF 0201
Added Member To Class: ClassName=3_Airframe-Memory_1 Member=Component C140 0.1uF 0201
Added Member To Class: ClassName=3_Airframe-Memory_1 Member=Component C141 0.1uF 0201
Added Member To Class: ClassName=3_Airframe-Memory_1 Member=Component C142 22uF 0603
Added Member To Class: ClassName=3_Airframe-Memory_1 Member=Component C143 2.2uF 0402
Added Member To Class: ClassName=3_Airframe-Memory_1 Member=Component C144 0.22uF 0201
Added Member To Class: ClassName=3_Airframe-Memory_1 Member=Component C145 0.22uF 0201
Added Member To Class: ClassName=3_Airframe-Memory_1 Member=Component C146 0.22uF 0201
Added Member To Class: ClassName=3_Airframe-Memory_1 Member=Component C147 0.01uF 0201
Added Member To Class: ClassName=3_Airframe-Memory_1 Member=Component C148 0.01uF 0201
Added Member To Class: ClassName=3_Airframe-Memory_1 Member=Component C149 0.1uF 0201
Added Member To Class: ClassName=6_Airframe-NXP_i.MX7 Member=Component C150 0.01uF 0201
Added Member To Class: ClassName=3_Airframe-Memory_1 Member=Component R46 40R 0201
Added Member To Class: ClassName=3_Airframe-Memory_1 Member=Component R47 40R 0201
Added Member To Class: ClassName=3_Airframe-Memory_1 Member=Component R48 40R 0201
Added Member To Class: ClassName=3_Airframe-Memory_1 Member=Component R49 40R 0201
Added Member To Class: ClassName=3_Airframe-Memory_1 Member=Component R50 40R 0201
Added Member To Class: ClassName=3_Airframe-Memory_1 Member=Component R51 40R 0201
Added Member To Class: ClassName=3_Airframe-Memory_1 Member=Component R52 40R 0201
Added Member To Class: ClassName=3_Airframe-Memory_1 Member=Component R53 40R 0201
Added Member To Class: ClassName=3_Airframe-Memory_1 Member=Component R54 40R 0201
Added Member To Class: ClassName=3_Airframe-Memory_1 Member=Component R55 40R 0201
Added Member To Class: ClassName=3_Airframe-Memory_1 Member=Component R56 40R 0201
Added Member To Class: ClassName=3_Airframe-Memory_1 Member=Component R57 40R 0201
Added Member To Class: ClassName=3_Airframe-Memory_1 Member=Component R58 40R 0201
Added Member To Class: ClassName=3_Airframe-Memory_1 Member=Component R59 40R 0201
Added Member To Class: ClassName=3_Airframe-Memory_1 Member=Component R60 40R 0201
Added Member To Class: ClassName=3_Airframe-Memory_1 Member=Component R61 40R 0201
Added Member To Class: ClassName=3_Airframe-Memory_1 Member=Component R62 40R 0201
Added Member To Class: ClassName=3_Airframe-Memory_1 Member=Component R63 40R 0201
Added Member To Class: ClassName=3_Airframe-Memory_1 Member=Component R64 40R 0201
Added Member To Class: ClassName=3_Airframe-Memory_1 Member=Component R65 40R 0201
Added Member To Class: ClassName=3_Airframe-Memory_1 Member=Component R66 240R 0201
Added Member To Class: ClassName=3_Airframe-Memory_1 Member=Component R67 4k7R 0201
Added Member To Class: ClassName=3_Airframe-Memory_1 Member=Component R68 40R 0201
Added Member To Class: ClassName=3_Airframe-Memory_1 Member=Component R69 40R 0201
Added Member To Class: ClassName=3_Airframe-Memory_1 Member=Component R70 40R 0201
Added Member To Class: ClassName=3_Airframe-Memory_1 Member=Component R71 40R 0201
Change Room Name: Old Name=6_Airframe-Sensors New Name=7_Airframe-Sensors
Change Room Scope: Old Scope=InComponentClass('6_Airframe-Sensors') New Scope=InComponentClass('7_Airframe-Sensors')
Added Room: Name=3_Airframe-Memory_1
Added Room: Name=5_Airframe-NXP_i.MX7_Power
Added Room: Name=6_Airframe-NXP_i.MX7
Added Room: Name=8_Airframe-Misc
Added Room: Name=9_Airframe-Wireless
