Add Component: Footprint Not Found PCB-u3hgvlwbh1fojz4efx6r-1
Add Component: Footprint Not Found SOT-23-OT6_M
Add Component: Footprint Not Found PCB-u3zw0tki9uf6kmg31iqn-1
Add Component: Footprint Not Found PCBComponent_1
Add Component: Footprint Not Found LGA-12
Add Component: Footprint Not Found LGA
Add Component: Footprint Not Found PCB-rnv6v97ozil7y8g0pmlh-1
Add Component: Footprint Not Found PCB-rnv6v97ozil7y8g0pmlh-1
Add Component: Footprint Not Found PCB-rnv6v97ozil7y8g0pmlh-1
Add Component: Footprint Not Found PCB-rnv6v97ozil7y8g0pmlh-1
Add Component: Footprint Not Found PCB-a41llqp6xpt8gy62f2hk-1
Add Component: Footprint Not Found PCB-4i05r4rk4159wp88m495-1
Add Component: Footprint Not Found PCBComponent_1
Add Component: Footprint Not Found CAPC1005X55X25ML05T10
Add Component: Footprint Not Found PCB-b20vf2gkp97cr3yguehn-1
Add Component: Footprint Not Found PCB-lttyq4g1lvuzst7phzli-1
Add Component: Footprint Not Found CAPC1005X55X30ML05T10
Add Component: Footprint Not Found CAPC1005X60X30LL05T10
Add Component: Footprint Not Found PCB-lttyq4g1lvuzst7phzli-1
Add Component: Footprint Not Found PCB-lttyq4g1lvuzst7phzli-1
Add Component: Footprint Not Found PCB-4i05r4rk4159wp88m495-1
Add Component: Footprint Not Found PCB-4i05r4rk4159wp88m495-1
Add Component: Footprint Not Found PCB-4i05r4rk4159wp88m495-1
Add Component: Footprint Not Found PCB-4i05r4rk4159wp88m495-1
Add Component: Footprint Not Found PCB-2o8y9rvhkwcvfcailoy7-1
Add Component: Footprint Not Found PCB-2o8y9rvhkwcvfcailoy7-1
Add Component: Footprint Not Found PCB-4i05r4rk4159wp88m495-1
Add Component: Footprint Not Found PCB-4i05r4rk4159wp88m495-1
Add Component: Footprint Not Found PCB-igt9wm9mf6kdh4ygcups-1
Add Component: Footprint Not Found Samsung CL05A224KO5NNNC-Footprint-1
Add Component: Footprint Not Found PCB-lttyq4g1lvuzst7phzli-1
Add Component: Footprint Not Found PCB-4i05r4rk4159wp88m495-1
Add Component: Footprint Not Found PCB-9qymwl9t0y1bq7iwb9rx-1
Add Component: Footprint Not Found PCB-lttyq4g1lvuzst7phzli-1
Add Component: Footprint Not Found PCB-4i05r4rk4159wp88m495-1
Add Component: Footprint Not Found CAPC1005X55X25NL05T10
Add Component: Footprint Not Found PCB-b20vf2gkp97cr3yguehn-1
Add Component: Footprint Not Found CAPC1005X56X25NL10T15
Add Component: Footprint Not Found PCB-b20vf2gkp97cr3yguehn-1
Add Component: Footprint Not Found PCB-wc38oeditvpn9r3qsjf8-1
Add Component: Footprint Not Found PCB-wc38oeditvpn9r3qsjf8-1
Add Component: Footprint Not Found CAPC1005X56X25NL10T15
Add Component: Footprint Not Found PCBComponent_1
Add Component: Footprint Not Found CAPC1005X55X25LL05T10
Add Component: Footprint Not Found CAPC1005X55X25LL05T10
Add Component: Footprint Not Found CAPC1005X55X25NL05T10
Add Component: Footprint Not Found CAPC1005X56X25NL10T15
Add Component: Footprint Not Found CAPC1005X55X25ML05T10
Add Component: Footprint Not Found CAPC1005X55X25NL05T10
Add Component: Footprint Not Found CAPC1005X56X25NL10T15
Add Component: Footprint Not Found CAPC1005X55X25LL05T10
Add Component: Footprint Not Found CAPC1005X55X25LL05T10
Add Component: Footprint Not Found PCB-b20vf2gkp97cr3yguehn-1
Add Component: Footprint Not Found PCB-8tuutlkq7p1aj3t2dfdp-1
Add Component: Footprint Not Found PCB-4i05r4rk4159wp88m495-1
Add Component: Footprint Not Found CAPC1005X55X25NL05T10
Add Component: Footprint Not Found CAPC1005X55X25NL05T10
Add Component: Footprint Not Found CAPC1005X56X25NL10T15
Add Component: Footprint Not Found CAPC0603X33X15NL03T05
Add Component: Footprint Not Found CAPC1005X55X25LL05T10
Add Component: Footprint Not Found PCB-2968744-2
Add Component: Footprint Not Found PixArt PAT9125EL-TKIT-Footprint-1
Add Component: Footprint Not Found ONSC-SOD-123-2-425-04_V
Add Component: Footprint Not Found ONSC-SOD-123-2-425-04_V
Add Component: Footprint Not Found ONSC-SOD-123-2-425-04_V
Add Component: Footprint Not Found LED-0402
Add Component: Footprint Not Found LED-0402
Add Component: Footprint Not Found New footprint 1
Add Component: Footprint Not Found PCB-i0ipgkgimgjttn9ruy0i-1
Add Component: Footprint Not Found MXIC-USON-8_V
Add Component: Footprint Not Found PCB-golsi5rrai9s3p77h0ow-1
Add Component: Footprint Not Found PCB-zuuv2u5tezfwori2z0s2-1
Add Component: Footprint Not Found PCB-crnfwttg3wkipbuqaprv-1
Add Component: Footprint Not Found CAPC1005X60X30LL05T10
Add Component: Footprint Not Found CAPC1005X60X30LL05T10
Add Component: Footprint Not Found INDC1005X06N
Add Component: Footprint Not Found PCB-4fmjq88xgxe0pf6g45vt-1
Add Component: Footprint Not Found NXP Semiconductors PN5180A0HN_C1E-Footprint-1
Add Component: Footprint Not Found PCB-89oypsq879wwpt3swtto-1
Add Component: Footprint Not Found PCB-5g2cap63tq137py3r0gr-1
Add Component: Footprint Not Found PCB-fvln992s2sfnqnba174z-1
Add Component: Footprint Not Found ONSC-SOT-363-6-419B-02_W_V
Add Component: Footprint Not Found PCB-wwee15y6zmt5extocly2-1
Add Component: Footprint Not Found PCB-mndh2ao1q7oim2ifpjxf-1
Add Component: Footprint Not Found Yageo RC0402FR-070RL-Footprint-2
Add Component: Footprint Not Found Yageo RC0402FR-070RL-Footprint-2
Add Component: Footprint Not Found Yageo RC0402FR-070RL-Footprint-2
Add Component: Footprint Not Found RESC1005X40X25ML05T10
Add Component: Footprint Not Found RESC1005X40X25ML05T10
Add Component: Footprint Not Found RESC1005X37X25LL05T10
Add Component: Footprint Not Found RESC1005X37X25NL05T10
Add Component: Footprint Not Found RESC1005X37X25NL05T10
Add Component: Footprint Not Found PCB-1tvcz1kgsq38xqp5t8gc-1
Add Component: Footprint Not Found RESC1005X40X25ML05T05
Add Component: Footprint Not Found RESC3116X65X40NL10T20
Add Component: Footprint Not Found RESC1005X40X25ML10T10
Add Component: Footprint Not Found RESC1005X40X25ML05T10
Add Component: Footprint Not Found RESC1005X40X25ML05T10
Add Component: Footprint Not Found RESC1005X40X25ML05T10
Add Component: Footprint Not Found RESC1005X37X25NL05T10
Add Component: Footprint Not Found RESC1005X37X25LL05T10
Add Component: Footprint Not Found RESC1005X37X25LL05T10
Add Component: Footprint Not Found RESC1005X40X20NL05T10
Add Component: Footprint Not Found RESC1005X37X25LL05T10
Add Component: Footprint Not Found Yageo RC0402FR-070RL-Footprint-2
Add Component: Footprint Not Found Yageo RC0402FR-070RL-Footprint-2
Add Component: Footprint Not Found RESC1005X40X25NL05T10
Add Component: Footprint Not Found 0402R
Add Component: Footprint Not Found 0402R
Add Component: Footprint Not Found RESC1005X40X25NL05T10
Add Component: Footprint Not Found RESC1005X40X25NL05T10
Add Component: Footprint Not Found RESC1005X40X25NL05T10
Add Component: Footprint Not Found RESC1005X40X25NL05T10
Add Component: Footprint Not Found RESC1005X40X25LL10T10
Add Component: Footprint Not Found RESC1005X40X25ML10T10
Add Component: Footprint Not Found RESC1005X40X25LL10T10
Add Component: Footprint Not Found PCB-h91j38j7fiz7nduy8522-1
Add Component: Footprint Not Found PCB-mkdigkdyo5adg2mbgdfg-1
Add Component: Footprint Not Found SOIC-SN8_M
Add Component: Footprint Not Found PCB-9lguhjxtz3hxtv6sow1n-1
Add Component: Footprint Not Found PCB-9lguhjxtz3hxtv6sow1n-1
Add Component: Footprint Not Found RF360 Holdings B39162B4327P810-Footprint-1
Add Component: Footprint Not Found QFN50P500X500X100_HS-29N
Add Component: Footprint Not Found PCB-zah3is8l8nrgpohakmjs-1
Add Component: Footprint Not Found OLGA14
Add Component: Footprint Not Found SOT-23-3
Add Component: Footprint Not Found TI-DCK5_V
Add Component: Footprint Not Found MF05A_L
Added Component: Designator=U?(FRES-2240)
Add component (AddParameter): Name = "Cache"; Value = "32 KB"; VariantName = "[No Variations]"
Add component (AddParameter): Name = "ComponentLink1Description"; Value = "Manufacturer URL"; VariantName = "[No Variations]"
Add component (AddParameter): Name = "ComponentLink1URL"; Value = "http://www.freescale.com/"; VariantName = "[No Variations]"
Add component (AddParameter): Name = "ComponentLink2Description"; Value = "Datasheet"; VariantName = "[No Variations]"
Add component (AddParameter): Name = "ComponentLink2URL"; Value = "http://cache.freescale.com/files/32bit/doc/data_sheet/IMX6SDLCEC.pdf"; VariantName = "[No Variations]"
Add component (AddParameter): Name = "ComponentLink3Description"; Value = "Package Specification"; VariantName = "[No Variations]"
Add component (AddParameter): Name = "ComponentLink3URL"; Value = "http://cache.freescale.com/files/32bit/doc/data_sheet/IMX6SDLCEC.pdf"; VariantName = "[No Variations]"
Add component (AddParameter): Name = "DatasheetVersion"; Value = "Rev. 4"; VariantName = "[No Variations]"
Add component (AddParameter): Name = "L2 Cache"; Value = "512 KB Max."; VariantName = "[No Variations]"
Add component (AddParameter): Name = "Manufacturer"; Value = "Freescale Semiconductor"; VariantName = "[No Variations]"
Add component (AddParameter): Name = "Mounting Technology"; Value = "Surface Mount"; VariantName = "[No Variations]"
Add component (AddParameter): Name = "Number of Cores"; Value = "2"; VariantName = "[No Variations]"
Add component (AddParameter): Name = "Operating Frequency"; Value = "1000 MHz Max."; VariantName = "[No Variations]"
Add component (AddParameter): Name = "PackageDescription"; Value = "624-Pin Ball Grid Array, Body 21 x 21 mm, Pitch 0.8 mm"; VariantName = "[No Variations]"
Add component (AddParameter): Name = "Packing"; Value = "Tray"; VariantName = "[No Variations]"
Add component (AddParameter): Name = "PartNumber"; Value = "MCIMX6U5DVM10AC"; VariantName = "[No Variations]"
Add component (AddParameter): Name = "RAM"; Value = "128 KB"; VariantName = "[No Variations]"
Add component (AddParameter): Name = "RoHS"; Value = "TRUE"; VariantName = "[No Variations]"
Add component (AddParameter): Name = "Temperature Range"; Value = "0 to 95 degC"; VariantName = "[No Variations]"
Added Component: Designator=U?(FRES-2240)
Add component (AddParameter): Name = "Cache"; Value = "32 KB"; VariantName = "[No Variations]"
Add component (AddParameter): Name = "ComponentLink1Description"; Value = "Manufacturer URL"; VariantName = "[No Variations]"
Add component (AddParameter): Name = "ComponentLink1URL"; Value = "http://www.freescale.com/"; VariantName = "[No Variations]"
Add component (AddParameter): Name = "ComponentLink2Description"; Value = "Datasheet"; VariantName = "[No Variations]"
Add component (AddParameter): Name = "ComponentLink2URL"; Value = "http://cache.freescale.com/files/32bit/doc/data_sheet/IMX6SDLCEC.pdf"; VariantName = "[No Variations]"
Add component (AddParameter): Name = "ComponentLink3Description"; Value = "Package Specification"; VariantName = "[No Variations]"
Add component (AddParameter): Name = "ComponentLink3URL"; Value = "http://cache.freescale.com/files/32bit/doc/data_sheet/IMX6SDLCEC.pdf"; VariantName = "[No Variations]"
Add component (AddParameter): Name = "DatasheetVersion"; Value = "Rev. 4"; VariantName = "[No Variations]"
Add component (AddParameter): Name = "L2 Cache"; Value = "512 KB Max."; VariantName = "[No Variations]"
Add component (AddParameter): Name = "Manufacturer"; Value = "Freescale Semiconductor"; VariantName = "[No Variations]"
Add component (AddParameter): Name = "Mounting Technology"; Value = "Surface Mount"; VariantName = "[No Variations]"
Add component (AddParameter): Name = "Number of Cores"; Value = "2"; VariantName = "[No Variations]"
Add component (AddParameter): Name = "Operating Frequency"; Value = "1000 MHz Max."; VariantName = "[No Variations]"
Add component (AddParameter): Name = "PackageDescription"; Value = "624-Pin Ball Grid Array, Body 21 x 21 mm, Pitch 0.8 mm"; VariantName = "[No Variations]"
Add component (AddParameter): Name = "Packing"; Value = "Tray"; VariantName = "[No Variations]"
Add component (AddParameter): Name = "PartNumber"; Value = "MCIMX6U5DVM10AC"; VariantName = "[No Variations]"
Add component (AddParameter): Name = "RAM"; Value = "128 KB"; VariantName = "[No Variations]"
Add component (AddParameter): Name = "RoHS"; Value = "TRUE"; VariantName = "[No Variations]"
Add component (AddParameter): Name = "Temperature Range"; Value = "0 to 95 degC"; VariantName = "[No Variations]"
Added Component: Designator=U?(FRES-2240)
Add component (AddParameter): Name = "Cache"; Value = "32 KB"; VariantName = "[No Variations]"
Add component (AddParameter): Name = "ComponentLink1Description"; Value = "Manufacturer URL"; VariantName = "[No Variations]"
Add component (AddParameter): Name = "ComponentLink1URL"; Value = "http://www.freescale.com/"; VariantName = "[No Variations]"
Add component (AddParameter): Name = "ComponentLink2Description"; Value = "Datasheet"; VariantName = "[No Variations]"
Add component (AddParameter): Name = "ComponentLink2URL"; Value = "http://cache.freescale.com/files/32bit/doc/data_sheet/IMX6SDLCEC.pdf"; VariantName = "[No Variations]"
Add component (AddParameter): Name = "ComponentLink3Description"; Value = "Package Specification"; VariantName = "[No Variations]"
Add component (AddParameter): Name = "ComponentLink3URL"; Value = "http://cache.freescale.com/files/32bit/doc/data_sheet/IMX6SDLCEC.pdf"; VariantName = "[No Variations]"
Add component (AddParameter): Name = "DatasheetVersion"; Value = "Rev. 4"; VariantName = "[No Variations]"
Add component (AddParameter): Name = "L2 Cache"; Value = "512 KB Max."; VariantName = "[No Variations]"
Add component (AddParameter): Name = "Manufacturer"; Value = "Freescale Semiconductor"; VariantName = "[No Variations]"
Add component (AddParameter): Name = "Mounting Technology"; Value = "Surface Mount"; VariantName = "[No Variations]"
Add component (AddParameter): Name = "Number of Cores"; Value = "2"; VariantName = "[No Variations]"
Add component (AddParameter): Name = "Operating Frequency"; Value = "1000 MHz Max."; VariantName = "[No Variations]"
Add component (AddParameter): Name = "PackageDescription"; Value = "624-Pin Ball Grid Array, Body 21 x 21 mm, Pitch 0.8 mm"; VariantName = "[No Variations]"
Add component (AddParameter): Name = "Packing"; Value = "Tray"; VariantName = "[No Variations]"
Add component (AddParameter): Name = "PartNumber"; Value = "MCIMX6U5DVM10AC"; VariantName = "[No Variations]"
Add component (AddParameter): Name = "RAM"; Value = "128 KB"; VariantName = "[No Variations]"
Add component (AddParameter): Name = "RoHS"; Value = "TRUE"; VariantName = "[No Variations]"
Add component (AddParameter): Name = "Temperature Range"; Value = "0 to 95 degC"; VariantName = "[No Variations]"
Added Component: Designator=U?(FRES-2240)
Add component (AddParameter): Name = "Cache"; Value = "32 KB"; VariantName = "[No Variations]"
Add component (AddParameter): Name = "ComponentLink1Description"; Value = "Manufacturer URL"; VariantName = "[No Variations]"
Add component (AddParameter): Name = "ComponentLink1URL"; Value = "http://www.freescale.com/"; VariantName = "[No Variations]"
Add component (AddParameter): Name = "ComponentLink2Description"; Value = "Datasheet"; VariantName = "[No Variations]"
Add component (AddParameter): Name = "ComponentLink2URL"; Value = "http://cache.freescale.com/files/32bit/doc/data_sheet/IMX6SDLCEC.pdf"; VariantName = "[No Variations]"
Add component (AddParameter): Name = "ComponentLink3Description"; Value = "Package Specification"; VariantName = "[No Variations]"
Add component (AddParameter): Name = "ComponentLink3URL"; Value = "http://cache.freescale.com/files/32bit/doc/data_sheet/IMX6SDLCEC.pdf"; VariantName = "[No Variations]"
Add component (AddParameter): Name = "DatasheetVersion"; Value = "Rev. 4"; VariantName = "[No Variations]"
Add component (AddParameter): Name = "L2 Cache"; Value = "512 KB Max."; VariantName = "[No Variations]"
Add component (AddParameter): Name = "Manufacturer"; Value = "Freescale Semiconductor"; VariantName = "[No Variations]"
Add component (AddParameter): Name = "Mounting Technology"; Value = "Surface Mount"; VariantName = "[No Variations]"
Add component (AddParameter): Name = "Number of Cores"; Value = "2"; VariantName = "[No Variations]"
Add component (AddParameter): Name = "Operating Frequency"; Value = "1000 MHz Max."; VariantName = "[No Variations]"
Add component (AddParameter): Name = "PackageDescription"; Value = "624-Pin Ball Grid Array, Body 21 x 21 mm, Pitch 0.8 mm"; VariantName = "[No Variations]"
Add component (AddParameter): Name = "Packing"; Value = "Tray"; VariantName = "[No Variations]"
Add component (AddParameter): Name = "PartNumber"; Value = "MCIMX6U5DVM10AC"; VariantName = "[No Variations]"
Add component (AddParameter): Name = "RAM"; Value = "128 KB"; VariantName = "[No Variations]"
Add component (AddParameter): Name = "RoHS"; Value = "TRUE"; VariantName = "[No Variations]"
Add component (AddParameter): Name = "Temperature Range"; Value = "0 to 95 degC"; VariantName = "[No Variations]"
Added Component: Designator=U?(FRES-2240)
Add component (AddParameter): Name = "Cache"; Value = "32 KB"; VariantName = "[No Variations]"
Add component (AddParameter): Name = "ComponentLink1Description"; Value = "Manufacturer URL"; VariantName = "[No Variations]"
Add component (AddParameter): Name = "ComponentLink1URL"; Value = "http://www.freescale.com/"; VariantName = "[No Variations]"
Add component (AddParameter): Name = "ComponentLink2Description"; Value = "Datasheet"; VariantName = "[No Variations]"
Add component (AddParameter): Name = "ComponentLink2URL"; Value = "http://cache.freescale.com/files/32bit/doc/data_sheet/IMX6SDLCEC.pdf"; VariantName = "[No Variations]"
Add component (AddParameter): Name = "ComponentLink3Description"; Value = "Package Specification"; VariantName = "[No Variations]"
Add component (AddParameter): Name = "ComponentLink3URL"; Value = "http://cache.freescale.com/files/32bit/doc/data_sheet/IMX6SDLCEC.pdf"; VariantName = "[No Variations]"
Add component (AddParameter): Name = "DatasheetVersion"; Value = "Rev. 4"; VariantName = "[No Variations]"
Add component (AddParameter): Name = "L2 Cache"; Value = "512 KB Max."; VariantName = "[No Variations]"
Add component (AddParameter): Name = "Manufacturer"; Value = "Freescale Semiconductor"; VariantName = "[No Variations]"
Add component (AddParameter): Name = "Mounting Technology"; Value = "Surface Mount"; VariantName = "[No Variations]"
Add component (AddParameter): Name = "Number of Cores"; Value = "2"; VariantName = "[No Variations]"
Add component (AddParameter): Name = "Operating Frequency"; Value = "1000 MHz Max."; VariantName = "[No Variations]"
Add component (AddParameter): Name = "PackageDescription"; Value = "624-Pin Ball Grid Array, Body 21 x 21 mm, Pitch 0.8 mm"; VariantName = "[No Variations]"
Add component (AddParameter): Name = "Packing"; Value = "Tray"; VariantName = "[No Variations]"
Add component (AddParameter): Name = "PartNumber"; Value = "MCIMX6U5DVM10AC"; VariantName = "[No Variations]"
Add component (AddParameter): Name = "RAM"; Value = "128 KB"; VariantName = "[No Variations]"
Add component (AddParameter): Name = "RoHS"; Value = "TRUE"; VariantName = "[No Variations]"
Add component (AddParameter): Name = "Temperature Range"; Value = "0 to 95 degC"; VariantName = "[No Variations]"
Added Component: Designator=U?(FRES-2240)
Add component (AddParameter): Name = "Cache"; Value = "32 KB"; VariantName = "[No Variations]"
Add component (AddParameter): Name = "ComponentLink1Description"; Value = "Manufacturer URL"; VariantName = "[No Variations]"
Add component (AddParameter): Name = "ComponentLink1URL"; Value = "http://www.freescale.com/"; VariantName = "[No Variations]"
Add component (AddParameter): Name = "ComponentLink2Description"; Value = "Datasheet"; VariantName = "[No Variations]"
Add component (AddParameter): Name = "ComponentLink2URL"; Value = "http://cache.freescale.com/files/32bit/doc/data_sheet/IMX6SDLCEC.pdf"; VariantName = "[No Variations]"
Add component (AddParameter): Name = "ComponentLink3Description"; Value = "Package Specification"; VariantName = "[No Variations]"
Add component (AddParameter): Name = "ComponentLink3URL"; Value = "http://cache.freescale.com/files/32bit/doc/data_sheet/IMX6SDLCEC.pdf"; VariantName = "[No Variations]"
Add component (AddParameter): Name = "DatasheetVersion"; Value = "Rev. 4"; VariantName = "[No Variations]"
Add component (AddParameter): Name = "L2 Cache"; Value = "512 KB Max."; VariantName = "[No Variations]"
Add component (AddParameter): Name = "Manufacturer"; Value = "Freescale Semiconductor"; VariantName = "[No Variations]"
Add component (AddParameter): Name = "Mounting Technology"; Value = "Surface Mount"; VariantName = "[No Variations]"
Add component (AddParameter): Name = "Number of Cores"; Value = "2"; VariantName = "[No Variations]"
Add component (AddParameter): Name = "Operating Frequency"; Value = "1000 MHz Max."; VariantName = "[No Variations]"
Add component (AddParameter): Name = "PackageDescription"; Value = "624-Pin Ball Grid Array, Body 21 x 21 mm, Pitch 0.8 mm"; VariantName = "[No Variations]"
Add component (AddParameter): Name = "Packing"; Value = "Tray"; VariantName = "[No Variations]"
Add component (AddParameter): Name = "PartNumber"; Value = "MCIMX6U5DVM10AC"; VariantName = "[No Variations]"
Add component (AddParameter): Name = "RAM"; Value = "128 KB"; VariantName = "[No Variations]"
Add component (AddParameter): Name = "RoHS"; Value = "TRUE"; VariantName = "[No Variations]"
Add component (AddParameter): Name = "Temperature Range"; Value = "0 to 95 degC"; VariantName = "[No Variations]"
Added Component: Designator=U?(FRES-2240)
Add component (AddParameter): Name = "Cache"; Value = "32 KB"; VariantName = "[No Variations]"
Add component (AddParameter): Name = "ComponentLink1Description"; Value = "Manufacturer URL"; VariantName = "[No Variations]"
Add component (AddParameter): Name = "ComponentLink1URL"; Value = "http://www.freescale.com/"; VariantName = "[No Variations]"
Add component (AddParameter): Name = "ComponentLink2Description"; Value = "Datasheet"; VariantName = "[No Variations]"
Add component (AddParameter): Name = "ComponentLink2URL"; Value = "http://cache.freescale.com/files/32bit/doc/data_sheet/IMX6SDLCEC.pdf"; VariantName = "[No Variations]"
Add component (AddParameter): Name = "ComponentLink3Description"; Value = "Package Specification"; VariantName = "[No Variations]"
Add component (AddParameter): Name = "ComponentLink3URL"; Value = "http://cache.freescale.com/files/32bit/doc/data_sheet/IMX6SDLCEC.pdf"; VariantName = "[No Variations]"
Add component (AddParameter): Name = "DatasheetVersion"; Value = "Rev. 4"; VariantName = "[No Variations]"
Add component (AddParameter): Name = "L2 Cache"; Value = "512 KB Max."; VariantName = "[No Variations]"
Add component (AddParameter): Name = "Manufacturer"; Value = "Freescale Semiconductor"; VariantName = "[No Variations]"
Add component (AddParameter): Name = "Mounting Technology"; Value = "Surface Mount"; VariantName = "[No Variations]"
Add component (AddParameter): Name = "Number of Cores"; Value = "2"; VariantName = "[No Variations]"
Add component (AddParameter): Name = "Operating Frequency"; Value = "1000 MHz Max."; VariantName = "[No Variations]"
Add component (AddParameter): Name = "PackageDescription"; Value = "624-Pin Ball Grid Array, Body 21 x 21 mm, Pitch 0.8 mm"; VariantName = "[No Variations]"
Add component (AddParameter): Name = "Packing"; Value = "Tray"; VariantName = "[No Variations]"
Add component (AddParameter): Name = "PartNumber"; Value = "MCIMX6U5DVM10AC"; VariantName = "[No Variations]"
Add component (AddParameter): Name = "RAM"; Value = "128 KB"; VariantName = "[No Variations]"
Add component (AddParameter): Name = "RoHS"; Value = "TRUE"; VariantName = "[No Variations]"
Add component (AddParameter): Name = "Temperature Range"; Value = "0 to 95 degC"; VariantName = "[No Variations]"
Added Component: Designator=U?(FRES-2240)
Add component (AddParameter): Name = "Cache"; Value = "32 KB"; VariantName = "[No Variations]"
Add component (AddParameter): Name = "ComponentLink1Description"; Value = "Manufacturer URL"; VariantName = "[No Variations]"
Add component (AddParameter): Name = "ComponentLink1URL"; Value = "http://www.freescale.com/"; VariantName = "[No Variations]"
Add component (AddParameter): Name = "ComponentLink2Description"; Value = "Datasheet"; VariantName = "[No Variations]"
Add component (AddParameter): Name = "ComponentLink2URL"; Value = "http://cache.freescale.com/files/32bit/doc/data_sheet/IMX6SDLCEC.pdf"; VariantName = "[No Variations]"
Add component (AddParameter): Name = "ComponentLink3Description"; Value = "Package Specification"; VariantName = "[No Variations]"
Add component (AddParameter): Name = "ComponentLink3URL"; Value = "http://cache.freescale.com/files/32bit/doc/data_sheet/IMX6SDLCEC.pdf"; VariantName = "[No Variations]"
Add component (AddParameter): Name = "DatasheetVersion"; Value = "Rev. 4"; VariantName = "[No Variations]"
Add component (AddParameter): Name = "L2 Cache"; Value = "512 KB Max."; VariantName = "[No Variations]"
Add component (AddParameter): Name = "Manufacturer"; Value = "Freescale Semiconductor"; VariantName = "[No Variations]"
Add component (AddParameter): Name = "Mounting Technology"; Value = "Surface Mount"; VariantName = "[No Variations]"
Add component (AddParameter): Name = "Number of Cores"; Value = "2"; VariantName = "[No Variations]"
Add component (AddParameter): Name = "Operating Frequency"; Value = "1000 MHz Max."; VariantName = "[No Variations]"
Add component (AddParameter): Name = "PackageDescription"; Value = "624-Pin Ball Grid Array, Body 21 x 21 mm, Pitch 0.8 mm"; VariantName = "[No Variations]"
Add component (AddParameter): Name = "Packing"; Value = "Tray"; VariantName = "[No Variations]"
Add component (AddParameter): Name = "PartNumber"; Value = "MCIMX6U5DVM10AC"; VariantName = "[No Variations]"
Add component (AddParameter): Name = "RAM"; Value = "128 KB"; VariantName = "[No Variations]"
Add component (AddParameter): Name = "RoHS"; Value = "TRUE"; VariantName = "[No Variations]"
Add component (AddParameter): Name = "Temperature Range"; Value = "0 to 95 degC"; VariantName = "[No Variations]"
Added Component: Designator=U?(FRES-2240)
Add component (AddParameter): Name = "Cache"; Value = "32 KB"; VariantName = "[No Variations]"
Add component (AddParameter): Name = "ComponentLink1Description"; Value = "Manufacturer URL"; VariantName = "[No Variations]"
Add component (AddParameter): Name = "ComponentLink1URL"; Value = "http://www.freescale.com/"; VariantName = "[No Variations]"
Add component (AddParameter): Name = "ComponentLink2Description"; Value = "Datasheet"; VariantName = "[No Variations]"
Add component (AddParameter): Name = "ComponentLink2URL"; Value = "http://cache.freescale.com/files/32bit/doc/data_sheet/IMX6SDLCEC.pdf"; VariantName = "[No Variations]"
Add component (AddParameter): Name = "ComponentLink3Description"; Value = "Package Specification"; VariantName = "[No Variations]"
Add component (AddParameter): Name = "ComponentLink3URL"; Value = "http://cache.freescale.com/files/32bit/doc/data_sheet/IMX6SDLCEC.pdf"; VariantName = "[No Variations]"
Add component (AddParameter): Name = "DatasheetVersion"; Value = "Rev. 4"; VariantName = "[No Variations]"
Add component (AddParameter): Name = "L2 Cache"; Value = "512 KB Max."; VariantName = "[No Variations]"
Add component (AddParameter): Name = "Manufacturer"; Value = "Freescale Semiconductor"; VariantName = "[No Variations]"
Add component (AddParameter): Name = "Mounting Technology"; Value = "Surface Mount"; VariantName = "[No Variations]"
Add component (AddParameter): Name = "Number of Cores"; Value = "2"; VariantName = "[No Variations]"
Add component (AddParameter): Name = "Operating Frequency"; Value = "1000 MHz Max."; VariantName = "[No Variations]"
Add component (AddParameter): Name = "PackageDescription"; Value = "624-Pin Ball Grid Array, Body 21 x 21 mm, Pitch 0.8 mm"; VariantName = "[No Variations]"
Add component (AddParameter): Name = "Packing"; Value = "Tray"; VariantName = "[No Variations]"
Add component (AddParameter): Name = "PartNumber"; Value = "MCIMX6U5DVM10AC"; VariantName = "[No Variations]"
Add component (AddParameter): Name = "RAM"; Value = "128 KB"; VariantName = "[No Variations]"
Add component (AddParameter): Name = "RoHS"; Value = "TRUE"; VariantName = "[No Variations]"
Add component (AddParameter): Name = "Temperature Range"; Value = "0 to 95 degC"; VariantName = "[No Variations]"
Added Component: Designator=U?(FRES-2240)
Add component (AddParameter): Name = "Cache"; Value = "32 KB"; VariantName = "[No Variations]"
Add component (AddParameter): Name = "ComponentLink1Description"; Value = "Manufacturer URL"; VariantName = "[No Variations]"
Add component (AddParameter): Name = "ComponentLink1URL"; Value = "http://www.freescale.com/"; VariantName = "[No Variations]"
Add component (AddParameter): Name = "ComponentLink2Description"; Value = "Datasheet"; VariantName = "[No Variations]"
Add component (AddParameter): Name = "ComponentLink2URL"; Value = "http://cache.freescale.com/files/32bit/doc/data_sheet/IMX6SDLCEC.pdf"; VariantName = "[No Variations]"
Add component (AddParameter): Name = "ComponentLink3Description"; Value = "Package Specification"; VariantName = "[No Variations]"
Add component (AddParameter): Name = "ComponentLink3URL"; Value = "http://cache.freescale.com/files/32bit/doc/data_sheet/IMX6SDLCEC.pdf"; VariantName = "[No Variations]"
Add component (AddParameter): Name = "DatasheetVersion"; Value = "Rev. 4"; VariantName = "[No Variations]"
Add component (AddParameter): Name = "L2 Cache"; Value = "512 KB Max."; VariantName = "[No Variations]"
Add component (AddParameter): Name = "Manufacturer"; Value = "Freescale Semiconductor"; VariantName = "[No Variations]"
Add component (AddParameter): Name = "Mounting Technology"; Value = "Surface Mount"; VariantName = "[No Variations]"
Add component (AddParameter): Name = "Number of Cores"; Value = "2"; VariantName = "[No Variations]"
Add component (AddParameter): Name = "Operating Frequency"; Value = "1000 MHz Max."; VariantName = "[No Variations]"
Add component (AddParameter): Name = "PackageDescription"; Value = "624-Pin Ball Grid Array, Body 21 x 21 mm, Pitch 0.8 mm"; VariantName = "[No Variations]"
Add component (AddParameter): Name = "Packing"; Value = "Tray"; VariantName = "[No Variations]"
Add component (AddParameter): Name = "PartNumber"; Value = "MCIMX6U5DVM10AC"; VariantName = "[No Variations]"
Add component (AddParameter): Name = "RAM"; Value = "128 KB"; VariantName = "[No Variations]"
Add component (AddParameter): Name = "RoHS"; Value = "TRUE"; VariantName = "[No Variations]"
Add component (AddParameter): Name = "Temperature Range"; Value = "0 to 95 degC"; VariantName = "[No Variations]"
Added Component: Designator=U?(FRES-2240)
Add component (AddParameter): Name = "Cache"; Value = "32 KB"; VariantName = "[No Variations]"
Add component (AddParameter): Name = "ComponentLink1Description"; Value = "Manufacturer URL"; VariantName = "[No Variations]"
Add component (AddParameter): Name = "ComponentLink1URL"; Value = "http://www.freescale.com/"; VariantName = "[No Variations]"
Add component (AddParameter): Name = "ComponentLink2Description"; Value = "Datasheet"; VariantName = "[No Variations]"
Add component (AddParameter): Name = "ComponentLink2URL"; Value = "http://cache.freescale.com/files/32bit/doc/data_sheet/IMX6SDLCEC.pdf"; VariantName = "[No Variations]"
Add component (AddParameter): Name = "ComponentLink3Description"; Value = "Package Specification"; VariantName = "[No Variations]"
Add component (AddParameter): Name = "ComponentLink3URL"; Value = "http://cache.freescale.com/files/32bit/doc/data_sheet/IMX6SDLCEC.pdf"; VariantName = "[No Variations]"
Add component (AddParameter): Name = "DatasheetVersion"; Value = "Rev. 4"; VariantName = "[No Variations]"
Add component (AddParameter): Name = "L2 Cache"; Value = "512 KB Max."; VariantName = "[No Variations]"
Add component (AddParameter): Name = "Manufacturer"; Value = "Freescale Semiconductor"; VariantName = "[No Variations]"
Add component (AddParameter): Name = "Mounting Technology"; Value = "Surface Mount"; VariantName = "[No Variations]"
Add component (AddParameter): Name = "Number of Cores"; Value = "2"; VariantName = "[No Variations]"
Add component (AddParameter): Name = "Operating Frequency"; Value = "1000 MHz Max."; VariantName = "[No Variations]"
Add component (AddParameter): Name = "PackageDescription"; Value = "624-Pin Ball Grid Array, Body 21 x 21 mm, Pitch 0.8 mm"; VariantName = "[No Variations]"
Add component (AddParameter): Name = "Packing"; Value = "Tray"; VariantName = "[No Variations]"
Add component (AddParameter): Name = "PartNumber"; Value = "MCIMX6U5DVM10AC"; VariantName = "[No Variations]"
Add component (AddParameter): Name = "RAM"; Value = "128 KB"; VariantName = "[No Variations]"
Add component (AddParameter): Name = "RoHS"; Value = "TRUE"; VariantName = "[No Variations]"
Add component (AddParameter): Name = "Temperature Range"; Value = "0 to 95 degC"; VariantName = "[No Variations]"
Added Component: Designator=U?(FRES-2240)
Add component (AddParameter): Name = "Cache"; Value = "32 KB"; VariantName = "[No Variations]"
Add component (AddParameter): Name = "ComponentLink1Description"; Value = "Manufacturer URL"; VariantName = "[No Variations]"
Add component (AddParameter): Name = "ComponentLink1URL"; Value = "http://www.freescale.com/"; VariantName = "[No Variations]"
Add component (AddParameter): Name = "ComponentLink2Description"; Value = "Datasheet"; VariantName = "[No Variations]"
Add component (AddParameter): Name = "ComponentLink2URL"; Value = "http://cache.freescale.com/files/32bit/doc/data_sheet/IMX6SDLCEC.pdf"; VariantName = "[No Variations]"
Add component (AddParameter): Name = "ComponentLink3Description"; Value = "Package Specification"; VariantName = "[No Variations]"
Add component (AddParameter): Name = "ComponentLink3URL"; Value = "http://cache.freescale.com/files/32bit/doc/data_sheet/IMX6SDLCEC.pdf"; VariantName = "[No Variations]"
Add component (AddParameter): Name = "DatasheetVersion"; Value = "Rev. 4"; VariantName = "[No Variations]"
Add component (AddParameter): Name = "L2 Cache"; Value = "512 KB Max."; VariantName = "[No Variations]"
Add component (AddParameter): Name = "Manufacturer"; Value = "Freescale Semiconductor"; VariantName = "[No Variations]"
Add component (AddParameter): Name = "Mounting Technology"; Value = "Surface Mount"; VariantName = "[No Variations]"
Add component (AddParameter): Name = "Number of Cores"; Value = "2"; VariantName = "[No Variations]"
Add component (AddParameter): Name = "Operating Frequency"; Value = "1000 MHz Max."; VariantName = "[No Variations]"
Add component (AddParameter): Name = "PackageDescription"; Value = "624-Pin Ball Grid Array, Body 21 x 21 mm, Pitch 0.8 mm"; VariantName = "[No Variations]"
Add component (AddParameter): Name = "Packing"; Value = "Tray"; VariantName = "[No Variations]"
Add component (AddParameter): Name = "PartNumber"; Value = "MCIMX6U5DVM10AC"; VariantName = "[No Variations]"
Add component (AddParameter): Name = "RAM"; Value = "128 KB"; VariantName = "[No Variations]"
Add component (AddParameter): Name = "RoHS"; Value = "TRUE"; VariantName = "[No Variations]"
Add component (AddParameter): Name = "Temperature Range"; Value = "0 to 95 degC"; VariantName = "[No Variations]"
Added Component: Designator=U?(FRES-2240)
Add component (AddParameter): Name = "Cache"; Value = "32 KB"; VariantName = "[No Variations]"
Add component (AddParameter): Name = "ComponentLink1Description"; Value = "Manufacturer URL"; VariantName = "[No Variations]"
Add component (AddParameter): Name = "ComponentLink1URL"; Value = "http://www.freescale.com/"; VariantName = "[No Variations]"
Add component (AddParameter): Name = "ComponentLink2Description"; Value = "Datasheet"; VariantName = "[No Variations]"
Add component (AddParameter): Name = "ComponentLink2URL"; Value = "http://cache.freescale.com/files/32bit/doc/data_sheet/IMX6SDLCEC.pdf"; VariantName = "[No Variations]"
Add component (AddParameter): Name = "ComponentLink3Description"; Value = "Package Specification"; VariantName = "[No Variations]"
Add component (AddParameter): Name = "ComponentLink3URL"; Value = "http://cache.freescale.com/files/32bit/doc/data_sheet/IMX6SDLCEC.pdf"; VariantName = "[No Variations]"
Add component (AddParameter): Name = "DatasheetVersion"; Value = "Rev. 4"; VariantName = "[No Variations]"
Add component (AddParameter): Name = "L2 Cache"; Value = "512 KB Max."; VariantName = "[No Variations]"
Add component (AddParameter): Name = "Manufacturer"; Value = "Freescale Semiconductor"; VariantName = "[No Variations]"
Add component (AddParameter): Name = "Mounting Technology"; Value = "Surface Mount"; VariantName = "[No Variations]"
Add component (AddParameter): Name = "Number of Cores"; Value = "2"; VariantName = "[No Variations]"
Add component (AddParameter): Name = "Operating Frequency"; Value = "1000 MHz Max."; VariantName = "[No Variations]"
Add component (AddParameter): Name = "PackageDescription"; Value = "624-Pin Ball Grid Array, Body 21 x 21 mm, Pitch 0.8 mm"; VariantName = "[No Variations]"
Add component (AddParameter): Name = "Packing"; Value = "Tray"; VariantName = "[No Variations]"
Add component (AddParameter): Name = "PartNumber"; Value = "MCIMX6U5DVM10AC"; VariantName = "[No Variations]"
Add component (AddParameter): Name = "RAM"; Value = "128 KB"; VariantName = "[No Variations]"
Add component (AddParameter): Name = "RoHS"; Value = "TRUE"; VariantName = "[No Variations]"
Add component (AddParameter): Name = "Temperature Range"; Value = "0 to 95 degC"; VariantName = "[No Variations]"
Add Component: Footprint Not Found DFN160P250X80-4N
Add Component: Footprint Not Found PCB-56e43dtnb7esksvnne1a-1
Added Net: Name=1V8
Added Net: Name=2V8
Added Net: Name=Antenna_Point1
Added Net: Name=Antenna
Added Net: Name=AntOff
Added Net: Name=Batterie +
Added Net: Name=CLK
Added Net: Name=Coil Point 1
Added Net: Name=CS_Display
Added Net: Name=CS_Flash
Added Net: Name=CS_SRAM
Added Net: Name=D+
Added Net: Name=D-
Added Net: Name=DIO
Added Net: Name=DO
Added Net: Name=DTR
Added Net: Name=ECG-Out
Added Net: Name=EN
Added Net: Name=FMARK
Added Net: Name=GND
Added Net: Name=Hold
Added Net: Name=In1
Added Net: Name=In2
Added Net: Name=IO0
Added Net: Name=M-
Added Net: Name=Miso
Added Net: Name=Mosi
Added Net: Name=motion_int
Added Net: Name=Net*_1
Added Net: Name=Net*_2
Added Net: Name=Net*_5
Added Net: Name=Net*_11
Added Net: Name=NetC1_1
Added Net: Name=NetC1_2
Added Net: Name=NetC7_1
Added Net: Name=NetC8_1
Added Net: Name=NetC8_2
Added Net: Name=NetC11_2
Added Net: Name=NetC12_2
Added Net: Name=NetC17_2
Added Net: Name=NetC18_2
Added Net: Name=NetC23_2
Added Net: Name=NetC24_1
Added Net: Name=NetC24_2
Added Net: Name=NetC27_2
Added Net: Name=NetC30_1
Added Net: Name=NetC30_2
Added Net: Name=NetC32_1
Added Net: Name=NetC32_2
Added Net: Name=NetC34_1
Added Net: Name=NetC35_1
Added Net: Name=NetC36_2
Added Net: Name=NetC38_1
Added Net: Name=NetC38_2
Added Net: Name=NetC39_1
Added Net: Name=NetC39_2
Added Net: Name=NetC40_1
Added Net: Name=NetC43_1
Added Net: Name=NetC44_1
Added Net: Name=NetC46_1
Added Net: Name=NetC48_2
Added Net: Name=NetC51_1
Added Net: Name=NetC51_2
Added Net: Name=NetD+_A
Added Net: Name=NetD-_A
Added Net: Name=NetECG_+IN
Added Net: Name=NetECG_-IN
Added Net: Name=NetL1_1
Added Net: Name=NetL2_1
Added Net: Name=NetL3_1
Added Net: Name=NetL4_2
Added Net: Name=NetP1_2
Added Net: Name=NetP2_1
Added Net: Name=NetP3_2
Added Net: Name=NetQ1_2
Added Net: Name=NetQ1_5
Added Net: Name=NetR2_1
Added Net: Name=NetR3_1
Added Net: Name=NetR6_1
Added Net: Name=NetR9_2
Added Net: Name=NetR10_1
Added Net: Name=NetR11_1
Added Net: Name=NetRF_3
Added Net: Name=NFC_Poin1
Added Net: Name=NFC_Point2
Added Net: Name=NSS
Added Net: Name=OPAMP+
Added Net: Name=Point1
Added Net: Name=Point2
Added Net: Name=Pot+
Added Net: Name=PotD
Added Net: Name=Power_1
Added Net: Name=Power_2
Added Net: Name=Reset_1
Added Net: Name=Reset_2
Added Net: Name=RF_In
Added Net: Name=RTS
Added Net: Name=RXD
Added Net: Name=SCL
Added Net: Name=SDA
Added Net: Name=SDI
Added Net: Name=Sensor_Inter
Added Net: Name=TXD
Added Net: Name=Vcc_Rf
Added Net: Name=Vib
Added Net: Name=WP
Added Net: Name=XTAL_N
Added Net: Name=XTAL_P
Added Class: Name=Prototype1
Added Class: Name=Prototype2
Added Room: Name=Prototype1
Added Room: Name=Prototype2
